2021-02-12 13:55:39,389 INFO o.a.j.u.JMeterUtils: Setting Locale to en_EN
2021-02-12 13:55:39,409 INFO o.a.j.JMeter: Loading user properties from: D:\Installed\apache-jmeter-5.3\bin\user.properties
2021-02-12 13:55:39,409 INFO o.a.j.JMeter: Loading system properties from: D:\Installed\apache-jmeter-5.3\bin\system.properties
2021-02-12 13:55:39,410 INFO o.a.j.JMeter: Setting JMeter property: sample_variables=trxTimeStamp
2021-02-12 13:55:39,410 INFO o.a.j.JMeter: Setting JMeter property: loadGenNumber=1
2021-02-12 13:55:39,410 INFO o.a.j.JMeter: Setting JMeter property: duration=300
2021-02-12 13:55:39,410 INFO o.a.j.JMeter: Setting JMeter property: jmeter.reportgenerator.overall_granularity=60000
2021-02-12 13:55:39,411 INFO o.a.j.JMeter: Copyright (c) 1998-2020 The Apache Software Foundation
2021-02-12 13:55:39,420 INFO o.a.j.JMeter: Version 5.3
2021-02-12 13:55:39,420 INFO o.a.j.JMeter: java.version=11.0.6
2021-02-12 13:55:39,420 INFO o.a.j.JMeter: java.vm.name=Java HotSpot(TM) 64-Bit Server VM
2021-02-12 13:55:39,420 INFO o.a.j.JMeter: os.name=Windows 10
2021-02-12 13:55:39,420 INFO o.a.j.JMeter: os.arch=amd64
2021-02-12 13:55:39,420 INFO o.a.j.JMeter: os.version=10.0
2021-02-12 13:55:39,420 INFO o.a.j.JMeter: file.encoding=Cp1252
2021-02-12 13:55:39,420 INFO o.a.j.JMeter: java.awt.headless=true
2021-02-12 13:55:39,420 INFO o.a.j.JMeter: Max memory     =1073741824
2021-02-12 13:55:39,420 INFO o.a.j.JMeter: Available Processors =8
2021-02-12 13:55:39,430 INFO o.a.j.JMeter: Default Locale=English (EN)
2021-02-12 13:55:39,430 INFO o.a.j.JMeter: JMeter  Locale=English (EN)
2021-02-12 13:55:39,430 INFO o.a.j.JMeter: JMeterHome=D:\Installed\apache-jmeter-5.3
2021-02-12 13:55:39,430 INFO o.a.j.JMeter: user.dir  =D:\Projects\Solactive_RealTime_RestController\Jmeter_Performance
2021-02-12 13:55:39,430 INFO o.a.j.JMeter: PWD       =D:\Projects\Solactive_RealTime_RestController\Jmeter_Performance
2021-02-12 13:55:39,433 INFO o.a.j.JMeter: IP: 169.254.151.137 Name: DESKTOP-VPGUUNH FullName: DESKTOP-VPGUUNH
2021-02-12 13:55:39,436 INFO o.a.j.JMeter: Setting property 'jmeter.reportgenerator.outputdir' to:'D:\Projects\Solactive_RealTime_RestController\Jmeter_Performance\executions\D1\DESKTOP-VPGUUNH\20210212_135538\Report'
2021-02-12 13:55:39,438 INFO o.a.j.s.FileServer: Default base='D:\Projects\Solactive_RealTime_RestController\Jmeter_Performance'
2021-02-12 13:55:39,439 INFO o.a.j.s.FileServer: Set new base='D:\Projects\Solactive_RealTime_RestController\Jmeter_Performance'
2021-02-12 13:55:39,563 INFO o.a.j.s.SaveService: Testplan (JMX) version: 2.2. Testlog (JTL) version: 2.2
2021-02-12 13:55:39,585 INFO o.a.j.s.SaveService: Using SaveService properties version 5.0
2021-02-12 13:55:39,589 INFO o.a.j.s.SaveService: Using SaveService properties file encoding UTF-8
2021-02-12 13:55:39,592 INFO o.a.j.s.SaveService: Loading file: D:\Projects\Solactive_RealTime_RestController\Jmeter_Performance\Solactive_Pattern_RestController.jmx
2021-02-12 13:55:39,637 INFO o.a.j.p.h.c.CookieManager: Settings: Delete null: true Check: true Allow variable: true Save: false Prefix: COOKIE_
2021-02-12 13:55:39,684 INFO o.a.j.p.h.s.HTTPSamplerBase: Parser for text/html is org.apache.jmeter.protocol.http.parser.LagartoBasedHtmlParser
2021-02-12 13:55:39,684 INFO o.a.j.p.h.s.HTTPSamplerBase: Parser for application/xhtml+xml is org.apache.jmeter.protocol.http.parser.LagartoBasedHtmlParser
2021-02-12 13:55:39,684 INFO o.a.j.p.h.s.HTTPSamplerBase: Parser for application/xml is org.apache.jmeter.protocol.http.parser.LagartoBasedHtmlParser
2021-02-12 13:55:39,684 INFO o.a.j.p.h.s.HTTPSamplerBase: Parser for text/xml is org.apache.jmeter.protocol.http.parser.LagartoBasedHtmlParser
2021-02-12 13:55:39,684 INFO o.a.j.p.h.s.HTTPSamplerBase: Parser for text/vnd.wap.wml is org.apache.jmeter.protocol.http.parser.RegexpHTMLParser
2021-02-12 13:55:39,684 INFO o.a.j.p.h.s.HTTPSamplerBase: Parser for text/css is org.apache.jmeter.protocol.http.parser.CssParser
2021-02-12 13:55:39,720 INFO o.a.j.JMeter: Creating summariser <summary>
2021-02-12 13:55:39,725 INFO o.a.j.r.d.ReportGenerator: ReportGenerator will use for Parsing the separator: ','
2021-02-12 13:55:39,725 INFO o.a.j.r.d.ReportGenerator: Will generate report at end of test from  results file: D:\Projects\Solactive_RealTime_RestController\Jmeter_Performance\executions\D1\DESKTOP-VPGUUNH\20210212_135538\log.jtl
2021-02-12 13:55:39,725 INFO o.a.j.r.d.ReportGenerator: Reading report generator properties from: D:\Installed\apache-jmeter-5.3\bin\reportgenerator.properties
2021-02-12 13:55:39,725 INFO o.a.j.r.d.ReportGenerator: Merging with JMeter properties
2021-02-12 13:55:39,731 INFO o.a.j.r.c.ReportGeneratorConfiguration: Property 'jmeter.reportgenerator.temp_dir' not found, using default value 'temp' instead.
2021-02-12 13:55:39,735 INFO o.a.j.r.c.ReportGeneratorConfiguration: Property 'jmeter.reportgenerator.apdex_per_transaction' not found, using default value 'null' instead.
2021-02-12 13:55:39,735 INFO o.a.j.r.c.ReportGeneratorConfiguration: apdex_per_transaction is empty, not APDEX per transaction customization
2021-02-12 13:55:39,735 INFO o.a.j.r.c.ReportGeneratorConfiguration: Property 'jmeter.reportgenerator.sample_filter' not found, using default value 'null' instead.
2021-02-12 13:55:39,735 INFO o.a.j.r.c.ReportGeneratorConfiguration: Property 'jmeter.reportgenerator.report_title' not found, using default value 'null' instead.
2021-02-12 13:55:39,735 INFO o.a.j.r.c.ReportGeneratorConfiguration: Property 'jmeter.reportgenerator.start_date' not found, using default value 'null' instead.
2021-02-12 13:55:39,735 INFO o.a.j.r.c.ReportGeneratorConfiguration: Property 'jmeter.reportgenerator.end_date' not found, using default value 'null' instead.
2021-02-12 13:55:39,735 INFO o.a.j.r.c.ReportGeneratorConfiguration: Property 'jmeter.reportgenerator.date_format' not found, using default value 'null' instead.
2021-02-12 13:55:39,736 INFO o.a.j.r.c.ReportGeneratorConfiguration: Will use date range start date: null, end date: null
2021-02-12 13:55:39,739 INFO o.a.j.r.c.ReportGeneratorConfiguration: Property 'jmeter.reportgenerator.graph.totalTPS.exclude_controllers' not found, using default value 'false' instead.
2021-02-12 13:55:39,739 INFO o.a.j.r.c.ReportGeneratorConfiguration: Property 'jmeter.reportgenerator.graph.activeThreadsOverTime.exclude_controllers' not found, using default value 'false' instead.
2021-02-12 13:55:39,739 INFO o.a.j.r.c.ReportGeneratorConfiguration: Property 'jmeter.reportgenerator.graph.timeVsThreads.exclude_controllers' not found, using default value 'false' instead.
2021-02-12 13:55:39,739 INFO o.a.j.r.c.ReportGeneratorConfiguration: Property 'jmeter.reportgenerator.graph.responseTimeDistribution.exclude_controllers' not found, using default value 'false' instead.
2021-02-12 13:55:39,739 INFO o.a.j.r.c.ReportGeneratorConfiguration: Property 'jmeter.reportgenerator.graph.transactionsPerSecond.exclude_controllers' not found, using default value 'false' instead.
2021-02-12 13:55:39,739 INFO o.a.j.r.c.ReportGeneratorConfiguration: Property 'jmeter.reportgenerator.graph.responseTimePercentiles.exclude_controllers' not found, using default value 'false' instead.
2021-02-12 13:55:39,740 INFO o.a.j.r.c.ReportGeneratorConfiguration: Property 'jmeter.reportgenerator.graph.responseTimePercentilesOverTime.exclude_controllers' not found, using default value 'false' instead.
2021-02-12 13:55:39,740 INFO o.a.j.r.c.ReportGeneratorConfiguration: Property 'jmeter.reportgenerator.graph.responseTimesOverTime.exclude_controllers' not found, using default value 'false' instead.
2021-02-12 13:55:39,740 INFO o.a.j.r.c.ReportGeneratorConfiguration: Property 'jmeter.reportgenerator.graph.connectTimeOverTime.exclude_controllers' not found, using default value 'false' instead.
2021-02-12 13:55:39,740 INFO o.a.j.r.c.ReportGeneratorConfiguration: Property 'jmeter.reportgenerator.graph.latenciesOverTime.exclude_controllers' not found, using default value 'false' instead.
2021-02-12 13:55:39,741 INFO o.a.j.r.c.ReportGeneratorConfiguration: Property 'jmeter.reportgenerator.exporter.json.filters_only_sample_series' not found, using default value 'true' instead.
2021-02-12 13:55:39,741 INFO o.a.j.r.c.ReportGeneratorConfiguration: Property 'jmeter.reportgenerator.exporter.json.series_filter' not found, using default value '' instead.
2021-02-12 13:55:39,741 INFO o.a.j.r.c.ReportGeneratorConfiguration: Property 'jmeter.reportgenerator.exporter.json.show_controllers_only' not found, using default value 'false' instead.
2021-02-12 13:55:39,742 INFO o.a.j.r.c.ReportGeneratorConfiguration: Property 'jmeter.reportgenerator.exporter.html.filters_only_sample_series' not found, using default value 'true' instead.
2021-02-12 13:55:39,742 INFO o.a.j.r.c.ReportGeneratorConfiguration: Property 'jmeter.reportgenerator.exporter.html.series_filter' not found, using default value '' instead.
2021-02-12 13:55:39,742 INFO o.a.j.r.c.ReportGeneratorConfiguration: Property 'jmeter.reportgenerator.exporter.html.show_controllers_only' not found, using default value 'false' instead.
2021-02-12 13:55:39,746 INFO o.a.j.e.StandardJMeterEngine: Running the test!
2021-02-12 13:55:39,747 INFO o.a.j.s.SampleEvent: List of sample_variables: [trxTimeStamp]
2021-02-12 13:55:39,747 INFO o.a.j.s.SampleEvent: List of sample_variables: [trxTimeStamp]
2021-02-12 13:55:39,757 INFO o.a.j.e.u.CompoundVariable: Note: Function class names must contain the string: '.functions.'
2021-02-12 13:55:39,757 INFO o.a.j.e.u.CompoundVariable: Note: Function class names must not contain the string: '.gui.'
2021-02-12 13:55:40,236 INFO o.a.j.r.ResultCollector: Folder at D:\Projects\Solactive_RealTime_RestController\Jmeter_Performance\log\D1\DESKTOP-VPGUUNH\20210212_135540 was created
2021-02-12 13:55:41,463 INFO o.a.j.JMeter: Running test (1613134541463)
2021-02-12 13:55:41,497 INFO o.a.j.e.StandardJMeterEngine: Starting ThreadGroup: 1 : Thread Group - Ticks
2021-02-12 13:55:41,498 INFO o.a.j.e.StandardJMeterEngine: Starting 25 threads for group Thread Group - Ticks.
2021-02-12 13:55:41,498 INFO o.a.j.e.StandardJMeterEngine: Thread will continue on error
2021-02-12 13:55:41,498 INFO o.a.j.t.ThreadGroup: Starting thread group... number=1 threads=25 ramp-up=30 delayedStart=false
2021-02-12 13:55:41,565 INFO o.a.j.t.JMeterThread: Thread started: Thread Group - Ticks 1-1
2021-02-12 13:55:41,572 INFO o.a.j.t.ThreadGroup: Started thread group number 1
2021-02-12 13:55:41,572 INFO o.a.j.e.StandardJMeterEngine: Starting ThreadGroup: 2 : Thread Group - Statistics
2021-02-12 13:55:41,573 INFO o.a.j.e.StandardJMeterEngine: Starting 25 threads for group Thread Group - Statistics.
2021-02-12 13:55:41,573 INFO o.a.j.e.StandardJMeterEngine: Thread will continue on error
2021-02-12 13:55:41,573 INFO o.a.j.t.ThreadGroup: Starting thread group... number=2 threads=25 ramp-up=30 delayedStart=false
2021-02-12 13:55:41,573 INFO o.a.j.s.FileServer: Stored: D:\Projects\Solactive_RealTime_RestController\Jmeter_Performance\\data\Instruments-for-Tests-LowLoad.csv Alias: D:\Projects\Solactive_RealTime_RestController\Jmeter_Performance\\data\Instruments-for-Tests-LowLoad.csv@1061050901
2021-02-12 13:55:41,577 INFO o.a.j.t.JMeterThread: Thread started: Thread Group - Statistics 2-1
2021-02-12 13:55:41,604 INFO o.a.j.t.ThreadGroup: Started thread group number 2
2021-02-12 13:55:41,604 INFO o.a.j.e.StandardJMeterEngine: Starting ThreadGroup: 3 : Thread Group - Statistics Instruments
2021-02-12 13:55:41,604 INFO o.a.j.e.StandardJMeterEngine: Starting 25 threads for group Thread Group - Statistics Instruments.
2021-02-12 13:55:41,604 INFO o.a.j.e.StandardJMeterEngine: Thread will continue on error
2021-02-12 13:55:41,605 INFO o.a.j.t.ThreadGroup: Starting thread group... number=3 threads=25 ramp-up=30 delayedStart=false
2021-02-12 13:55:41,606 INFO o.a.j.t.JMeterThread: Thread started: Thread Group - Statistics Instruments 3-1
2021-02-12 13:55:41,608 INFO o.a.j.s.FileServer: Stored: D:\Projects\Solactive_RealTime_RestController\Jmeter_Performance\\data\Instruments-for-Tests-LowLoad.csv Alias: D:\Projects\Solactive_RealTime_RestController\Jmeter_Performance\\data\Instruments-for-Tests-LowLoad.csv@1830039277
2021-02-12 13:55:41,624 INFO o.a.j.t.ThreadGroup: Started thread group number 3
2021-02-12 13:55:41,624 INFO o.a.j.e.StandardJMeterEngine: All thread groups have been started
2021-02-12 13:55:41,625 INFO o.a.j.p.h.s.HTTPHCAbstractImpl: Local host = DESKTOP-VPGUUNH
2021-02-12 13:55:41,636 INFO o.a.j.p.h.s.HTTPHC4Impl: HTTP request retry count = 0
2021-02-12 13:55:41,638 INFO o.a.j.s.SampleResult: Note: Sample TimeStamps are START times
2021-02-12 13:55:41,638 INFO o.a.j.s.SampleResult: sampleresult.default.encoding is set to ISO-8859-1
2021-02-12 13:55:41,638 INFO o.a.j.s.SampleResult: sampleresult.useNanoTime=true
2021-02-12 13:55:41,638 INFO o.a.j.s.SampleResult: sampleresult.nanoThreadSleep=5000
2021-02-12 13:55:42,754 INFO o.a.j.t.JMeterThread: Thread started: Thread Group - Ticks 1-2
2021-02-12 13:55:42,754 INFO o.a.j.s.FileServer: Stored: D:\Projects\Solactive_RealTime_RestController\Jmeter_Performance\\data\Instruments-for-Tests-LowLoad.csv Alias: D:\Projects\Solactive_RealTime_RestController\Jmeter_Performance\\data\Instruments-for-Tests-LowLoad.csv@187432416
2021-02-12 13:55:42,777 INFO o.a.j.t.JMeterThread: Thread started: Thread Group - Statistics 2-2
2021-02-12 13:55:42,812 INFO o.a.j.t.JMeterThread: Thread started: Thread Group - Statistics Instruments 3-2
2021-02-12 13:55:42,813 INFO o.a.j.s.FileServer: Stored: D:\Projects\Solactive_RealTime_RestController\Jmeter_Performance\\data\Instruments-for-Tests-LowLoad.csv Alias: D:\Projects\Solactive_RealTime_RestController\Jmeter_Performance\\data\Instruments-for-Tests-LowLoad.csv@434487883
2021-02-12 13:55:43,952 INFO o.a.j.t.JMeterThread: Thread started: Thread Group - Ticks 1-3
2021-02-12 13:55:43,953 INFO o.a.j.s.FileServer: Stored: D:\Projects\Solactive_RealTime_RestController\Jmeter_Performance\\data\Instruments-for-Tests-LowLoad.csv Alias: D:\Projects\Solactive_RealTime_RestController\Jmeter_Performance\\data\Instruments-for-Tests-LowLoad.csv@1410884309
2021-02-12 13:55:43,977 INFO o.a.j.t.JMeterThread: Thread started: Thread Group - Statistics 2-3
2021-02-12 13:55:44,009 INFO o.a.j.t.JMeterThread: Thread started: Thread Group - Statistics Instruments 3-3
2021-02-12 13:55:44,009 INFO o.a.j.s.FileServer: Stored: D:\Projects\Solactive_RealTime_RestController\Jmeter_Performance\\data\Instruments-for-Tests-LowLoad.csv Alias: D:\Projects\Solactive_RealTime_RestController\Jmeter_Performance\\data\Instruments-for-Tests-LowLoad.csv@1159260880
2021-02-12 13:55:45,151 INFO o.a.j.t.JMeterThread: Thread started: Thread Group - Ticks 1-4
2021-02-12 13:55:45,151 INFO o.a.j.s.FileServer: Stored: D:\Projects\Solactive_RealTime_RestController\Jmeter_Performance\\data\Instruments-for-Tests-LowLoad.csv Alias: D:\Projects\Solactive_RealTime_RestController\Jmeter_Performance\\data\Instruments-for-Tests-LowLoad.csv@699755395
2021-02-12 13:55:45,175 INFO o.a.j.t.JMeterThread: Thread started: Thread Group - Statistics 2-4
2021-02-12 13:55:45,210 INFO o.a.j.t.JMeterThread: Thread started: Thread Group - Statistics Instruments 3-4
2021-02-12 13:55:45,210 INFO o.a.j.s.FileServer: Stored: D:\Projects\Solactive_RealTime_RestController\Jmeter_Performance\\data\Instruments-for-Tests-LowLoad.csv Alias: D:\Projects\Solactive_RealTime_RestController\Jmeter_Performance\\data\Instruments-for-Tests-LowLoad.csv@1495257051
2021-02-12 13:55:46,348 INFO o.a.j.t.JMeterThread: Thread started: Thread Group - Ticks 1-5
2021-02-12 13:55:46,348 INFO o.a.j.s.FileServer: Stored: D:\Projects\Solactive_RealTime_RestController\Jmeter_Performance\\data\Instruments-for-Tests-LowLoad.csv Alias: D:\Projects\Solactive_RealTime_RestController\Jmeter_Performance\\data\Instruments-for-Tests-LowLoad.csv@762174480
2021-02-12 13:55:46,375 INFO o.a.j.t.JMeterThread: Thread started: Thread Group - Statistics 2-5
2021-02-12 13:55:46,407 INFO o.a.j.t.JMeterThread: Thread started: Thread Group - Statistics Instruments 3-5
2021-02-12 13:55:46,407 INFO o.a.j.s.FileServer: Stored: D:\Projects\Solactive_RealTime_RestController\Jmeter_Performance\\data\Instruments-for-Tests-LowLoad.csv Alias: D:\Projects\Solactive_RealTime_RestController\Jmeter_Performance\\data\Instruments-for-Tests-LowLoad.csv@719649504
2021-02-12 13:55:47,543 INFO o.a.j.t.JMeterThread: Thread started: Thread Group - Ticks 1-6
2021-02-12 13:55:47,543 INFO o.a.j.s.FileServer: Stored: D:\Projects\Solactive_RealTime_RestController\Jmeter_Performance\\data\Instruments-for-Tests-LowLoad.csv Alias: D:\Projects\Solactive_RealTime_RestController\Jmeter_Performance\\data\Instruments-for-Tests-LowLoad.csv@77861967
2021-02-12 13:55:47,576 INFO o.a.j.t.JMeterThread: Thread started: Thread Group - Statistics 2-6
2021-02-12 13:55:47,607 INFO o.a.j.t.JMeterThread: Thread started: Thread Group - Statistics Instruments 3-6
2021-02-12 13:55:47,607 INFO o.a.j.s.FileServer: Stored: D:\Projects\Solactive_RealTime_RestController\Jmeter_Performance\\data\Instruments-for-Tests-LowLoad.csv Alias: D:\Projects\Solactive_RealTime_RestController\Jmeter_Performance\\data\Instruments-for-Tests-LowLoad.csv@126678282
2021-02-12 13:55:48,740 INFO o.a.j.t.JMeterThread: Thread started: Thread Group - Ticks 1-7
2021-02-12 13:55:48,740 INFO o.a.j.s.FileServer: Stored: D:\Projects\Solactive_RealTime_RestController\Jmeter_Performance\\data\Instruments-for-Tests-LowLoad.csv Alias: D:\Projects\Solactive_RealTime_RestController\Jmeter_Performance\\data\Instruments-for-Tests-LowLoad.csv@129957326
2021-02-12 13:55:48,776 INFO o.a.j.t.JMeterThread: Thread started: Thread Group - Statistics 2-7
2021-02-12 13:55:48,807 INFO o.a.j.t.JMeterThread: Thread started: Thread Group - Statistics Instruments 3-7
2021-02-12 13:55:48,807 INFO o.a.j.s.FileServer: Stored: D:\Projects\Solactive_RealTime_RestController\Jmeter_Performance\\data\Instruments-for-Tests-LowLoad.csv Alias: D:\Projects\Solactive_RealTime_RestController\Jmeter_Performance\\data\Instruments-for-Tests-LowLoad.csv@1275607478
2021-02-12 13:55:49,938 INFO o.a.j.t.JMeterThread: Thread started: Thread Group - Ticks 1-8
2021-02-12 13:55:49,938 INFO o.a.j.s.FileServer: Stored: D:\Projects\Solactive_RealTime_RestController\Jmeter_Performance\\data\Instruments-for-Tests-LowLoad.csv Alias: D:\Projects\Solactive_RealTime_RestController\Jmeter_Performance\\data\Instruments-for-Tests-LowLoad.csv@359956991
2021-02-12 13:55:49,976 INFO o.a.j.t.JMeterThread: Thread started: Thread Group - Statistics 2-8
2021-02-12 13:55:50,007 INFO o.a.j.t.JMeterThread: Thread started: Thread Group - Statistics Instruments 3-8
2021-02-12 13:55:50,007 INFO o.a.j.s.FileServer: Stored: D:\Projects\Solactive_RealTime_RestController\Jmeter_Performance\\data\Instruments-for-Tests-LowLoad.csv Alias: D:\Projects\Solactive_RealTime_RestController\Jmeter_Performance\\data\Instruments-for-Tests-LowLoad.csv@188135614
2021-02-12 13:55:51,129 INFO o.a.j.t.JMeterThread: Thread started: Thread Group - Ticks 1-9
2021-02-12 13:55:51,129 INFO o.a.j.s.FileServer: Stored: D:\Projects\Solactive_RealTime_RestController\Jmeter_Performance\\data\Instruments-for-Tests-LowLoad.csv Alias: D:\Projects\Solactive_RealTime_RestController\Jmeter_Performance\\data\Instruments-for-Tests-LowLoad.csv@866434159
2021-02-12 13:55:51,178 INFO o.a.j.t.JMeterThread: Thread started: Thread Group - Statistics 2-9
2021-02-12 13:55:51,207 INFO o.a.j.t.JMeterThread: Thread started: Thread Group - Statistics Instruments 3-9
2021-02-12 13:55:51,209 INFO o.a.j.s.FileServer: Stored: D:\Projects\Solactive_RealTime_RestController\Jmeter_Performance\\data\Instruments-for-Tests-LowLoad.csv Alias: D:\Projects\Solactive_RealTime_RestController\Jmeter_Performance\\data\Instruments-for-Tests-LowLoad.csv@595778243
2021-02-12 13:55:52,333 INFO o.a.j.t.JMeterThread: Thread started: Thread Group - Ticks 1-10
2021-02-12 13:55:52,333 INFO o.a.j.s.FileServer: Stored: D:\Projects\Solactive_RealTime_RestController\Jmeter_Performance\\data\Instruments-for-Tests-LowLoad.csv Alias: D:\Projects\Solactive_RealTime_RestController\Jmeter_Performance\\data\Instruments-for-Tests-LowLoad.csv@1762234819
2021-02-12 13:55:52,378 INFO o.a.j.t.JMeterThread: Thread started: Thread Group - Statistics 2-10
2021-02-12 13:55:52,416 INFO o.a.j.t.JMeterThread: Thread started: Thread Group - Statistics Instruments 3-10
2021-02-12 13:55:52,417 INFO o.a.j.s.FileServer: Stored: D:\Projects\Solactive_RealTime_RestController\Jmeter_Performance\\data\Instruments-for-Tests-LowLoad.csv Alias: D:\Projects\Solactive_RealTime_RestController\Jmeter_Performance\\data\Instruments-for-Tests-LowLoad.csv@905170031
2021-02-12 13:55:53,526 INFO o.a.j.t.JMeterThread: Thread started: Thread Group - Ticks 1-11
2021-02-12 13:55:53,526 INFO o.a.j.s.FileServer: Stored: D:\Projects\Solactive_RealTime_RestController\Jmeter_Performance\\data\Instruments-for-Tests-LowLoad.csv Alias: D:\Projects\Solactive_RealTime_RestController\Jmeter_Performance\\data\Instruments-for-Tests-LowLoad.csv@2092945345
2021-02-12 13:55:53,577 INFO o.a.j.t.JMeterThread: Thread started: Thread Group - Statistics 2-11
2021-02-12 13:55:53,607 INFO o.a.j.t.JMeterThread: Thread started: Thread Group - Statistics Instruments 3-11
2021-02-12 13:55:53,608 INFO o.a.j.s.FileServer: Stored: D:\Projects\Solactive_RealTime_RestController\Jmeter_Performance\\data\Instruments-for-Tests-LowLoad.csv Alias: D:\Projects\Solactive_RealTime_RestController\Jmeter_Performance\\data\Instruments-for-Tests-LowLoad.csv@469477837
2021-02-12 13:55:54,721 INFO o.a.j.t.JMeterThread: Thread started: Thread Group - Ticks 1-12
2021-02-12 13:55:54,721 INFO o.a.j.s.FileServer: Stored: D:\Projects\Solactive_RealTime_RestController\Jmeter_Performance\\data\Instruments-for-Tests-LowLoad.csv Alias: D:\Projects\Solactive_RealTime_RestController\Jmeter_Performance\\data\Instruments-for-Tests-LowLoad.csv@2018034042
2021-02-12 13:55:54,776 INFO o.a.j.t.JMeterThread: Thread started: Thread Group - Statistics 2-12
2021-02-12 13:55:54,808 INFO o.a.j.t.JMeterThread: Thread started: Thread Group - Statistics Instruments 3-12
2021-02-12 13:55:54,809 INFO o.a.j.s.FileServer: Stored: D:\Projects\Solactive_RealTime_RestController\Jmeter_Performance\\data\Instruments-for-Tests-LowLoad.csv Alias: D:\Projects\Solactive_RealTime_RestController\Jmeter_Performance\\data\Instruments-for-Tests-LowLoad.csv@311246150
2021-02-12 13:55:55,922 INFO o.a.j.t.JMeterThread: Thread started: Thread Group - Ticks 1-13
2021-02-12 13:55:55,922 INFO o.a.j.s.FileServer: Stored: D:\Projects\Solactive_RealTime_RestController\Jmeter_Performance\\data\Instruments-for-Tests-LowLoad.csv Alias: D:\Projects\Solactive_RealTime_RestController\Jmeter_Performance\\data\Instruments-for-Tests-LowLoad.csv@1342948195
2021-02-12 13:55:55,974 INFO o.a.j.t.JMeterThread: Thread started: Thread Group - Statistics 2-13
2021-02-12 13:55:56,007 INFO o.a.j.t.JMeterThread: Thread started: Thread Group - Statistics Instruments 3-13
2021-02-12 13:55:56,007 INFO o.a.j.s.FileServer: Stored: D:\Projects\Solactive_RealTime_RestController\Jmeter_Performance\\data\Instruments-for-Tests-LowLoad.csv Alias: D:\Projects\Solactive_RealTime_RestController\Jmeter_Performance\\data\Instruments-for-Tests-LowLoad.csv@1008234845
2021-02-12 13:55:57,116 INFO o.a.j.t.JMeterThread: Thread started: Thread Group - Ticks 1-14
2021-02-12 13:55:57,117 INFO o.a.j.s.FileServer: Stored: D:\Projects\Solactive_RealTime_RestController\Jmeter_Performance\\data\Instruments-for-Tests-LowLoad.csv Alias: D:\Projects\Solactive_RealTime_RestController\Jmeter_Performance\\data\Instruments-for-Tests-LowLoad.csv@1943148247
2021-02-12 13:55:57,176 INFO o.a.j.t.JMeterThread: Thread started: Thread Group - Statistics 2-14
2021-02-12 13:55:57,208 INFO o.a.j.t.JMeterThread: Thread started: Thread Group - Statistics Instruments 3-14
2021-02-12 13:55:57,208 INFO o.a.j.s.FileServer: Stored: D:\Projects\Solactive_RealTime_RestController\Jmeter_Performance\\data\Instruments-for-Tests-LowLoad.csv Alias: D:\Projects\Solactive_RealTime_RestController\Jmeter_Performance\\data\Instruments-for-Tests-LowLoad.csv@193719056
2021-02-12 13:55:58,308 INFO o.a.j.t.JMeterThread: Thread started: Thread Group - Ticks 1-15
2021-02-12 13:55:58,308 INFO o.a.j.s.FileServer: Stored: D:\Projects\Solactive_RealTime_RestController\Jmeter_Performance\\data\Instruments-for-Tests-LowLoad.csv Alias: D:\Projects\Solactive_RealTime_RestController\Jmeter_Performance\\data\Instruments-for-Tests-LowLoad.csv@753548538
2021-02-12 13:55:58,375 INFO o.a.j.t.JMeterThread: Thread started: Thread Group - Statistics 2-15
2021-02-12 13:55:58,406 INFO o.a.j.t.JMeterThread: Thread started: Thread Group - Statistics Instruments 3-15
2021-02-12 13:55:58,407 INFO o.a.j.s.FileServer: Stored: D:\Projects\Solactive_RealTime_RestController\Jmeter_Performance\\data\Instruments-for-Tests-LowLoad.csv Alias: D:\Projects\Solactive_RealTime_RestController\Jmeter_Performance\\data\Instruments-for-Tests-LowLoad.csv@1979871227
2021-02-12 13:55:59,507 INFO o.a.j.t.JMeterThread: Thread started: Thread Group - Ticks 1-16
2021-02-12 13:55:59,507 INFO o.a.j.s.FileServer: Stored: D:\Projects\Solactive_RealTime_RestController\Jmeter_Performance\\data\Instruments-for-Tests-LowLoad.csv Alias: D:\Projects\Solactive_RealTime_RestController\Jmeter_Performance\\data\Instruments-for-Tests-LowLoad.csv@1324947811
2021-02-12 13:55:59,574 INFO o.a.j.t.JMeterThread: Thread started: Thread Group - Statistics 2-16
2021-02-12 13:55:59,607 INFO o.a.j.t.JMeterThread: Thread started: Thread Group - Statistics Instruments 3-16
2021-02-12 13:55:59,607 INFO o.a.j.s.FileServer: Stored: D:\Projects\Solactive_RealTime_RestController\Jmeter_Performance\\data\Instruments-for-Tests-LowLoad.csv Alias: D:\Projects\Solactive_RealTime_RestController\Jmeter_Performance\\data\Instruments-for-Tests-LowLoad.csv@1851926234
2021-02-12 13:56:00,673 INFO o.a.j.r.Summariser: summary +     61 in 00:00:19 =    3.2/s Avg:    10 Min:     3 Max:    86 Err:     0 (0.00%) Active: 48 Started: 48 Finished: 0
2021-02-12 13:56:00,707 INFO o.a.j.t.JMeterThread: Thread started: Thread Group - Ticks 1-17
2021-02-12 13:56:00,708 INFO o.a.j.s.FileServer: Stored: D:\Projects\Solactive_RealTime_RestController\Jmeter_Performance\\data\Instruments-for-Tests-LowLoad.csv Alias: D:\Projects\Solactive_RealTime_RestController\Jmeter_Performance\\data\Instruments-for-Tests-LowLoad.csv@207987376
2021-02-12 13:56:00,775 INFO o.a.j.t.JMeterThread: Thread started: Thread Group - Statistics 2-17
2021-02-12 13:56:00,807 INFO o.a.j.t.JMeterThread: Thread started: Thread Group - Statistics Instruments 3-17
2021-02-12 13:56:00,808 INFO o.a.j.s.FileServer: Stored: D:\Projects\Solactive_RealTime_RestController\Jmeter_Performance\\data\Instruments-for-Tests-LowLoad.csv Alias: D:\Projects\Solactive_RealTime_RestController\Jmeter_Performance\\data\Instruments-for-Tests-LowLoad.csv@1627057678
2021-02-12 13:56:01,907 INFO o.a.j.t.JMeterThread: Thread started: Thread Group - Ticks 1-18
2021-02-12 13:56:01,907 INFO o.a.j.s.FileServer: Stored: D:\Projects\Solactive_RealTime_RestController\Jmeter_Performance\\data\Instruments-for-Tests-LowLoad.csv Alias: D:\Projects\Solactive_RealTime_RestController\Jmeter_Performance\\data\Instruments-for-Tests-LowLoad.csv@555206757
2021-02-12 13:56:01,975 INFO o.a.j.t.JMeterThread: Thread started: Thread Group - Statistics 2-18
2021-02-12 13:56:02,007 INFO o.a.j.t.JMeterThread: Thread started: Thread Group - Statistics Instruments 3-18
2021-02-12 13:56:02,008 INFO o.a.j.s.FileServer: Stored: D:\Projects\Solactive_RealTime_RestController\Jmeter_Performance\\data\Instruments-for-Tests-LowLoad.csv Alias: D:\Projects\Solactive_RealTime_RestController\Jmeter_Performance\\data\Instruments-for-Tests-LowLoad.csv@997178009
2021-02-12 13:56:03,102 INFO o.a.j.t.JMeterThread: Thread started: Thread Group - Ticks 1-19
2021-02-12 13:56:03,102 INFO o.a.j.s.FileServer: Stored: D:\Projects\Solactive_RealTime_RestController\Jmeter_Performance\\data\Instruments-for-Tests-LowLoad.csv Alias: D:\Projects\Solactive_RealTime_RestController\Jmeter_Performance\\data\Instruments-for-Tests-LowLoad.csv@971646465
2021-02-12 13:56:03,176 INFO o.a.j.t.JMeterThread: Thread started: Thread Group - Statistics 2-19
2021-02-12 13:56:03,208 INFO o.a.j.t.JMeterThread: Thread started: Thread Group - Statistics Instruments 3-19
2021-02-12 13:56:03,209 INFO o.a.j.s.FileServer: Stored: D:\Projects\Solactive_RealTime_RestController\Jmeter_Performance\\data\Instruments-for-Tests-LowLoad.csv Alias: D:\Projects\Solactive_RealTime_RestController\Jmeter_Performance\\data\Instruments-for-Tests-LowLoad.csv@481131708
2021-02-12 13:56:04,301 INFO o.a.j.t.JMeterThread: Thread started: Thread Group - Ticks 1-20
2021-02-12 13:56:04,301 INFO o.a.j.s.FileServer: Stored: D:\Projects\Solactive_RealTime_RestController\Jmeter_Performance\\data\Instruments-for-Tests-LowLoad.csv Alias: D:\Projects\Solactive_RealTime_RestController\Jmeter_Performance\\data\Instruments-for-Tests-LowLoad.csv@2014181996
2021-02-12 13:56:04,377 INFO o.a.j.t.JMeterThread: Thread started: Thread Group - Statistics 2-20
2021-02-12 13:56:04,407 INFO o.a.j.t.JMeterThread: Thread started: Thread Group - Statistics Instruments 3-20
2021-02-12 13:56:04,407 INFO o.a.j.s.FileServer: Stored: D:\Projects\Solactive_RealTime_RestController\Jmeter_Performance\\data\Instruments-for-Tests-LowLoad.csv Alias: D:\Projects\Solactive_RealTime_RestController\Jmeter_Performance\\data\Instruments-for-Tests-LowLoad.csv@1822787408
2021-02-12 13:56:05,501 INFO o.a.j.t.JMeterThread: Thread started: Thread Group - Ticks 1-21
2021-02-12 13:56:05,501 INFO o.a.j.s.FileServer: Stored: D:\Projects\Solactive_RealTime_RestController\Jmeter_Performance\\data\Instruments-for-Tests-LowLoad.csv Alias: D:\Projects\Solactive_RealTime_RestController\Jmeter_Performance\\data\Instruments-for-Tests-LowLoad.csv@1534898274
2021-02-12 13:56:05,576 INFO o.a.j.t.JMeterThread: Thread started: Thread Group - Statistics 2-21
2021-02-12 13:56:05,608 INFO o.a.j.t.JMeterThread: Thread started: Thread Group - Statistics Instruments 3-21
2021-02-12 13:56:05,608 INFO o.a.j.s.FileServer: Stored: D:\Projects\Solactive_RealTime_RestController\Jmeter_Performance\\data\Instruments-for-Tests-LowLoad.csv Alias: D:\Projects\Solactive_RealTime_RestController\Jmeter_Performance\\data\Instruments-for-Tests-LowLoad.csv@572619361
2021-02-12 13:56:06,705 INFO o.a.j.t.JMeterThread: Thread started: Thread Group - Ticks 1-22
2021-02-12 13:56:06,706 INFO o.a.j.s.FileServer: Stored: D:\Projects\Solactive_RealTime_RestController\Jmeter_Performance\\data\Instruments-for-Tests-LowLoad.csv Alias: D:\Projects\Solactive_RealTime_RestController\Jmeter_Performance\\data\Instruments-for-Tests-LowLoad.csv@1723572155
2021-02-12 13:56:06,776 INFO o.a.j.t.JMeterThread: Thread started: Thread Group - Statistics 2-22
2021-02-12 13:56:06,808 INFO o.a.j.t.JMeterThread: Thread started: Thread Group - Statistics Instruments 3-22
2021-02-12 13:56:06,808 INFO o.a.j.s.FileServer: Stored: D:\Projects\Solactive_RealTime_RestController\Jmeter_Performance\\data\Instruments-for-Tests-LowLoad.csv Alias: D:\Projects\Solactive_RealTime_RestController\Jmeter_Performance\\data\Instruments-for-Tests-LowLoad.csv@646091133
2021-02-12 13:56:07,904 INFO o.a.j.t.JMeterThread: Thread started: Thread Group - Ticks 1-23
2021-02-12 13:56:07,904 INFO o.a.j.s.FileServer: Stored: D:\Projects\Solactive_RealTime_RestController\Jmeter_Performance\\data\Instruments-for-Tests-LowLoad.csv Alias: D:\Projects\Solactive_RealTime_RestController\Jmeter_Performance\\data\Instruments-for-Tests-LowLoad.csv@2078073732
2021-02-12 13:56:07,976 INFO o.a.j.t.JMeterThread: Thread started: Thread Group - Statistics 2-23
2021-02-12 13:56:08,006 INFO o.a.j.t.JMeterThread: Thread started: Thread Group - Statistics Instruments 3-23
2021-02-12 13:56:08,006 INFO o.a.j.s.FileServer: Stored: D:\Projects\Solactive_RealTime_RestController\Jmeter_Performance\\data\Instruments-for-Tests-LowLoad.csv Alias: D:\Projects\Solactive_RealTime_RestController\Jmeter_Performance\\data\Instruments-for-Tests-LowLoad.csv@2058502465
2021-02-12 13:56:09,102 INFO o.a.j.t.JMeterThread: Thread started: Thread Group - Ticks 1-24
2021-02-12 13:56:09,102 INFO o.a.j.s.FileServer: Stored: D:\Projects\Solactive_RealTime_RestController\Jmeter_Performance\\data\Instruments-for-Tests-LowLoad.csv Alias: D:\Projects\Solactive_RealTime_RestController\Jmeter_Performance\\data\Instruments-for-Tests-LowLoad.csv@1604094398
2021-02-12 13:56:09,176 INFO o.a.j.t.JMeterThread: Thread started: Thread Group - Statistics 2-24
2021-02-12 13:56:09,208 INFO o.a.j.t.JMeterThread: Thread started: Thread Group - Statistics Instruments 3-24
2021-02-12 13:56:09,208 INFO o.a.j.s.FileServer: Stored: D:\Projects\Solactive_RealTime_RestController\Jmeter_Performance\\data\Instruments-for-Tests-LowLoad.csv Alias: D:\Projects\Solactive_RealTime_RestController\Jmeter_Performance\\data\Instruments-for-Tests-LowLoad.csv@255108003
2021-02-12 13:56:10,301 INFO o.a.j.t.JMeterThread: Thread started: Thread Group - Ticks 1-25
2021-02-12 13:56:10,301 INFO o.a.j.s.FileServer: Stored: D:\Projects\Solactive_RealTime_RestController\Jmeter_Performance\\data\Instruments-for-Tests-LowLoad.csv Alias: D:\Projects\Solactive_RealTime_RestController\Jmeter_Performance\\data\Instruments-for-Tests-LowLoad.csv@1963864240
2021-02-12 13:56:10,375 INFO o.a.j.t.JMeterThread: Thread started: Thread Group - Statistics 2-25
2021-02-12 13:56:10,407 INFO o.a.j.t.JMeterThread: Thread started: Thread Group - Statistics Instruments 3-25
2021-02-12 13:56:10,407 INFO o.a.j.s.FileServer: Stored: D:\Projects\Solactive_RealTime_RestController\Jmeter_Performance\\data\Instruments-for-Tests-LowLoad.csv Alias: D:\Projects\Solactive_RealTime_RestController\Jmeter_Performance\\data\Instruments-for-Tests-LowLoad.csv@477047760
2021-02-12 13:56:30,746 INFO o.a.j.r.Summariser: summary +     60 in 00:00:30 =    2.0/s Avg:     5 Min:     2 Max:    24 Err:     0 (0.00%) Active: 75 Started: 75 Finished: 0
2021-02-12 13:56:30,747 INFO o.a.j.r.Summariser: summary =    121 in 00:00:49 =    2.5/s Avg:     7 Min:     2 Max:    86 Err:     0 (0.00%)
2021-02-12 13:57:00,125 INFO o.a.j.r.Summariser: summary +     27 in 00:00:29 =    0.9/s Avg:     6 Min:     3 Max:    28 Err:     0 (0.00%) Active: 75 Started: 75 Finished: 0
2021-02-12 13:57:00,126 INFO o.a.j.r.Summariser: summary =    148 in 00:01:19 =    1.9/s Avg:     7 Min:     2 Max:    86 Err:     0 (0.00%)
2021-02-12 13:57:33,153 INFO o.a.j.r.Summariser: summary +     33 in 00:00:33 =    1.0/s Avg:     6 Min:     2 Max:    23 Err:     0 (0.00%) Active: 75 Started: 75 Finished: 0
2021-02-12 13:57:33,154 INFO o.a.j.r.Summariser: summary =    181 in 00:01:52 =    1.6/s Avg:     7 Min:     2 Max:    86 Err:     0 (0.00%)
2021-02-12 13:58:02,529 INFO o.a.j.r.Summariser: summary +     30 in 00:00:29 =    1.0/s Avg:     5 Min:     2 Max:    23 Err:     0 (0.00%) Active: 75 Started: 75 Finished: 0
2021-02-12 13:58:02,530 INFO o.a.j.r.Summariser: summary =    211 in 00:02:21 =    1.5/s Avg:     7 Min:     2 Max:    86 Err:     0 (0.00%)
2021-02-12 13:58:31,923 INFO o.a.j.r.Summariser: summary +     27 in 00:00:29 =    0.9/s Avg:     3 Min:     2 Max:     8 Err:     0 (0.00%) Active: 75 Started: 75 Finished: 0
2021-02-12 13:58:31,924 INFO o.a.j.r.Summariser: summary =    238 in 00:02:50 =    1.4/s Avg:     6 Min:     2 Max:    86 Err:     0 (0.00%)
2021-02-12 13:59:00,737 INFO o.a.j.r.Summariser: summary +     33 in 00:00:29 =    1.1/s Avg:     6 Min:     2 Max:    41 Err:     0 (0.00%) Active: 75 Started: 75 Finished: 0
2021-02-12 13:59:00,737 INFO o.a.j.r.Summariser: summary =    271 in 00:03:19 =    1.4/s Avg:     6 Min:     2 Max:    86 Err:     0 (0.00%)
2021-02-12 13:59:30,123 INFO o.a.j.r.Summariser: summary +     27 in 00:00:29 =    0.9/s Avg:     4 Min:     2 Max:    14 Err:     0 (0.00%) Active: 75 Started: 75 Finished: 0
2021-02-12 13:59:30,123 INFO o.a.j.r.Summariser: summary =    298 in 00:03:49 =    1.3/s Avg:     6 Min:     2 Max:    86 Err:     0 (0.00%)
2021-02-12 13:59:30,124 INFO o.a.j.t.JMeterThread: Thread finished: Thread Group - Ticks 1-19
2021-02-12 13:59:30,198 INFO o.a.j.t.JMeterThread: Thread finished: Thread Group - Statistics 2-19
2021-02-12 13:59:30,228 INFO o.a.j.t.JMeterThread: Thread finished: Thread Group - Statistics Instruments 3-19
2021-02-12 13:59:34,314 INFO o.a.j.t.JMeterThread: Thread finished: Thread Group - Ticks 1-20
2021-02-12 13:59:34,426 INFO o.a.j.t.JMeterThread: Thread finished: Thread Group - Statistics Instruments 3-20
2021-02-12 13:59:34,426 INFO o.a.j.t.JMeterThread: Thread finished: Thread Group - Statistics 2-20
2021-02-12 13:59:38,517 INFO o.a.j.t.JMeterThread: Thread finished: Thread Group - Ticks 1-21
2021-02-12 13:59:38,558 INFO o.a.j.t.JMeterThread: Thread finished: Thread Group - Ticks 1-6
2021-02-12 13:59:38,594 INFO o.a.j.t.JMeterThread: Thread finished: Thread Group - Statistics 2-6
2021-02-12 13:59:38,595 INFO o.a.j.t.JMeterThread: Thread finished: Thread Group - Statistics 2-21
2021-02-12 13:59:38,625 INFO o.a.j.t.JMeterThread: Thread finished: Thread Group - Statistics Instruments 3-6
2021-02-12 13:59:38,626 INFO o.a.j.t.JMeterThread: Thread finished: Thread Group - Statistics Instruments 3-21
2021-02-12 13:59:42,721 INFO o.a.j.t.JMeterThread: Thread finished: Thread Group - Ticks 1-22
2021-02-12 13:59:42,794 INFO o.a.j.t.JMeterThread: Thread finished: Thread Group - Statistics 2-22
2021-02-12 13:59:42,824 INFO o.a.j.t.JMeterThread: Thread finished: Thread Group - Statistics Instruments 3-22
2021-02-12 13:59:46,920 INFO o.a.j.t.JMeterThread: Thread finished: Thread Group - Ticks 1-23
2021-02-12 13:59:46,995 INFO o.a.j.t.JMeterThread: Thread finished: Thread Group - Statistics 2-23
2021-02-12 13:59:47,024 INFO o.a.j.t.JMeterThread: Thread finished: Thread Group - Statistics Instruments 3-23
2021-02-12 13:59:51,116 INFO o.a.j.t.JMeterThread: Thread finished: Thread Group - Ticks 1-24
2021-02-12 13:59:51,190 INFO o.a.j.t.JMeterThread: Thread finished: Thread Group - Statistics 2-24
2021-02-12 13:59:51,225 INFO o.a.j.t.JMeterThread: Thread finished: Thread Group - Statistics Instruments 3-24
2021-02-12 13:59:51,758 INFO o.a.j.t.JMeterThread: Thread finished: Thread Group - Ticks 1-7
2021-02-12 13:59:51,769 INFO o.a.j.t.JMeterThread: Thread finished: Thread Group - Ticks 1-2
2021-02-12 13:59:51,792 INFO o.a.j.t.JMeterThread: Thread finished: Thread Group - Statistics 2-7
2021-02-12 13:59:51,795 INFO o.a.j.t.JMeterThread: Thread finished: Thread Group - Statistics 2-2
2021-02-12 13:59:51,827 INFO o.a.j.t.JMeterThread: Thread finished: Thread Group - Statistics Instruments 3-7
2021-02-12 13:59:51,831 INFO o.a.j.t.JMeterThread: Thread finished: Thread Group - Statistics Instruments 3-2
2021-02-12 13:59:55,314 INFO o.a.j.t.JMeterThread: Thread finished: Thread Group - Ticks 1-25
2021-02-12 13:59:55,391 INFO o.a.j.t.JMeterThread: Thread finished: Thread Group - Statistics 2-25
2021-02-12 13:59:55,426 INFO o.a.j.t.JMeterThread: Thread finished: Thread Group - Statistics Instruments 3-25
2021-02-12 13:59:58,967 INFO o.a.j.t.JMeterThread: Thread finished: Thread Group - Ticks 1-8
2021-02-12 13:59:58,996 INFO o.a.j.t.JMeterThread: Thread finished: Thread Group - Statistics 2-8
2021-02-12 13:59:59,023 INFO o.a.j.t.JMeterThread: Thread finished: Thread Group - Statistics Instruments 3-8
2021-02-12 14:00:03,143 INFO o.a.j.r.Summariser: summary +     33 in 00:00:33 =    1.0/s Avg:     3 Min:     2 Max:     9 Err:     0 (0.00%) Active: 42 Started: 75 Finished: 33
2021-02-12 14:00:03,144 INFO o.a.j.r.Summariser: summary =    331 in 00:04:22 =    1.3/s Avg:     6 Min:     2 Max:    86 Err:     0 (0.00%)
2021-02-12 14:00:03,145 INFO o.a.j.t.JMeterThread: Thread finished: Thread Group - Ticks 1-9
2021-02-12 14:00:03,191 INFO o.a.j.t.JMeterThread: Thread finished: Thread Group - Statistics 2-9
2021-02-12 14:00:03,239 INFO o.a.j.t.JMeterThread: Thread finished: Thread Group - Statistics Instruments 3-9
2021-02-12 14:00:07,348 INFO o.a.j.t.JMeterThread: Thread finished: Thread Group - Ticks 1-10
2021-02-12 14:00:07,393 INFO o.a.j.t.JMeterThread: Thread finished: Thread Group - Statistics 2-10
2021-02-12 14:00:07,430 INFO o.a.j.t.JMeterThread: Thread finished: Thread Group - Statistics Instruments 3-10
2021-02-12 14:00:07,967 INFO o.a.j.t.JMeterThread: Thread finished: Thread Group - Ticks 1-3
2021-02-12 14:00:07,991 INFO o.a.j.t.JMeterThread: Thread finished: Thread Group - Statistics 2-3
2021-02-12 14:00:08,025 INFO o.a.j.t.JMeterThread: Thread finished: Thread Group - Statistics Instruments 3-3
2021-02-12 14:00:11,543 INFO o.a.j.t.JMeterThread: Thread finished: Thread Group - Ticks 1-11
2021-02-12 14:00:11,596 INFO o.a.j.t.JMeterThread: Thread finished: Thread Group - Statistics 2-1
2021-02-12 14:00:11,596 INFO o.a.j.t.JMeterThread: Thread finished: Thread Group - Statistics 2-11
2021-02-12 14:00:11,596 INFO o.a.j.t.JMeterThread: Thread finished: Thread Group - Ticks 1-1
2021-02-12 14:00:11,626 INFO o.a.j.t.JMeterThread: Thread finished: Thread Group - Statistics Instruments 3-1
2021-02-12 14:00:11,627 INFO o.a.j.t.JMeterThread: Thread finished: Thread Group - Statistics Instruments 3-11
2021-02-12 14:00:15,737 INFO o.a.j.t.JMeterThread: Thread finished: Thread Group - Ticks 1-12
2021-02-12 14:00:15,788 INFO o.a.j.t.JMeterThread: Thread finished: Thread Group - Statistics 2-12
2021-02-12 14:00:15,826 INFO o.a.j.t.JMeterThread: Thread finished: Thread Group - Statistics Instruments 3-12
2021-02-12 14:00:19,938 INFO o.a.j.t.JMeterThread: Thread finished: Thread Group - Ticks 1-13
2021-02-12 14:00:19,989 INFO o.a.j.t.JMeterThread: Thread finished: Thread Group - Statistics 2-13
2021-02-12 14:00:20,028 INFO o.a.j.t.JMeterThread: Thread finished: Thread Group - Statistics Instruments 3-13
2021-02-12 14:00:24,129 INFO o.a.j.t.JMeterThread: Thread finished: Thread Group - Ticks 1-14
2021-02-12 14:00:24,164 INFO o.a.j.t.JMeterThread: Thread finished: Thread Group - Ticks 1-4
2021-02-12 14:00:24,193 INFO o.a.j.t.JMeterThread: Thread finished: Thread Group - Statistics 2-4
2021-02-12 14:00:24,195 INFO o.a.j.t.JMeterThread: Thread finished: Thread Group - Statistics 2-14
2021-02-12 14:00:24,225 INFO o.a.j.t.JMeterThread: Thread finished: Thread Group - Statistics Instruments 3-14
2021-02-12 14:00:24,228 INFO o.a.j.t.JMeterThread: Thread finished: Thread Group - Statistics Instruments 3-4
2021-02-12 14:00:28,324 INFO o.a.j.t.JMeterThread: Thread finished: Thread Group - Ticks 1-15
2021-02-12 14:00:28,388 INFO o.a.j.t.JMeterThread: Thread finished: Thread Group - Statistics 2-15
2021-02-12 14:00:28,423 INFO o.a.j.t.JMeterThread: Thread finished: Thread Group - Statistics Instruments 3-15
2021-02-12 14:00:32,538 INFO o.a.j.r.Summariser: summary +     30 in 00:00:29 =    1.0/s Avg:     3 Min:     2 Max:    10 Err:     0 (0.00%) Active: 12 Started: 75 Finished: 63
2021-02-12 14:00:32,539 INFO o.a.j.r.Summariser: summary =    361 in 00:04:51 =    1.2/s Avg:     5 Min:     2 Max:    86 Err:     0 (0.00%)
2021-02-12 14:00:32,539 INFO o.a.j.t.JMeterThread: Thread finished: Thread Group - Ticks 1-16
2021-02-12 14:00:32,595 INFO o.a.j.t.JMeterThread: Thread finished: Thread Group - Statistics 2-16
2021-02-12 14:00:32,623 INFO o.a.j.t.JMeterThread: Thread finished: Thread Group - Statistics Instruments 3-16
2021-02-12 14:00:36,723 INFO o.a.j.t.JMeterThread: Thread finished: Thread Group - Ticks 1-17
2021-02-12 14:00:36,790 INFO o.a.j.t.JMeterThread: Thread finished: Thread Group - Statistics 2-17
2021-02-12 14:00:36,825 INFO o.a.j.t.JMeterThread: Thread finished: Thread Group - Statistics Instruments 3-17
2021-02-12 14:00:37,361 INFO o.a.j.t.JMeterThread: Thread finished: Thread Group - Ticks 1-5
2021-02-12 14:00:37,389 INFO o.a.j.t.JMeterThread: Thread finished: Thread Group - Statistics 2-5
2021-02-12 14:00:37,421 INFO o.a.j.t.JMeterThread: Thread finished: Thread Group - Statistics Instruments 3-5
2021-02-12 14:00:40,925 INFO o.a.j.t.JMeterThread: Thread finished: Thread Group - Ticks 1-18
2021-02-12 14:00:40,989 INFO o.a.j.t.JMeterThread: Thread finished: Thread Group - Statistics 2-18
2021-02-12 14:00:41,024 INFO o.a.j.t.JMeterThread: Thread finished: Thread Group - Statistics Instruments 3-18
2021-02-12 14:00:41,025 INFO o.a.j.e.StandardJMeterEngine: Notifying test listeners of end of test
2021-02-12 14:00:41,025 INFO o.a.j.s.FileServer: Close: D:\Projects\Solactive_RealTime_RestController\Jmeter_Performance\\data\Instruments-for-Tests-LowLoad.csv@1275607478
2021-02-12 14:00:41,025 INFO o.a.j.s.FileServer: Close: D:\Projects\Solactive_RealTime_RestController\Jmeter_Performance\\data\Instruments-for-Tests-LowLoad.csv@1762234819
2021-02-12 14:00:41,026 INFO o.a.j.s.FileServer: Close: D:\Projects\Solactive_RealTime_RestController\Jmeter_Performance\\data\Instruments-for-Tests-LowLoad.csv@1963864240
2021-02-12 14:00:41,026 INFO o.a.j.s.FileServer: Close: D:\Projects\Solactive_RealTime_RestController\Jmeter_Performance\\data\Instruments-for-Tests-LowLoad.csv@1627057678
2021-02-12 14:00:41,027 INFO o.a.j.s.FileServer: Close: D:\Projects\Solactive_RealTime_RestController\Jmeter_Performance\\data\Instruments-for-Tests-LowLoad.csv@481131708
2021-02-12 14:00:41,027 INFO o.a.j.s.FileServer: Close: D:\Projects\Solactive_RealTime_RestController\Jmeter_Performance\\data\Instruments-for-Tests-LowLoad.csv@1822787408
2021-02-12 14:00:41,027 INFO o.a.j.s.FileServer: Close: D:\Projects\Solactive_RealTime_RestController\Jmeter_Performance\\data\Instruments-for-Tests-LowLoad.csv@1342948195
2021-02-12 14:00:41,027 INFO o.a.j.s.FileServer: Close: D:\Projects\Solactive_RealTime_RestController\Jmeter_Performance\\data\Instruments-for-Tests-LowLoad.csv@753548538
2021-02-12 14:00:41,028 INFO o.a.j.s.FileServer: Close: D:\Projects\Solactive_RealTime_RestController\Jmeter_Performance\\data\Instruments-for-Tests-LowLoad.csv@1410884309
2021-02-12 14:00:41,028 INFO o.a.j.s.FileServer: Close: D:\Projects\Solactive_RealTime_RestController\Jmeter_Performance\\data\Instruments-for-Tests-LowLoad.csv@255108003
2021-02-12 14:00:41,028 INFO o.a.j.s.FileServer: Close: D:\Projects\Solactive_RealTime_RestController\Jmeter_Performance\\data\Instruments-for-Tests-LowLoad.csv@207987376
2021-02-12 14:00:41,028 INFO o.a.j.s.FileServer: Close: D:\Projects\Solactive_RealTime_RestController\Jmeter_Performance\\data\Instruments-for-Tests-LowLoad.csv@2014181996
2021-02-12 14:00:41,028 INFO o.a.j.s.FileServer: Close: D:\Projects\Solactive_RealTime_RestController\Jmeter_Performance\\data\Instruments-for-Tests-LowLoad.csv@311246150
2021-02-12 14:00:41,028 INFO o.a.j.s.FileServer: Close: D:\Projects\Solactive_RealTime_RestController\Jmeter_Performance\\data\Instruments-for-Tests-LowLoad.csv@719649504
2021-02-12 14:00:41,029 INFO o.a.j.s.FileServer: Close: D:\Projects\Solactive_RealTime_RestController\Jmeter_Performance\\data\Instruments-for-Tests-LowLoad.csv@477047760
2021-02-12 14:00:41,029 INFO o.a.j.s.FileServer: Close: D:\Projects\Solactive_RealTime_RestController\Jmeter_Performance\\data\Instruments-for-Tests-LowLoad.csv@1534898274
2021-02-12 14:00:41,029 INFO o.a.j.s.FileServer: Close: D:\Projects\Solactive_RealTime_RestController\Jmeter_Performance\\data\Instruments-for-Tests-LowLoad.csv@193719056
2021-02-12 14:00:41,029 INFO o.a.j.s.FileServer: Close: D:\Projects\Solactive_RealTime_RestController\Jmeter_Performance\\data\Instruments-for-Tests-LowLoad.csv@434487883
2021-02-12 14:00:41,029 INFO o.a.j.s.FileServer: Close: D:\Projects\Solactive_RealTime_RestController\Jmeter_Performance\\data\Instruments-for-Tests-LowLoad.csv@187432416
2021-02-12 14:00:41,030 INFO o.a.j.s.FileServer: Close: D:\Projects\Solactive_RealTime_RestController\Jmeter_Performance\\data\Instruments-for-Tests-LowLoad.csv@359956991
2021-02-12 14:00:41,030 INFO o.a.j.s.FileServer: Close: D:\Projects\Solactive_RealTime_RestController\Jmeter_Performance\\data\Instruments-for-Tests-LowLoad.csv@2092945345
2021-02-12 14:00:41,030 INFO o.a.j.s.FileServer: Close: D:\Projects\Solactive_RealTime_RestController\Jmeter_Performance\\data\Instruments-for-Tests-LowLoad.csv@905170031
2021-02-12 14:00:41,030 INFO o.a.j.s.FileServer: Close: D:\Projects\Solactive_RealTime_RestController\Jmeter_Performance\\data\Instruments-for-Tests-LowLoad.csv@572619361
2021-02-12 14:00:41,030 INFO o.a.j.s.FileServer: Close: D:\Projects\Solactive_RealTime_RestController\Jmeter_Performance\\data\Instruments-for-Tests-LowLoad.csv@1830039277
2021-02-12 14:00:41,030 INFO o.a.j.s.FileServer: Close: D:\Projects\Solactive_RealTime_RestController\Jmeter_Performance\\data\Instruments-for-Tests-LowLoad.csv@555206757
2021-02-12 14:00:41,030 INFO o.a.j.s.FileServer: Close: D:\Projects\Solactive_RealTime_RestController\Jmeter_Performance\\data\Instruments-for-Tests-LowLoad.csv@1495257051
2021-02-12 14:00:41,030 INFO o.a.j.s.FileServer: Close: D:\Projects\Solactive_RealTime_RestController\Jmeter_Performance\\data\Instruments-for-Tests-LowLoad.csv@595778243
2021-02-12 14:00:41,030 INFO o.a.j.s.FileServer: Close: D:\Projects\Solactive_RealTime_RestController\Jmeter_Performance\\data\Instruments-for-Tests-LowLoad.csv@1159260880
2021-02-12 14:00:41,030 INFO o.a.j.s.FileServer: Close: D:\Projects\Solactive_RealTime_RestController\Jmeter_Performance\\data\Instruments-for-Tests-LowLoad.csv@699755395
2021-02-12 14:00:41,030 INFO o.a.j.s.FileServer: Close: D:\Projects\Solactive_RealTime_RestController\Jmeter_Performance\\data\Instruments-for-Tests-LowLoad.csv@1851926234
2021-02-12 14:00:41,030 INFO o.a.j.s.FileServer: Close: D:\Projects\Solactive_RealTime_RestController\Jmeter_Performance\\data\Instruments-for-Tests-LowLoad.csv@866434159
2021-02-12 14:00:41,030 INFO o.a.j.s.FileServer: Close: D:\Projects\Solactive_RealTime_RestController\Jmeter_Performance\\data\Instruments-for-Tests-LowLoad.csv@1324947811
2021-02-12 14:00:41,030 INFO o.a.j.s.FileServer: Close: D:\Projects\Solactive_RealTime_RestController\Jmeter_Performance\\data\Instruments-for-Tests-LowLoad.csv@469477837
2021-02-12 14:00:41,030 INFO o.a.j.s.FileServer: Close: D:\Projects\Solactive_RealTime_RestController\Jmeter_Performance\\data\Instruments-for-Tests-LowLoad.csv@1979871227
2021-02-12 14:00:41,030 INFO o.a.j.s.FileServer: Close: D:\Projects\Solactive_RealTime_RestController\Jmeter_Performance\\data\Instruments-for-Tests-LowLoad.csv@1943148247
2021-02-12 14:00:41,031 INFO o.a.j.s.FileServer: Close: D:\Projects\Solactive_RealTime_RestController\Jmeter_Performance\\data\Instruments-for-Tests-LowLoad.csv@1061050901
2021-02-12 14:00:41,031 INFO o.a.j.s.FileServer: Close: D:\Projects\Solactive_RealTime_RestController\Jmeter_Performance\\data\Instruments-for-Tests-LowLoad.csv@762174480
2021-02-12 14:00:41,031 INFO o.a.j.s.FileServer: Close: D:\Projects\Solactive_RealTime_RestController\Jmeter_Performance\\data\Instruments-for-Tests-LowLoad.csv@77861967
2021-02-12 14:00:41,031 INFO o.a.j.s.FileServer: Close: D:\Projects\Solactive_RealTime_RestController\Jmeter_Performance\\data\Instruments-for-Tests-LowLoad.csv@1008234845
2021-02-12 14:00:41,031 INFO o.a.j.s.FileServer: Close: D:\Projects\Solactive_RealTime_RestController\Jmeter_Performance\\data\Instruments-for-Tests-LowLoad.csv@1723572155
2021-02-12 14:00:41,031 INFO o.a.j.s.FileServer: Close: D:\Projects\Solactive_RealTime_RestController\Jmeter_Performance\\data\Instruments-for-Tests-LowLoad.csv@1604094398
2021-02-12 14:00:41,031 INFO o.a.j.s.FileServer: Close: D:\Projects\Solactive_RealTime_RestController\Jmeter_Performance\\data\Instruments-for-Tests-LowLoad.csv@971646465
2021-02-12 14:00:41,031 INFO o.a.j.s.FileServer: Close: D:\Projects\Solactive_RealTime_RestController\Jmeter_Performance\\data\Instruments-for-Tests-LowLoad.csv@646091133
2021-02-12 14:00:41,031 INFO o.a.j.s.FileServer: Close: D:\Projects\Solactive_RealTime_RestController\Jmeter_Performance\\data\Instruments-for-Tests-LowLoad.csv@2018034042
2021-02-12 14:00:41,031 INFO o.a.j.s.FileServer: Close: D:\Projects\Solactive_RealTime_RestController\Jmeter_Performance\\data\Instruments-for-Tests-LowLoad.csv@2058502465
2021-02-12 14:00:41,031 INFO o.a.j.s.FileServer: Close: D:\Projects\Solactive_RealTime_RestController\Jmeter_Performance\\data\Instruments-for-Tests-LowLoad.csv@188135614
2021-02-12 14:00:41,031 INFO o.a.j.s.FileServer: Close: D:\Projects\Solactive_RealTime_RestController\Jmeter_Performance\\data\Instruments-for-Tests-LowLoad.csv@997178009
2021-02-12 14:00:41,031 INFO o.a.j.s.FileServer: Close: D:\Projects\Solactive_RealTime_RestController\Jmeter_Performance\\data\Instruments-for-Tests-LowLoad.csv@2078073732
2021-02-12 14:00:41,031 INFO o.a.j.s.FileServer: Close: D:\Projects\Solactive_RealTime_RestController\Jmeter_Performance\\data\Instruments-for-Tests-LowLoad.csv@129957326
2021-02-12 14:00:41,031 INFO o.a.j.s.FileServer: Close: D:\Projects\Solactive_RealTime_RestController\Jmeter_Performance\\data\Instruments-for-Tests-LowLoad.csv@126678282
2021-02-12 14:00:41,032 INFO o.a.j.r.Summariser: summary +     11 in 00:00:08 =    1.3/s Avg:     2 Min:     2 Max:     4 Err:     0 (0.00%) Active: 0 Started: 75 Finished: 75
2021-02-12 14:00:41,033 INFO o.a.j.r.Summariser: summary =    372 in 00:05:00 =    1.2/s Avg:     5 Min:     2 Max:    86 Err:     0 (0.00%)
2021-02-12 14:00:41,034 INFO o.a.j.JMeter: Generating Dashboard
2021-02-12 14:00:41,034 INFO o.a.j.r.d.ReportGenerator: Flushing result collector before report Generation
2021-02-12 14:00:41,054 INFO o.a.j.r.p.NormalizerSampleConsumer: Using format, 'ms', to parse timeStamp field
2021-02-12 14:00:41,794 INFO o.a.j.r.p.AbstractSampleConsumer: class org.apache.jmeter.report.processor.AggregateConsumer#stopProducing(): beginDate produced 0 samples
2021-02-12 14:00:41,794 INFO o.a.j.r.p.AbstractSampleConsumer: class org.apache.jmeter.report.processor.AggregateConsumer#stopProducing(): endDate produced 0 samples
2021-02-12 14:00:41,797 INFO o.a.j.r.p.AbstractSampleConsumer: class org.apache.jmeter.report.processor.ApdexSummaryConsumer#stopProducing(): apdexSummary produced 0 samples
2021-02-12 14:00:41,797 INFO o.a.j.r.p.AbstractSampleConsumer: class org.apache.jmeter.report.processor.RequestsSummaryConsumer#stopProducing(): requestsSummary produced 0 samples
2021-02-12 14:00:41,804 INFO o.a.j.r.p.AbstractSampleConsumer: class org.apache.jmeter.report.processor.StatisticsSummaryConsumer#stopProducing(): statisticsSummary produced 0 samples
2021-02-12 14:00:41,805 INFO o.a.j.r.p.AbstractSampleConsumer: class org.apache.jmeter.report.processor.Top5ErrorsBySamplerConsumer#stopProducing(): top5ErrorsBySampler produced 0 samples
2021-02-12 14:00:41,806 INFO o.a.j.r.p.AbstractSampleConsumer: class org.apache.jmeter.report.processor.ErrorsSummaryConsumer#stopProducing(): errorsSummary produced 0 samples
2021-02-12 14:00:41,806 INFO o.a.j.r.p.AbstractSampleConsumer: class org.apache.jmeter.report.processor.graph.impl.HitsPerSecondGraphConsumer#stopProducing(): hitsPerSecond produced 0 samples
2021-02-12 14:00:41,833 INFO o.a.j.r.p.AbstractSampleConsumer: class org.apache.jmeter.report.processor.graph.impl.LatencyVSRequestGraphConsumer#stopProducing(): latencyVsRequest produced 0 samples
2021-02-12 14:00:41,834 INFO o.a.j.r.p.AbstractSampleConsumer: class org.apache.jmeter.report.processor.graph.impl.SyntheticResponseTimeDistributionGraphConsumer#stopProducing(): syntheticResponseTimeDistribution produced 0 samples
2021-02-12 14:00:41,835 INFO o.a.j.r.p.AbstractSampleConsumer: class org.apache.jmeter.report.processor.graph.impl.BytesThroughputGraphConsumer#stopProducing(): bytesThroughputOverTime produced 0 samples
2021-02-12 14:00:41,835 INFO o.a.j.r.p.AbstractSampleConsumer: class org.apache.jmeter.report.processor.graph.impl.CodesPerSecondGraphConsumer#stopProducing(): codesPerSecond produced 0 samples
2021-02-12 14:00:41,857 INFO o.a.j.r.p.AbstractSampleConsumer: class org.apache.jmeter.report.processor.graph.impl.ResponseTimeVSRequestGraphConsumer#stopProducing(): responseTimeVsRequest produced 0 samples
2021-02-12 14:00:41,858 INFO o.a.j.r.p.AbstractSampleConsumer: class org.apache.jmeter.report.processor.FilterConsumer#stopProducing(): startIntervalControlerFilter produced 2604 samples
2021-02-12 14:00:41,858 INFO o.a.j.r.p.AbstractSampleConsumer: class org.apache.jmeter.report.processor.graph.impl.TotalTPSGraphConsumer#stopProducing(): totalTPS produced 0 samples
2021-02-12 14:00:41,858 INFO o.a.j.r.p.AbstractSampleConsumer: class org.apache.jmeter.report.processor.graph.impl.ActiveThreadsGraphConsumer#stopProducing(): activeThreadsOverTime produced 0 samples
2021-02-12 14:00:41,858 INFO o.a.j.r.p.AbstractSampleConsumer: class org.apache.jmeter.report.processor.graph.impl.TimeVSThreadGraphConsumer#stopProducing(): timeVsThreads produced 0 samples
2021-02-12 14:00:41,859 INFO o.a.j.r.p.AbstractSampleConsumer: class org.apache.jmeter.report.processor.graph.impl.ResponseTimeDistributionGraphConsumer#stopProducing(): responseTimeDistribution produced 0 samples
2021-02-12 14:00:41,859 INFO o.a.j.r.p.AbstractSampleConsumer: class org.apache.jmeter.report.processor.graph.impl.TransactionsPerSecondGraphConsumer#stopProducing(): transactionsPerSecond produced 0 samples
2021-02-12 14:00:41,859 INFO o.a.j.r.p.AbstractSampleConsumer: class org.apache.jmeter.report.processor.graph.impl.ResponseTimePercentilesGraphConsumer#stopProducing(): responseTimePercentiles produced 0 samples
2021-02-12 14:00:41,861 INFO o.a.j.r.p.AbstractSampleConsumer: class org.apache.jmeter.report.processor.graph.impl.ResponseTimePercentilesOverTimeGraphConsumer#stopProducing(): responseTimePercentilesOverTime produced 0 samples
2021-02-12 14:00:41,862 INFO o.a.j.r.p.AbstractSampleConsumer: class org.apache.jmeter.report.processor.graph.impl.ResponseTimeOverTimeGraphConsumer#stopProducing(): responseTimesOverTime produced 0 samples
2021-02-12 14:00:41,862 INFO o.a.j.r.p.AbstractSampleConsumer: class org.apache.jmeter.report.processor.graph.impl.ConnectTimeOverTimeGraphConsumer#stopProducing(): connectTimeOverTime produced 0 samples
2021-02-12 14:00:41,862 INFO o.a.j.r.p.AbstractSampleConsumer: class org.apache.jmeter.report.processor.graph.impl.LatencyOverTimeGraphConsumer#stopProducing(): latenciesOverTime produced 0 samples
2021-02-12 14:00:41,862 INFO o.a.j.r.p.AbstractSampleConsumer: class org.apache.jmeter.report.processor.FilterConsumer#stopProducing(): nameFilter produced 5580 samples
2021-02-12 14:00:41,862 INFO o.a.j.r.p.AbstractSampleConsumer: class org.apache.jmeter.report.processor.FilterConsumer#stopProducing(): dateRangeFilter produced 1116 samples
2021-02-12 14:00:41,862 INFO o.a.j.r.p.AbstractSampleConsumer: class org.apache.jmeter.report.processor.NormalizerSampleConsumer#stopProducing(): normalizer produced 372 samples
2021-02-12 14:00:41,863 INFO o.a.j.r.p.CsvFileSampleSource: produce(): 372 samples produced in 785ms on channel 0
2021-02-12 14:00:41,863 INFO o.a.j.r.d.ReportGenerator: Exporting data using exporter:'json' of className:'org.apache.jmeter.report.dashboard.JsonExporter'
2021-02-12 14:00:41,866 INFO o.a.j.r.d.JsonExporter: Found data for consumer statisticsSummaryin context
2021-02-12 14:00:41,866 INFO o.a.j.r.d.JsonExporter: Creating statistics for overall
2021-02-12 14:00:41,867 INFO o.a.j.r.d.JsonExporter: Creating statistics for other transactions
2021-02-12 14:00:41,868 INFO o.a.j.r.d.JsonExporter: Checking output folder
2021-02-12 14:00:41,869 INFO o.a.j.r.d.JsonExporter: Writing statistics JSON to D:\Projects\Solactive_RealTime_RestController\Jmeter_Performance\executions\D1\DESKTOP-VPGUUNH\20210212_135538\Report\statistics.json
2021-02-12 14:00:42,027 INFO o.a.j.r.d.ReportGenerator: Exporting data using exporter:'html' of className:'org.apache.jmeter.report.dashboard.HtmlTemplateExporter'
2021-02-12 14:00:42,030 INFO o.a.j.r.d.HtmlTemplateExporter: Will generate dashboard in folder: D:\Projects\Solactive_RealTime_RestController\Jmeter_Performance\executions\D1\DESKTOP-VPGUUNH\20210212_135538\Report
2021-02-12 14:00:42,119 ERROR f.configuration: DefaultObjectWrapper.incompatibleImprovements was set to the object returned by Configuration.getVersion(). That defeats the purpose of incompatibleImprovements, and makes upgrading FreeMarker a potentially breaking change. Also, this probably won't be allowed starting from 2.4.0. Instead, set incompatibleImprovements to the highest concrete version that's known to be compatible with your application.
2021-02-12 14:00:42,120 ERROR f.configuration: Configuration.incompatibleImprovements was set to the object returned by Configuration.getVersion(). That defeats the purpose of incompatibleImprovements, and makes upgrading FreeMarker a potentially breaking change. Also, this probably won't be allowed starting from 2.4.0. Instead, set incompatibleImprovements to the highest concrete version that's known to be compatible with your application.
2021-02-12 14:00:42,128 INFO o.a.j.r.d.HtmlTemplateExporter: Report will be generated in: D:\Projects\Solactive_RealTime_RestController\Jmeter_Performance\executions\D1\DESKTOP-VPGUUNH\20210212_135538\Report, creating folder structure
2021-02-12 14:00:42,129 INFO o.a.j.r.d.TemplateVisitor: Copying folder from 'D:\Installed\apache-jmeter-5.3\bin\report-template' to 'D:\Projects\Solactive_RealTime_RestController\Jmeter_Performance\executions\D1\DESKTOP-VPGUUNH\20210212_135538\Report', got message: D:\Projects\Solactive_RealTime_RestController\Jmeter_Performance\executions\D1\DESKTOP-VPGUUNH\20210212_135538\Report, found non empty folder with following content [D:\Projects\Solactive_RealTime_RestController\Jmeter_Performance\executions\D1\DESKTOP-VPGUUNH\20210212_135538\Report\statistics.json], will be ignored
2021-02-12 14:00:42,465 INFO o.a.j.JMeter: Dashboard generated
