2021-02-12 14:06:49,571 INFO o.a.j.u.JMeterUtils: Setting Locale to en_EN
2021-02-12 14:06:49,592 INFO o.a.j.JMeter: Loading user properties from: D:\Installed\apache-jmeter-5.3\bin\user.properties
2021-02-12 14:06:49,593 INFO o.a.j.JMeter: Loading system properties from: D:\Installed\apache-jmeter-5.3\bin\system.properties
2021-02-12 14:06:49,593 INFO o.a.j.JMeter: Setting JMeter property: sample_variables=trxTimeStamp
2021-02-12 14:06:49,593 INFO o.a.j.JMeter: Setting JMeter property: loadGenNumber=1
2021-02-12 14:06:49,594 INFO o.a.j.JMeter: Setting JMeter property: duration=300
2021-02-12 14:06:49,594 INFO o.a.j.JMeter: Setting JMeter property: jmeter.reportgenerator.overall_granularity=60000
2021-02-12 14:06:49,594 INFO o.a.j.JMeter: Setting System property: nashorn.args=--no-deprecation-warning
2021-02-12 14:06:49,595 INFO o.a.j.JMeter: Copyright (c) 1998-2020 The Apache Software Foundation
2021-02-12 14:06:49,596 INFO o.a.j.JMeter: Version 5.3
2021-02-12 14:06:49,596 INFO o.a.j.JMeter: java.version=11.0.6
2021-02-12 14:06:49,596 INFO o.a.j.JMeter: java.vm.name=Java HotSpot(TM) 64-Bit Server VM
2021-02-12 14:06:49,596 INFO o.a.j.JMeter: os.name=Windows 10
2021-02-12 14:06:49,596 INFO o.a.j.JMeter: os.arch=amd64
2021-02-12 14:06:49,596 INFO o.a.j.JMeter: os.version=10.0
2021-02-12 14:06:49,596 INFO o.a.j.JMeter: file.encoding=Cp1252
2021-02-12 14:06:49,596 INFO o.a.j.JMeter: java.awt.headless=true
2021-02-12 14:06:49,596 INFO o.a.j.JMeter: Max memory     =1073741824
2021-02-12 14:06:49,596 INFO o.a.j.JMeter: Available Processors =8
2021-02-12 14:06:49,608 INFO o.a.j.JMeter: Default Locale=English (EN)
2021-02-12 14:06:49,608 INFO o.a.j.JMeter: JMeter  Locale=English (EN)
2021-02-12 14:06:49,608 INFO o.a.j.JMeter: JMeterHome=D:\Installed\apache-jmeter-5.3
2021-02-12 14:06:49,608 INFO o.a.j.JMeter: user.dir  =D:\Projects\Solactive_RealTime_RestController\Jmeter_Performance
2021-02-12 14:06:49,608 INFO o.a.j.JMeter: PWD       =D:\Projects\Solactive_RealTime_RestController\Jmeter_Performance
2021-02-12 14:06:49,610 INFO o.a.j.JMeter: IP: 169.254.151.137 Name: DESKTOP-VPGUUNH FullName: DESKTOP-VPGUUNH
2021-02-12 14:06:49,613 INFO o.a.j.JMeter: Setting property 'jmeter.reportgenerator.outputdir' to:'D:\Projects\Solactive_RealTime_RestController\Jmeter_Performance\executions\D1\DESKTOP-VPGUUNH\20210212_140648\Report'
2021-02-12 14:06:49,616 INFO o.a.j.s.FileServer: Default base='D:\Projects\Solactive_RealTime_RestController\Jmeter_Performance'
2021-02-12 14:06:49,617 INFO o.a.j.s.FileServer: Set new base='D:\Projects\Solactive_RealTime_RestController\Jmeter_Performance'
2021-02-12 14:06:49,772 INFO o.a.j.s.SaveService: Testplan (JMX) version: 2.2. Testlog (JTL) version: 2.2
2021-02-12 14:06:49,790 INFO o.a.j.s.SaveService: Using SaveService properties version 5.0
2021-02-12 14:06:49,793 INFO o.a.j.s.SaveService: Using SaveService properties file encoding UTF-8
2021-02-12 14:06:49,798 INFO o.a.j.s.SaveService: Loading file: D:\Projects\Solactive_RealTime_RestController\Jmeter_Performance\Solactive_Pattern_RestController.jmx
2021-02-12 14:06:49,841 INFO o.a.j.p.h.c.CookieManager: Settings: Delete null: true Check: true Allow variable: true Save: false Prefix: COOKIE_
2021-02-12 14:06:49,880 INFO o.a.j.p.h.s.HTTPSamplerBase: Parser for text/html is org.apache.jmeter.protocol.http.parser.LagartoBasedHtmlParser
2021-02-12 14:06:49,880 INFO o.a.j.p.h.s.HTTPSamplerBase: Parser for application/xhtml+xml is org.apache.jmeter.protocol.http.parser.LagartoBasedHtmlParser
2021-02-12 14:06:49,880 INFO o.a.j.p.h.s.HTTPSamplerBase: Parser for application/xml is org.apache.jmeter.protocol.http.parser.LagartoBasedHtmlParser
2021-02-12 14:06:49,880 INFO o.a.j.p.h.s.HTTPSamplerBase: Parser for text/xml is org.apache.jmeter.protocol.http.parser.LagartoBasedHtmlParser
2021-02-12 14:06:49,880 INFO o.a.j.p.h.s.HTTPSamplerBase: Parser for text/vnd.wap.wml is org.apache.jmeter.protocol.http.parser.RegexpHTMLParser
2021-02-12 14:06:49,881 INFO o.a.j.p.h.s.HTTPSamplerBase: Parser for text/css is org.apache.jmeter.protocol.http.parser.CssParser
2021-02-12 14:06:49,913 INFO o.a.j.JMeter: Creating summariser <summary>
2021-02-12 14:06:49,919 INFO o.a.j.r.d.ReportGenerator: ReportGenerator will use for Parsing the separator: ','
2021-02-12 14:06:49,919 INFO o.a.j.r.d.ReportGenerator: Will generate report at end of test from  results file: D:\Projects\Solactive_RealTime_RestController\Jmeter_Performance\executions\D1\DESKTOP-VPGUUNH\20210212_140648\log.jtl
2021-02-12 14:06:49,919 INFO o.a.j.r.d.ReportGenerator: Reading report generator properties from: D:\Installed\apache-jmeter-5.3\bin\reportgenerator.properties
2021-02-12 14:06:49,920 INFO o.a.j.r.d.ReportGenerator: Merging with JMeter properties
2021-02-12 14:06:49,924 INFO o.a.j.r.c.ReportGeneratorConfiguration: Property 'jmeter.reportgenerator.temp_dir' not found, using default value 'temp' instead.
2021-02-12 14:06:49,927 INFO o.a.j.r.c.ReportGeneratorConfiguration: Property 'jmeter.reportgenerator.apdex_per_transaction' not found, using default value 'null' instead.
2021-02-12 14:06:49,927 INFO o.a.j.r.c.ReportGeneratorConfiguration: apdex_per_transaction is empty, not APDEX per transaction customization
2021-02-12 14:06:49,928 INFO o.a.j.r.c.ReportGeneratorConfiguration: Property 'jmeter.reportgenerator.sample_filter' not found, using default value 'null' instead.
2021-02-12 14:06:49,928 INFO o.a.j.r.c.ReportGeneratorConfiguration: Property 'jmeter.reportgenerator.report_title' not found, using default value 'null' instead.
2021-02-12 14:06:49,928 INFO o.a.j.r.c.ReportGeneratorConfiguration: Property 'jmeter.reportgenerator.start_date' not found, using default value 'null' instead.
2021-02-12 14:06:49,928 INFO o.a.j.r.c.ReportGeneratorConfiguration: Property 'jmeter.reportgenerator.end_date' not found, using default value 'null' instead.
2021-02-12 14:06:49,928 INFO o.a.j.r.c.ReportGeneratorConfiguration: Property 'jmeter.reportgenerator.date_format' not found, using default value 'null' instead.
2021-02-12 14:06:49,928 INFO o.a.j.r.c.ReportGeneratorConfiguration: Will use date range start date: null, end date: null
2021-02-12 14:06:49,932 INFO o.a.j.r.c.ReportGeneratorConfiguration: Property 'jmeter.reportgenerator.graph.totalTPS.exclude_controllers' not found, using default value 'false' instead.
2021-02-12 14:06:49,933 INFO o.a.j.r.c.ReportGeneratorConfiguration: Property 'jmeter.reportgenerator.graph.activeThreadsOverTime.exclude_controllers' not found, using default value 'false' instead.
2021-02-12 14:06:49,933 INFO o.a.j.r.c.ReportGeneratorConfiguration: Property 'jmeter.reportgenerator.graph.timeVsThreads.exclude_controllers' not found, using default value 'false' instead.
2021-02-12 14:06:49,933 INFO o.a.j.r.c.ReportGeneratorConfiguration: Property 'jmeter.reportgenerator.graph.responseTimeDistribution.exclude_controllers' not found, using default value 'false' instead.
2021-02-12 14:06:49,933 INFO o.a.j.r.c.ReportGeneratorConfiguration: Property 'jmeter.reportgenerator.graph.transactionsPerSecond.exclude_controllers' not found, using default value 'false' instead.
2021-02-12 14:06:49,933 INFO o.a.j.r.c.ReportGeneratorConfiguration: Property 'jmeter.reportgenerator.graph.responseTimePercentiles.exclude_controllers' not found, using default value 'false' instead.
2021-02-12 14:06:49,933 INFO o.a.j.r.c.ReportGeneratorConfiguration: Property 'jmeter.reportgenerator.graph.responseTimePercentilesOverTime.exclude_controllers' not found, using default value 'false' instead.
2021-02-12 14:06:49,934 INFO o.a.j.r.c.ReportGeneratorConfiguration: Property 'jmeter.reportgenerator.graph.responseTimesOverTime.exclude_controllers' not found, using default value 'false' instead.
2021-02-12 14:06:49,934 INFO o.a.j.r.c.ReportGeneratorConfiguration: Property 'jmeter.reportgenerator.graph.connectTimeOverTime.exclude_controllers' not found, using default value 'false' instead.
2021-02-12 14:06:49,934 INFO o.a.j.r.c.ReportGeneratorConfiguration: Property 'jmeter.reportgenerator.graph.latenciesOverTime.exclude_controllers' not found, using default value 'false' instead.
2021-02-12 14:06:49,935 INFO o.a.j.r.c.ReportGeneratorConfiguration: Property 'jmeter.reportgenerator.exporter.json.filters_only_sample_series' not found, using default value 'true' instead.
2021-02-12 14:06:49,936 INFO o.a.j.r.c.ReportGeneratorConfiguration: Property 'jmeter.reportgenerator.exporter.json.series_filter' not found, using default value '' instead.
2021-02-12 14:06:49,936 INFO o.a.j.r.c.ReportGeneratorConfiguration: Property 'jmeter.reportgenerator.exporter.json.show_controllers_only' not found, using default value 'false' instead.
2021-02-12 14:06:49,936 INFO o.a.j.r.c.ReportGeneratorConfiguration: Property 'jmeter.reportgenerator.exporter.html.filters_only_sample_series' not found, using default value 'true' instead.
2021-02-12 14:06:49,937 INFO o.a.j.r.c.ReportGeneratorConfiguration: Property 'jmeter.reportgenerator.exporter.html.series_filter' not found, using default value '' instead.
2021-02-12 14:06:49,937 INFO o.a.j.r.c.ReportGeneratorConfiguration: Property 'jmeter.reportgenerator.exporter.html.show_controllers_only' not found, using default value 'false' instead.
2021-02-12 14:06:49,944 INFO o.a.j.e.StandardJMeterEngine: Running the test!
2021-02-12 14:06:49,945 INFO o.a.j.s.SampleEvent: List of sample_variables: [trxTimeStamp]
2021-02-12 14:06:49,945 INFO o.a.j.s.SampleEvent: List of sample_variables: [trxTimeStamp]
2021-02-12 14:06:49,958 INFO o.a.j.e.u.CompoundVariable: Note: Function class names must contain the string: '.functions.'
2021-02-12 14:06:49,958 INFO o.a.j.e.u.CompoundVariable: Note: Function class names must not contain the string: '.gui.'
2021-02-12 14:06:50,478 INFO o.a.j.r.ResultCollector: Folder at D:\Projects\Solactive_RealTime_RestController\Jmeter_Performance\log\D1\DESKTOP-VPGUUNH\20210212_140650 was created
2021-02-12 14:06:51,806 INFO o.a.j.JMeter: Running test (1613135211806)
2021-02-12 14:06:51,844 INFO o.a.j.e.StandardJMeterEngine: Starting ThreadGroup: 1 : Thread Group - Ticks
2021-02-12 14:06:51,845 INFO o.a.j.e.StandardJMeterEngine: Starting 25 threads for group Thread Group - Ticks.
2021-02-12 14:06:51,845 INFO o.a.j.e.StandardJMeterEngine: Thread will continue on error
2021-02-12 14:06:51,846 INFO o.a.j.t.ThreadGroup: Starting thread group... number=1 threads=25 ramp-up=30 delayedStart=false
2021-02-12 14:06:51,920 INFO o.a.j.t.JMeterThread: Thread started: Thread Group - Ticks 1-1
2021-02-12 14:06:51,927 INFO o.a.j.s.FileServer: Stored: D:\Projects\Solactive_RealTime_RestController\Jmeter_Performance\\data\Instruments-for-Tests-LowLoad.csv Alias: D:\Projects\Solactive_RealTime_RestController\Jmeter_Performance\\data\Instruments-for-Tests-LowLoad.csv@1620616068
2021-02-12 14:06:51,927 INFO o.a.j.t.ThreadGroup: Started thread group number 1
2021-02-12 14:06:51,927 INFO o.a.j.e.StandardJMeterEngine: Starting ThreadGroup: 2 : Thread Group - Statistics
2021-02-12 14:06:51,927 INFO o.a.j.e.StandardJMeterEngine: Starting 25 threads for group Thread Group - Statistics.
2021-02-12 14:06:51,928 INFO o.a.j.e.StandardJMeterEngine: Thread will continue on error
2021-02-12 14:06:51,928 INFO o.a.j.t.ThreadGroup: Starting thread group... number=2 threads=25 ramp-up=30 delayedStart=false
2021-02-12 14:06:51,936 INFO o.a.j.t.JMeterThread: Thread started: Thread Group - Statistics 2-1
2021-02-12 14:06:51,977 INFO o.a.j.t.ThreadGroup: Started thread group number 2
2021-02-12 14:06:51,977 INFO o.a.j.e.StandardJMeterEngine: Starting ThreadGroup: 3 : Thread Group - Statistics Instruments
2021-02-12 14:06:51,977 INFO o.a.j.e.StandardJMeterEngine: Starting 25 threads for group Thread Group - Statistics Instruments.
2021-02-12 14:06:51,977 INFO o.a.j.e.StandardJMeterEngine: Thread will continue on error
2021-02-12 14:06:51,977 INFO o.a.j.t.ThreadGroup: Starting thread group... number=3 threads=25 ramp-up=30 delayedStart=false
2021-02-12 14:06:51,980 INFO o.a.j.t.JMeterThread: Thread started: Thread Group - Statistics Instruments 3-1
2021-02-12 14:06:51,982 INFO o.a.j.s.FileServer: Stored: D:\Projects\Solactive_RealTime_RestController\Jmeter_Performance\\data\Instruments-for-Tests-LowLoad.csv Alias: D:\Projects\Solactive_RealTime_RestController\Jmeter_Performance\\data\Instruments-for-Tests-LowLoad.csv@1345603088
2021-02-12 14:06:52,000 INFO o.a.j.p.h.s.HTTPHCAbstractImpl: Local host = DESKTOP-VPGUUNH
2021-02-12 14:06:52,005 INFO o.a.j.t.ThreadGroup: Started thread group number 3
2021-02-12 14:06:52,006 INFO o.a.j.e.StandardJMeterEngine: All thread groups have been started
2021-02-12 14:06:52,018 INFO o.a.j.p.h.s.HTTPHC4Impl: HTTP request retry count = 0
2021-02-12 14:06:52,022 INFO o.a.j.s.SampleResult: Note: Sample TimeStamps are START times
2021-02-12 14:06:52,022 INFO o.a.j.s.SampleResult: sampleresult.default.encoding is set to ISO-8859-1
2021-02-12 14:06:52,022 INFO o.a.j.s.SampleResult: sampleresult.useNanoTime=true
2021-02-12 14:06:52,023 INFO o.a.j.s.SampleResult: sampleresult.nanoThreadSleep=5000
2021-02-12 14:06:53,118 INFO o.a.j.t.JMeterThread: Thread started: Thread Group - Ticks 1-2
2021-02-12 14:06:53,118 INFO o.a.j.s.FileServer: Stored: D:\Projects\Solactive_RealTime_RestController\Jmeter_Performance\\data\Instruments-for-Tests-LowLoad.csv Alias: D:\Projects\Solactive_RealTime_RestController\Jmeter_Performance\\data\Instruments-for-Tests-LowLoad.csv@932073656
2021-02-12 14:06:53,142 INFO o.a.j.t.JMeterThread: Thread started: Thread Group - Statistics 2-2
2021-02-12 14:06:53,178 INFO o.a.j.t.JMeterThread: Thread started: Thread Group - Statistics Instruments 3-2
2021-02-12 14:06:53,178 INFO o.a.j.s.FileServer: Stored: D:\Projects\Solactive_RealTime_RestController\Jmeter_Performance\\data\Instruments-for-Tests-LowLoad.csv Alias: D:\Projects\Solactive_RealTime_RestController\Jmeter_Performance\\data\Instruments-for-Tests-LowLoad.csv@1818533025
2021-02-12 14:06:54,309 INFO o.a.j.t.JMeterThread: Thread started: Thread Group - Ticks 1-3
2021-02-12 14:06:54,309 INFO o.a.j.s.FileServer: Stored: D:\Projects\Solactive_RealTime_RestController\Jmeter_Performance\\data\Instruments-for-Tests-LowLoad.csv Alias: D:\Projects\Solactive_RealTime_RestController\Jmeter_Performance\\data\Instruments-for-Tests-LowLoad.csv@441355558
2021-02-12 14:06:54,336 INFO o.a.j.t.JMeterThread: Thread started: Thread Group - Statistics 2-3
2021-02-12 14:06:54,379 INFO o.a.j.t.JMeterThread: Thread started: Thread Group - Statistics Instruments 3-3
2021-02-12 14:06:54,379 INFO o.a.j.s.FileServer: Stored: D:\Projects\Solactive_RealTime_RestController\Jmeter_Performance\\data\Instruments-for-Tests-LowLoad.csv Alias: D:\Projects\Solactive_RealTime_RestController\Jmeter_Performance\\data\Instruments-for-Tests-LowLoad.csv@1182056481
2021-02-12 14:06:55,517 INFO o.a.j.t.JMeterThread: Thread started: Thread Group - Ticks 1-4
2021-02-12 14:06:55,517 INFO o.a.j.s.FileServer: Stored: D:\Projects\Solactive_RealTime_RestController\Jmeter_Performance\\data\Instruments-for-Tests-LowLoad.csv Alias: D:\Projects\Solactive_RealTime_RestController\Jmeter_Performance\\data\Instruments-for-Tests-LowLoad.csv@636212080
2021-02-12 14:06:55,542 INFO o.a.j.t.JMeterThread: Thread started: Thread Group - Statistics 2-4
2021-02-12 14:06:55,580 INFO o.a.j.t.JMeterThread: Thread started: Thread Group - Statistics Instruments 3-4
2021-02-12 14:06:55,580 INFO o.a.j.s.FileServer: Stored: D:\Projects\Solactive_RealTime_RestController\Jmeter_Performance\\data\Instruments-for-Tests-LowLoad.csv Alias: D:\Projects\Solactive_RealTime_RestController\Jmeter_Performance\\data\Instruments-for-Tests-LowLoad.csv@1117273445
2021-02-12 14:06:56,709 INFO o.a.j.t.JMeterThread: Thread started: Thread Group - Ticks 1-5
2021-02-12 14:06:56,709 INFO o.a.j.s.FileServer: Stored: D:\Projects\Solactive_RealTime_RestController\Jmeter_Performance\\data\Instruments-for-Tests-LowLoad.csv Alias: D:\Projects\Solactive_RealTime_RestController\Jmeter_Performance\\data\Instruments-for-Tests-LowLoad.csv@1107403137
2021-02-12 14:06:56,737 INFO o.a.j.t.JMeterThread: Thread started: Thread Group - Statistics 2-5
2021-02-12 14:06:56,779 INFO o.a.j.t.JMeterThread: Thread started: Thread Group - Statistics Instruments 3-5
2021-02-12 14:06:56,779 INFO o.a.j.s.FileServer: Stored: D:\Projects\Solactive_RealTime_RestController\Jmeter_Performance\\data\Instruments-for-Tests-LowLoad.csv Alias: D:\Projects\Solactive_RealTime_RestController\Jmeter_Performance\\data\Instruments-for-Tests-LowLoad.csv@1331560062
2021-02-12 14:06:57,910 INFO o.a.j.t.JMeterThread: Thread started: Thread Group - Ticks 1-6
2021-02-12 14:06:57,910 INFO o.a.j.s.FileServer: Stored: D:\Projects\Solactive_RealTime_RestController\Jmeter_Performance\\data\Instruments-for-Tests-LowLoad.csv Alias: D:\Projects\Solactive_RealTime_RestController\Jmeter_Performance\\data\Instruments-for-Tests-LowLoad.csv@1298367798
2021-02-12 14:06:57,938 INFO o.a.j.t.JMeterThread: Thread started: Thread Group - Statistics 2-6
2021-02-12 14:06:57,982 INFO o.a.j.t.JMeterThread: Thread started: Thread Group - Statistics Instruments 3-6
2021-02-12 14:06:57,982 INFO o.a.j.s.FileServer: Stored: D:\Projects\Solactive_RealTime_RestController\Jmeter_Performance\\data\Instruments-for-Tests-LowLoad.csv Alias: D:\Projects\Solactive_RealTime_RestController\Jmeter_Performance\\data\Instruments-for-Tests-LowLoad.csv@1252463296
2021-02-12 14:06:59,111 INFO o.a.j.t.JMeterThread: Thread started: Thread Group - Ticks 1-7
2021-02-12 14:06:59,111 INFO o.a.j.s.FileServer: Stored: D:\Projects\Solactive_RealTime_RestController\Jmeter_Performance\\data\Instruments-for-Tests-LowLoad.csv Alias: D:\Projects\Solactive_RealTime_RestController\Jmeter_Performance\\data\Instruments-for-Tests-LowLoad.csv@969198877
2021-02-12 14:06:59,135 INFO o.a.j.t.JMeterThread: Thread started: Thread Group - Statistics 2-7
2021-02-12 14:06:59,180 INFO o.a.j.t.JMeterThread: Thread started: Thread Group - Statistics Instruments 3-7
2021-02-12 14:06:59,180 INFO o.a.j.s.FileServer: Stored: D:\Projects\Solactive_RealTime_RestController\Jmeter_Performance\\data\Instruments-for-Tests-LowLoad.csv Alias: D:\Projects\Solactive_RealTime_RestController\Jmeter_Performance\\data\Instruments-for-Tests-LowLoad.csv@1107880696
2021-02-12 14:07:00,308 INFO o.a.j.t.JMeterThread: Thread started: Thread Group - Ticks 1-8
2021-02-12 14:07:00,309 INFO o.a.j.s.FileServer: Stored: D:\Projects\Solactive_RealTime_RestController\Jmeter_Performance\\data\Instruments-for-Tests-LowLoad.csv Alias: D:\Projects\Solactive_RealTime_RestController\Jmeter_Performance\\data\Instruments-for-Tests-LowLoad.csv@67948231
2021-02-12 14:07:00,335 INFO o.a.j.t.JMeterThread: Thread started: Thread Group - Statistics 2-8
2021-02-12 14:07:00,344 INFO o.a.j.r.Summariser: summary +     28 in 00:00:09 =    3.3/s Avg:    12 Min:     2 Max:    95 Err:     0 (0.00%) Active: 23 Started: 23 Finished: 0
2021-02-12 14:07:00,380 INFO o.a.j.t.JMeterThread: Thread started: Thread Group - Statistics Instruments 3-8
2021-02-12 14:07:00,381 INFO o.a.j.s.FileServer: Stored: D:\Projects\Solactive_RealTime_RestController\Jmeter_Performance\\data\Instruments-for-Tests-LowLoad.csv Alias: D:\Projects\Solactive_RealTime_RestController\Jmeter_Performance\\data\Instruments-for-Tests-LowLoad.csv@1459070123
2021-02-12 14:07:01,491 INFO o.a.j.t.JMeterThread: Thread started: Thread Group - Ticks 1-9
2021-02-12 14:07:01,491 INFO o.a.j.s.FileServer: Stored: D:\Projects\Solactive_RealTime_RestController\Jmeter_Performance\\data\Instruments-for-Tests-LowLoad.csv Alias: D:\Projects\Solactive_RealTime_RestController\Jmeter_Performance\\data\Instruments-for-Tests-LowLoad.csv@1313129572
2021-02-12 14:07:01,532 INFO o.a.j.t.JMeterThread: Thread started: Thread Group - Statistics 2-9
2021-02-12 14:07:01,579 INFO o.a.j.t.JMeterThread: Thread started: Thread Group - Statistics Instruments 3-9
2021-02-12 14:07:01,580 INFO o.a.j.s.FileServer: Stored: D:\Projects\Solactive_RealTime_RestController\Jmeter_Performance\\data\Instruments-for-Tests-LowLoad.csv Alias: D:\Projects\Solactive_RealTime_RestController\Jmeter_Performance\\data\Instruments-for-Tests-LowLoad.csv@161914809
2021-02-12 14:07:02,694 INFO o.a.j.t.JMeterThread: Thread started: Thread Group - Ticks 1-10
2021-02-12 14:07:02,694 INFO o.a.j.s.FileServer: Stored: D:\Projects\Solactive_RealTime_RestController\Jmeter_Performance\\data\Instruments-for-Tests-LowLoad.csv Alias: D:\Projects\Solactive_RealTime_RestController\Jmeter_Performance\\data\Instruments-for-Tests-LowLoad.csv@151188457
2021-02-12 14:07:02,733 INFO o.a.j.t.JMeterThread: Thread started: Thread Group - Statistics 2-10
2021-02-12 14:07:02,789 INFO o.a.j.t.JMeterThread: Thread started: Thread Group - Statistics Instruments 3-10
2021-02-12 14:07:02,789 INFO o.a.j.s.FileServer: Stored: D:\Projects\Solactive_RealTime_RestController\Jmeter_Performance\\data\Instruments-for-Tests-LowLoad.csv Alias: D:\Projects\Solactive_RealTime_RestController\Jmeter_Performance\\data\Instruments-for-Tests-LowLoad.csv@1047759083
2021-02-12 14:07:03,892 INFO o.a.j.t.JMeterThread: Thread started: Thread Group - Ticks 1-11
2021-02-12 14:07:03,892 INFO o.a.j.s.FileServer: Stored: D:\Projects\Solactive_RealTime_RestController\Jmeter_Performance\\data\Instruments-for-Tests-LowLoad.csv Alias: D:\Projects\Solactive_RealTime_RestController\Jmeter_Performance\\data\Instruments-for-Tests-LowLoad.csv@1440223678
2021-02-12 14:07:03,932 INFO o.a.j.t.JMeterThread: Thread started: Thread Group - Statistics 2-11
2021-02-12 14:07:03,981 INFO o.a.j.t.JMeterThread: Thread started: Thread Group - Statistics Instruments 3-11
2021-02-12 14:07:03,981 INFO o.a.j.s.FileServer: Stored: D:\Projects\Solactive_RealTime_RestController\Jmeter_Performance\\data\Instruments-for-Tests-LowLoad.csv Alias: D:\Projects\Solactive_RealTime_RestController\Jmeter_Performance\\data\Instruments-for-Tests-LowLoad.csv@1075017371
2021-02-12 14:07:05,083 INFO o.a.j.t.JMeterThread: Thread started: Thread Group - Ticks 1-12
2021-02-12 14:07:05,084 INFO o.a.j.s.FileServer: Stored: D:\Projects\Solactive_RealTime_RestController\Jmeter_Performance\\data\Instruments-for-Tests-LowLoad.csv Alias: D:\Projects\Solactive_RealTime_RestController\Jmeter_Performance\\data\Instruments-for-Tests-LowLoad.csv@919375246
2021-02-12 14:07:05,131 INFO o.a.j.t.JMeterThread: Thread started: Thread Group - Statistics 2-12
2021-02-12 14:07:05,179 INFO o.a.j.t.JMeterThread: Thread started: Thread Group - Statistics Instruments 3-12
2021-02-12 14:07:05,179 INFO o.a.j.s.FileServer: Stored: D:\Projects\Solactive_RealTime_RestController\Jmeter_Performance\\data\Instruments-for-Tests-LowLoad.csv Alias: D:\Projects\Solactive_RealTime_RestController\Jmeter_Performance\\data\Instruments-for-Tests-LowLoad.csv@586482509
2021-02-12 14:07:06,279 INFO o.a.j.t.JMeterThread: Thread started: Thread Group - Ticks 1-13
2021-02-12 14:07:06,279 INFO o.a.j.s.FileServer: Stored: D:\Projects\Solactive_RealTime_RestController\Jmeter_Performance\\data\Instruments-for-Tests-LowLoad.csv Alias: D:\Projects\Solactive_RealTime_RestController\Jmeter_Performance\\data\Instruments-for-Tests-LowLoad.csv@1997819629
2021-02-12 14:07:06,332 INFO o.a.j.t.JMeterThread: Thread started: Thread Group - Statistics 2-13
2021-02-12 14:07:06,380 INFO o.a.j.t.JMeterThread: Thread started: Thread Group - Statistics Instruments 3-13
2021-02-12 14:07:06,380 INFO o.a.j.s.FileServer: Stored: D:\Projects\Solactive_RealTime_RestController\Jmeter_Performance\\data\Instruments-for-Tests-LowLoad.csv Alias: D:\Projects\Solactive_RealTime_RestController\Jmeter_Performance\\data\Instruments-for-Tests-LowLoad.csv@896219728
2021-02-12 14:07:07,475 INFO o.a.j.t.JMeterThread: Thread started: Thread Group - Ticks 1-14
2021-02-12 14:07:07,475 INFO o.a.j.s.FileServer: Stored: D:\Projects\Solactive_RealTime_RestController\Jmeter_Performance\\data\Instruments-for-Tests-LowLoad.csv Alias: D:\Projects\Solactive_RealTime_RestController\Jmeter_Performance\\data\Instruments-for-Tests-LowLoad.csv@587797678
2021-02-12 14:07:07,532 INFO o.a.j.t.JMeterThread: Thread started: Thread Group - Statistics 2-14
2021-02-12 14:07:07,579 INFO o.a.j.t.JMeterThread: Thread started: Thread Group - Statistics Instruments 3-14
2021-02-12 14:07:07,579 INFO o.a.j.s.FileServer: Stored: D:\Projects\Solactive_RealTime_RestController\Jmeter_Performance\\data\Instruments-for-Tests-LowLoad.csv Alias: D:\Projects\Solactive_RealTime_RestController\Jmeter_Performance\\data\Instruments-for-Tests-LowLoad.csv@74163407
2021-02-12 14:07:08,671 INFO o.a.j.t.JMeterThread: Thread started: Thread Group - Ticks 1-15
2021-02-12 14:07:08,671 INFO o.a.j.s.FileServer: Stored: D:\Projects\Solactive_RealTime_RestController\Jmeter_Performance\\data\Instruments-for-Tests-LowLoad.csv Alias: D:\Projects\Solactive_RealTime_RestController\Jmeter_Performance\\data\Instruments-for-Tests-LowLoad.csv@1185168499
2021-02-12 14:07:08,731 INFO o.a.j.t.JMeterThread: Thread started: Thread Group - Statistics 2-15
2021-02-12 14:07:08,779 INFO o.a.j.t.JMeterThread: Thread started: Thread Group - Statistics Instruments 3-15
2021-02-12 14:07:08,779 INFO o.a.j.s.FileServer: Stored: D:\Projects\Solactive_RealTime_RestController\Jmeter_Performance\\data\Instruments-for-Tests-LowLoad.csv Alias: D:\Projects\Solactive_RealTime_RestController\Jmeter_Performance\\data\Instruments-for-Tests-LowLoad.csv@470860668
2021-02-12 14:07:09,864 INFO o.a.j.t.JMeterThread: Thread started: Thread Group - Ticks 1-16
2021-02-12 14:07:09,865 INFO o.a.j.s.FileServer: Stored: D:\Projects\Solactive_RealTime_RestController\Jmeter_Performance\\data\Instruments-for-Tests-LowLoad.csv Alias: D:\Projects\Solactive_RealTime_RestController\Jmeter_Performance\\data\Instruments-for-Tests-LowLoad.csv@1069100787
2021-02-12 14:07:09,942 INFO o.a.j.t.JMeterThread: Thread started: Thread Group - Statistics 2-16
2021-02-12 14:07:09,980 INFO o.a.j.t.JMeterThread: Thread started: Thread Group - Statistics Instruments 3-16
2021-02-12 14:07:09,981 INFO o.a.j.s.FileServer: Stored: D:\Projects\Solactive_RealTime_RestController\Jmeter_Performance\\data\Instruments-for-Tests-LowLoad.csv Alias: D:\Projects\Solactive_RealTime_RestController\Jmeter_Performance\\data\Instruments-for-Tests-LowLoad.csv@2015553151
2021-02-12 14:07:11,056 INFO o.a.j.t.JMeterThread: Thread started: Thread Group - Ticks 1-17
2021-02-12 14:07:11,056 INFO o.a.j.s.FileServer: Stored: D:\Projects\Solactive_RealTime_RestController\Jmeter_Performance\\data\Instruments-for-Tests-LowLoad.csv Alias: D:\Projects\Solactive_RealTime_RestController\Jmeter_Performance\\data\Instruments-for-Tests-LowLoad.csv@950843861
2021-02-12 14:07:11,132 INFO o.a.j.t.JMeterThread: Thread started: Thread Group - Statistics 2-17
2021-02-12 14:07:11,179 INFO o.a.j.t.JMeterThread: Thread started: Thread Group - Statistics Instruments 3-17
2021-02-12 14:07:11,179 INFO o.a.j.s.FileServer: Stored: D:\Projects\Solactive_RealTime_RestController\Jmeter_Performance\\data\Instruments-for-Tests-LowLoad.csv Alias: D:\Projects\Solactive_RealTime_RestController\Jmeter_Performance\\data\Instruments-for-Tests-LowLoad.csv@187311617
2021-02-12 14:07:12,255 INFO o.a.j.t.JMeterThread: Thread started: Thread Group - Ticks 1-18
2021-02-12 14:07:12,255 INFO o.a.j.s.FileServer: Stored: D:\Projects\Solactive_RealTime_RestController\Jmeter_Performance\\data\Instruments-for-Tests-LowLoad.csv Alias: D:\Projects\Solactive_RealTime_RestController\Jmeter_Performance\\data\Instruments-for-Tests-LowLoad.csv@376074243
2021-02-12 14:07:12,332 INFO o.a.j.t.JMeterThread: Thread started: Thread Group - Statistics 2-18
2021-02-12 14:07:12,379 INFO o.a.j.t.JMeterThread: Thread started: Thread Group - Statistics Instruments 3-18
2021-02-12 14:07:12,379 INFO o.a.j.s.FileServer: Stored: D:\Projects\Solactive_RealTime_RestController\Jmeter_Performance\\data\Instruments-for-Tests-LowLoad.csv Alias: D:\Projects\Solactive_RealTime_RestController\Jmeter_Performance\\data\Instruments-for-Tests-LowLoad.csv@299553853
2021-02-12 14:07:13,453 INFO o.a.j.t.JMeterThread: Thread started: Thread Group - Ticks 1-19
2021-02-12 14:07:13,453 INFO o.a.j.s.FileServer: Stored: D:\Projects\Solactive_RealTime_RestController\Jmeter_Performance\\data\Instruments-for-Tests-LowLoad.csv Alias: D:\Projects\Solactive_RealTime_RestController\Jmeter_Performance\\data\Instruments-for-Tests-LowLoad.csv@660812802
2021-02-12 14:07:13,534 INFO o.a.j.t.JMeterThread: Thread started: Thread Group - Statistics 2-19
2021-02-12 14:07:13,579 INFO o.a.j.t.JMeterThread: Thread started: Thread Group - Statistics Instruments 3-19
2021-02-12 14:07:13,579 INFO o.a.j.s.FileServer: Stored: D:\Projects\Solactive_RealTime_RestController\Jmeter_Performance\\data\Instruments-for-Tests-LowLoad.csv Alias: D:\Projects\Solactive_RealTime_RestController\Jmeter_Performance\\data\Instruments-for-Tests-LowLoad.csv@1844554156
2021-02-12 14:07:14,660 INFO o.a.j.t.JMeterThread: Thread started: Thread Group - Ticks 1-20
2021-02-12 14:07:14,660 INFO o.a.j.s.FileServer: Stored: D:\Projects\Solactive_RealTime_RestController\Jmeter_Performance\\data\Instruments-for-Tests-LowLoad.csv Alias: D:\Projects\Solactive_RealTime_RestController\Jmeter_Performance\\data\Instruments-for-Tests-LowLoad.csv@1461847771
2021-02-12 14:07:14,734 INFO o.a.j.t.JMeterThread: Thread started: Thread Group - Statistics 2-20
2021-02-12 14:07:14,780 INFO o.a.j.t.JMeterThread: Thread started: Thread Group - Statistics Instruments 3-20
2021-02-12 14:07:14,781 INFO o.a.j.s.FileServer: Stored: D:\Projects\Solactive_RealTime_RestController\Jmeter_Performance\\data\Instruments-for-Tests-LowLoad.csv Alias: D:\Projects\Solactive_RealTime_RestController\Jmeter_Performance\\data\Instruments-for-Tests-LowLoad.csv@913740701
2021-02-12 14:07:15,862 INFO o.a.j.t.JMeterThread: Thread started: Thread Group - Ticks 1-21
2021-02-12 14:07:15,862 INFO o.a.j.s.FileServer: Stored: D:\Projects\Solactive_RealTime_RestController\Jmeter_Performance\\data\Instruments-for-Tests-LowLoad.csv Alias: D:\Projects\Solactive_RealTime_RestController\Jmeter_Performance\\data\Instruments-for-Tests-LowLoad.csv@1062637856
2021-02-12 14:07:15,933 INFO o.a.j.t.JMeterThread: Thread started: Thread Group - Statistics 2-21
2021-02-12 14:07:15,980 INFO o.a.j.t.JMeterThread: Thread started: Thread Group - Statistics Instruments 3-21
2021-02-12 14:07:15,980 INFO o.a.j.s.FileServer: Stored: D:\Projects\Solactive_RealTime_RestController\Jmeter_Performance\\data\Instruments-for-Tests-LowLoad.csv Alias: D:\Projects\Solactive_RealTime_RestController\Jmeter_Performance\\data\Instruments-for-Tests-LowLoad.csv@18932693
2021-02-12 14:07:17,057 INFO o.a.j.t.JMeterThread: Thread started: Thread Group - Ticks 1-22
2021-02-12 14:07:17,057 INFO o.a.j.s.FileServer: Stored: D:\Projects\Solactive_RealTime_RestController\Jmeter_Performance\\data\Instruments-for-Tests-LowLoad.csv Alias: D:\Projects\Solactive_RealTime_RestController\Jmeter_Performance\\data\Instruments-for-Tests-LowLoad.csv@1464742088
2021-02-12 14:07:17,132 INFO o.a.j.t.JMeterThread: Thread started: Thread Group - Statistics 2-22
2021-02-12 14:07:17,180 INFO o.a.j.t.JMeterThread: Thread started: Thread Group - Statistics Instruments 3-22
2021-02-12 14:07:17,180 INFO o.a.j.s.FileServer: Stored: D:\Projects\Solactive_RealTime_RestController\Jmeter_Performance\\data\Instruments-for-Tests-LowLoad.csv Alias: D:\Projects\Solactive_RealTime_RestController\Jmeter_Performance\\data\Instruments-for-Tests-LowLoad.csv@188181683
2021-02-12 14:07:18,254 INFO o.a.j.t.JMeterThread: Thread started: Thread Group - Ticks 1-23
2021-02-12 14:07:18,254 INFO o.a.j.s.FileServer: Stored: D:\Projects\Solactive_RealTime_RestController\Jmeter_Performance\\data\Instruments-for-Tests-LowLoad.csv Alias: D:\Projects\Solactive_RealTime_RestController\Jmeter_Performance\\data\Instruments-for-Tests-LowLoad.csv@909450421
2021-02-12 14:07:18,333 INFO o.a.j.t.JMeterThread: Thread started: Thread Group - Statistics 2-23
2021-02-12 14:07:18,380 INFO o.a.j.t.JMeterThread: Thread started: Thread Group - Statistics Instruments 3-23
2021-02-12 14:07:18,380 INFO o.a.j.s.FileServer: Stored: D:\Projects\Solactive_RealTime_RestController\Jmeter_Performance\\data\Instruments-for-Tests-LowLoad.csv Alias: D:\Projects\Solactive_RealTime_RestController\Jmeter_Performance\\data\Instruments-for-Tests-LowLoad.csv@152833686
2021-02-12 14:07:19,454 INFO o.a.j.t.JMeterThread: Thread started: Thread Group - Ticks 1-24
2021-02-12 14:07:19,454 INFO o.a.j.s.FileServer: Stored: D:\Projects\Solactive_RealTime_RestController\Jmeter_Performance\\data\Instruments-for-Tests-LowLoad.csv Alias: D:\Projects\Solactive_RealTime_RestController\Jmeter_Performance\\data\Instruments-for-Tests-LowLoad.csv@1276620313
2021-02-12 14:07:19,532 INFO o.a.j.t.JMeterThread: Thread started: Thread Group - Statistics 2-24
2021-02-12 14:07:19,578 INFO o.a.j.t.JMeterThread: Thread started: Thread Group - Statistics Instruments 3-24
2021-02-12 14:07:19,578 INFO o.a.j.s.FileServer: Stored: D:\Projects\Solactive_RealTime_RestController\Jmeter_Performance\\data\Instruments-for-Tests-LowLoad.csv Alias: D:\Projects\Solactive_RealTime_RestController\Jmeter_Performance\\data\Instruments-for-Tests-LowLoad.csv@966813665
2021-02-12 14:07:20,656 INFO o.a.j.t.JMeterThread: Thread started: Thread Group - Ticks 1-25
2021-02-12 14:07:20,656 INFO o.a.j.s.FileServer: Stored: D:\Projects\Solactive_RealTime_RestController\Jmeter_Performance\\data\Instruments-for-Tests-LowLoad.csv Alias: D:\Projects\Solactive_RealTime_RestController\Jmeter_Performance\\data\Instruments-for-Tests-LowLoad.csv@100749004
2021-02-12 14:07:20,732 INFO o.a.j.t.JMeterThread: Thread started: Thread Group - Statistics 2-25
2021-02-12 14:07:20,780 INFO o.a.j.t.JMeterThread: Thread started: Thread Group - Statistics Instruments 3-25
2021-02-12 14:07:20,780 INFO o.a.j.s.FileServer: Stored: D:\Projects\Solactive_RealTime_RestController\Jmeter_Performance\\data\Instruments-for-Tests-LowLoad.csv Alias: D:\Projects\Solactive_RealTime_RestController\Jmeter_Performance\\data\Instruments-for-Tests-LowLoad.csv@161954544
2021-02-12 14:07:32,722 INFO o.a.j.r.Summariser: summary +     81 in 00:00:32 =    2.5/s Avg:     4 Min:     2 Max:    47 Err:     0 (0.00%) Active: 75 Started: 75 Finished: 0
2021-02-12 14:07:32,722 INFO o.a.j.r.Summariser: summary =    109 in 00:00:41 =    2.7/s Avg:     6 Min:     2 Max:    95 Err:     0 (0.00%)
2021-02-12 14:08:02,096 INFO o.a.j.r.Summariser: summary +     30 in 00:00:29 =    1.0/s Avg:     4 Min:     3 Max:    13 Err:     0 (0.00%) Active: 75 Started: 75 Finished: 0
2021-02-12 14:08:02,097 INFO o.a.j.r.Summariser: summary =    139 in 00:01:10 =    2.0/s Avg:     6 Min:     2 Max:    95 Err:     0 (0.00%)
2021-02-12 14:08:31,469 INFO o.a.j.r.Summariser: summary +     27 in 00:00:29 =    0.9/s Avg:     5 Min:     2 Max:    19 Err:     0 (0.00%) Active: 75 Started: 75 Finished: 0
2021-02-12 14:08:31,470 INFO o.a.j.r.Summariser: summary =    166 in 00:01:40 =    1.7/s Avg:     6 Min:     2 Max:    95 Err:     0 (0.00%)
2021-02-12 14:09:00,297 INFO o.a.j.r.Summariser: summary +     33 in 00:00:29 =    1.1/s Avg:     3 Min:     2 Max:     9 Err:     0 (0.00%) Active: 75 Started: 75 Finished: 0
2021-02-12 14:09:00,299 INFO o.a.j.r.Summariser: summary =    199 in 00:02:08 =    1.5/s Avg:     5 Min:     2 Max:    95 Err:     0 (0.00%)
2021-02-12 14:09:33,878 INFO o.a.j.r.Summariser: summary +     30 in 00:00:34 =    0.9/s Avg:     4 Min:     2 Max:     9 Err:     0 (0.00%) Active: 75 Started: 75 Finished: 0
2021-02-12 14:09:33,884 INFO o.a.j.r.Summariser: summary =    229 in 00:02:42 =    1.4/s Avg:     5 Min:     2 Max:    95 Err:     0 (0.00%)
2021-02-12 14:10:02,723 INFO o.a.j.r.Summariser: summary +     30 in 00:00:29 =    1.0/s Avg:     3 Min:     2 Max:    10 Err:     0 (0.00%) Active: 75 Started: 75 Finished: 0
2021-02-12 14:10:02,723 INFO o.a.j.r.Summariser: summary =    259 in 00:03:11 =    1.4/s Avg:     5 Min:     2 Max:    95 Err:     0 (0.00%)
2021-02-12 14:10:32,079 INFO o.a.j.r.Summariser: summary +     30 in 00:00:29 =    1.0/s Avg:     3 Min:     2 Max:     9 Err:     0 (0.00%) Active: 75 Started: 75 Finished: 0
2021-02-12 14:10:32,080 INFO o.a.j.r.Summariser: summary =    289 in 00:03:40 =    1.3/s Avg:     5 Min:     2 Max:    95 Err:     0 (0.00%)
2021-02-12 14:10:40,467 INFO o.a.j.t.JMeterThread: Thread finished: Thread Group - Ticks 1-19
2021-02-12 14:10:40,548 INFO o.a.j.t.JMeterThread: Thread finished: Thread Group - Statistics 2-19
2021-02-12 14:10:40,590 INFO o.a.j.t.JMeterThread: Thread finished: Thread Group - Statistics Instruments 3-19
2021-02-12 14:10:44,674 INFO o.a.j.t.JMeterThread: Thread finished: Thread Group - Ticks 1-20
2021-02-12 14:10:44,747 INFO o.a.j.t.JMeterThread: Thread finished: Thread Group - Statistics 2-20
2021-02-12 14:10:44,794 INFO o.a.j.t.JMeterThread: Thread finished: Thread Group - Statistics Instruments 3-20
2021-02-12 14:10:48,888 INFO o.a.j.t.JMeterThread: Thread finished: Thread Group - Ticks 1-21
2021-02-12 14:10:48,940 INFO o.a.j.t.JMeterThread: Thread finished: Thread Group - Ticks 1-6
2021-02-12 14:10:48,955 INFO o.a.j.t.JMeterThread: Thread finished: Thread Group - Statistics 2-21
2021-02-12 14:10:48,963 INFO o.a.j.t.JMeterThread: Thread finished: Thread Group - Statistics 2-6
2021-02-12 14:10:48,998 INFO o.a.j.t.JMeterThread: Thread finished: Thread Group - Statistics Instruments 3-21
2021-02-12 14:10:49,002 INFO o.a.j.t.JMeterThread: Thread finished: Thread Group - Statistics Instruments 3-6
2021-02-12 14:10:53,070 INFO o.a.j.t.JMeterThread: Thread finished: Thread Group - Ticks 1-22
2021-02-12 14:10:53,148 INFO o.a.j.t.JMeterThread: Thread finished: Thread Group - Statistics 2-22
2021-02-12 14:10:53,193 INFO o.a.j.t.JMeterThread: Thread finished: Thread Group - Statistics Instruments 3-22
2021-02-12 14:10:57,266 INFO o.a.j.t.JMeterThread: Thread finished: Thread Group - Ticks 1-23
2021-02-12 14:10:57,344 INFO o.a.j.t.JMeterThread: Thread finished: Thread Group - Statistics 2-23
2021-02-12 14:10:57,393 INFO o.a.j.t.JMeterThread: Thread finished: Thread Group - Statistics Instruments 3-23
2021-02-12 14:11:01,464 INFO o.a.j.r.Summariser: summary +     27 in 00:00:29 =    0.9/s Avg:     2 Min:     2 Max:     6 Err:     0 (0.00%) Active: 57 Started: 75 Finished: 18
2021-02-12 14:11:01,465 INFO o.a.j.r.Summariser: summary =    316 in 00:04:10 =    1.3/s Avg:     4 Min:     2 Max:    95 Err:     0 (0.00%)
2021-02-12 14:11:01,466 INFO o.a.j.t.JMeterThread: Thread finished: Thread Group - Ticks 1-24
2021-02-12 14:11:01,550 INFO o.a.j.t.JMeterThread: Thread finished: Thread Group - Statistics 2-24
2021-02-12 14:11:01,600 INFO o.a.j.t.JMeterThread: Thread finished: Thread Group - Statistics Instruments 3-24
2021-02-12 14:11:02,131 INFO o.a.j.t.JMeterThread: Thread finished: Thread Group - Ticks 1-7
2021-02-12 14:11:02,145 INFO o.a.j.t.JMeterThread: Thread finished: Thread Group - Ticks 1-2
2021-02-12 14:11:02,161 INFO o.a.j.t.JMeterThread: Thread finished: Thread Group - Statistics 2-7
2021-02-12 14:11:02,166 INFO o.a.j.t.JMeterThread: Thread finished: Thread Group - Statistics 2-2
2021-02-12 14:11:02,202 INFO o.a.j.t.JMeterThread: Thread finished: Thread Group - Statistics Instruments 3-2
2021-02-12 14:11:02,208 INFO o.a.j.t.JMeterThread: Thread finished: Thread Group - Statistics Instruments 3-7
2021-02-12 14:11:05,673 INFO o.a.j.t.JMeterThread: Thread finished: Thread Group - Ticks 1-25
2021-02-12 14:11:05,747 INFO o.a.j.t.JMeterThread: Thread finished: Thread Group - Statistics 2-25
2021-02-12 14:11:05,797 INFO o.a.j.t.JMeterThread: Thread finished: Thread Group - Statistics Instruments 3-25
2021-02-12 14:11:09,398 INFO o.a.j.t.JMeterThread: Thread finished: Thread Group - Ticks 1-8
2021-02-12 14:11:09,398 INFO o.a.j.t.JMeterThread: Thread finished: Thread Group - Statistics 2-8
2021-02-12 14:11:09,456 INFO o.a.j.t.JMeterThread: Thread finished: Thread Group - Statistics Instruments 3-8
2021-02-12 14:11:13,510 INFO o.a.j.t.JMeterThread: Thread finished: Thread Group - Ticks 1-9
2021-02-12 14:11:13,573 INFO o.a.j.t.JMeterThread: Thread finished: Thread Group - Statistics 2-9
2021-02-12 14:11:13,603 INFO o.a.j.t.JMeterThread: Thread finished: Thread Group - Statistics Instruments 3-9
2021-02-12 14:11:17,712 INFO o.a.j.t.JMeterThread: Thread finished: Thread Group - Ticks 1-10
2021-02-12 14:11:17,752 INFO o.a.j.t.JMeterThread: Thread finished: Thread Group - Statistics 2-10
2021-02-12 14:11:17,812 INFO o.a.j.t.JMeterThread: Thread finished: Thread Group - Statistics Instruments 3-10
2021-02-12 14:11:18,331 INFO o.a.j.t.JMeterThread: Thread finished: Thread Group - Ticks 1-3
2021-02-12 14:11:18,364 INFO o.a.j.t.JMeterThread: Thread finished: Thread Group - Statistics 2-3
2021-02-12 14:11:18,405 INFO o.a.j.t.JMeterThread: Thread finished: Thread Group - Statistics Instruments 3-3
2021-02-12 14:11:21,907 INFO o.a.j.t.JMeterThread: Thread finished: Thread Group - Ticks 1-11
2021-02-12 14:11:21,951 INFO o.a.j.t.JMeterThread: Thread finished: Thread Group - Statistics 2-11
2021-02-12 14:11:21,962 INFO o.a.j.t.JMeterThread: Thread finished: Thread Group - Statistics 2-1
2021-02-12 14:11:21,963 INFO o.a.j.t.JMeterThread: Thread finished: Thread Group - Ticks 1-1
2021-02-12 14:11:22,005 INFO o.a.j.t.JMeterThread: Thread finished: Thread Group - Statistics Instruments 3-11
2021-02-12 14:11:22,010 INFO o.a.j.t.JMeterThread: Thread finished: Thread Group - Statistics Instruments 3-1
2021-02-12 14:11:26,113 INFO o.a.j.t.JMeterThread: Thread finished: Thread Group - Ticks 1-12
2021-02-12 14:11:26,151 INFO o.a.j.t.JMeterThread: Thread finished: Thread Group - Statistics 2-12
2021-02-12 14:11:26,207 INFO o.a.j.t.JMeterThread: Thread finished: Thread Group - Statistics Instruments 3-12
2021-02-12 14:11:30,315 INFO o.a.j.r.Summariser: summary +     33 in 00:00:29 =    1.1/s Avg:     5 Min:     2 Max:    44 Err:     0 (0.00%) Active: 24 Started: 75 Finished: 51
2021-02-12 14:11:30,316 INFO o.a.j.r.Summariser: summary =    349 in 00:04:39 =    1.3/s Avg:     5 Min:     2 Max:    95 Err:     0 (0.00%)
2021-02-12 14:11:30,319 INFO o.a.j.t.JMeterThread: Thread finished: Thread Group - Ticks 1-13
2021-02-12 14:11:30,371 INFO o.a.j.t.JMeterThread: Thread finished: Thread Group - Statistics 2-13
2021-02-12 14:11:30,419 INFO o.a.j.t.JMeterThread: Thread finished: Thread Group - Statistics Instruments 3-13
2021-02-12 14:11:34,507 INFO o.a.j.t.JMeterThread: Thread finished: Thread Group - Ticks 1-14
2021-02-12 14:11:34,550 INFO o.a.j.t.JMeterThread: Thread finished: Thread Group - Ticks 1-4
2021-02-12 14:11:34,581 INFO o.a.j.t.JMeterThread: Thread finished: Thread Group - Statistics 2-4
2021-02-12 14:11:34,582 INFO o.a.j.t.JMeterThread: Thread finished: Thread Group - Statistics 2-14
2021-02-12 14:11:34,626 INFO o.a.j.t.JMeterThread: Thread finished: Thread Group - Statistics Instruments 3-14
2021-02-12 14:11:34,630 INFO o.a.j.t.JMeterThread: Thread finished: Thread Group - Statistics Instruments 3-4
2021-02-12 14:11:38,690 INFO o.a.j.t.JMeterThread: Thread finished: Thread Group - Ticks 1-15
2021-02-12 14:11:38,746 INFO o.a.j.t.JMeterThread: Thread finished: Thread Group - Statistics 2-15
2021-02-12 14:11:38,793 INFO o.a.j.t.JMeterThread: Thread finished: Thread Group - Statistics Instruments 3-15
2021-02-12 14:11:42,886 INFO o.a.j.t.JMeterThread: Thread finished: Thread Group - Ticks 1-16
2021-02-12 14:11:42,962 INFO o.a.j.t.JMeterThread: Thread finished: Thread Group - Statistics 2-16
2021-02-12 14:11:43,010 INFO o.a.j.t.JMeterThread: Thread finished: Thread Group - Statistics Instruments 3-16
2021-02-12 14:11:47,068 INFO o.a.j.t.JMeterThread: Thread finished: Thread Group - Ticks 1-17
2021-02-12 14:11:47,144 INFO o.a.j.t.JMeterThread: Thread finished: Thread Group - Statistics 2-17
2021-02-12 14:11:47,195 INFO o.a.j.t.JMeterThread: Thread finished: Thread Group - Statistics Instruments 3-17
2021-02-12 14:11:47,742 INFO o.a.j.t.JMeterThread: Thread finished: Thread Group - Ticks 1-5
2021-02-12 14:11:47,754 INFO o.a.j.t.JMeterThread: Thread finished: Thread Group - Statistics 2-5
2021-02-12 14:11:47,795 INFO o.a.j.t.JMeterThread: Thread finished: Thread Group - Statistics Instruments 3-5
2021-02-12 14:11:51,268 INFO o.a.j.t.JMeterThread: Thread finished: Thread Group - Ticks 1-18
2021-02-12 14:11:51,346 INFO o.a.j.t.JMeterThread: Thread finished: Thread Group - Statistics 2-18
2021-02-12 14:11:51,394 INFO o.a.j.t.JMeterThread: Thread finished: Thread Group - Statistics Instruments 3-18
2021-02-12 14:11:51,394 INFO o.a.j.e.StandardJMeterEngine: Notifying test listeners of end of test
2021-02-12 14:11:51,394 INFO o.a.j.s.FileServer: Close: D:\Projects\Solactive_RealTime_RestController\Jmeter_Performance\\data\Instruments-for-Tests-LowLoad.csv@1298367798
2021-02-12 14:11:51,395 INFO o.a.j.s.FileServer: Close: D:\Projects\Solactive_RealTime_RestController\Jmeter_Performance\\data\Instruments-for-Tests-LowLoad.csv@1107403137
2021-02-12 14:11:51,395 INFO o.a.j.s.FileServer: Close: D:\Projects\Solactive_RealTime_RestController\Jmeter_Performance\\data\Instruments-for-Tests-LowLoad.csv@1185168499
2021-02-12 14:11:51,395 INFO o.a.j.s.FileServer: Close: D:\Projects\Solactive_RealTime_RestController\Jmeter_Performance\\data\Instruments-for-Tests-LowLoad.csv@969198877
2021-02-12 14:11:51,396 INFO o.a.j.s.FileServer: Close: D:\Projects\Solactive_RealTime_RestController\Jmeter_Performance\\data\Instruments-for-Tests-LowLoad.csv@151188457
2021-02-12 14:11:51,396 INFO o.a.j.s.FileServer: Close: D:\Projects\Solactive_RealTime_RestController\Jmeter_Performance\\data\Instruments-for-Tests-LowLoad.csv@913740701
2021-02-12 14:11:51,397 INFO o.a.j.s.FileServer: Close: D:\Projects\Solactive_RealTime_RestController\Jmeter_Performance\\data\Instruments-for-Tests-LowLoad.csv@896219728
2021-02-12 14:11:51,397 INFO o.a.j.s.FileServer: Close: D:\Projects\Solactive_RealTime_RestController\Jmeter_Performance\\data\Instruments-for-Tests-LowLoad.csv@919375246
2021-02-12 14:11:51,397 INFO o.a.j.s.FileServer: Close: D:\Projects\Solactive_RealTime_RestController\Jmeter_Performance\\data\Instruments-for-Tests-LowLoad.csv@1440223678
2021-02-12 14:11:51,398 INFO o.a.j.s.FileServer: Close: D:\Projects\Solactive_RealTime_RestController\Jmeter_Performance\\data\Instruments-for-Tests-LowLoad.csv@950843861
2021-02-12 14:11:51,398 INFO o.a.j.s.FileServer: Close: D:\Projects\Solactive_RealTime_RestController\Jmeter_Performance\\data\Instruments-for-Tests-LowLoad.csv@1062637856
2021-02-12 14:11:51,399 INFO o.a.j.s.FileServer: Close: D:\Projects\Solactive_RealTime_RestController\Jmeter_Performance\\data\Instruments-for-Tests-LowLoad.csv@299553853
2021-02-12 14:11:51,399 INFO o.a.j.s.FileServer: Close: D:\Projects\Solactive_RealTime_RestController\Jmeter_Performance\\data\Instruments-for-Tests-LowLoad.csv@932073656
2021-02-12 14:11:51,399 INFO o.a.j.s.FileServer: Close: D:\Projects\Solactive_RealTime_RestController\Jmeter_Performance\\data\Instruments-for-Tests-LowLoad.csv@74163407
2021-02-12 14:11:51,400 INFO o.a.j.s.FileServer: Close: D:\Projects\Solactive_RealTime_RestController\Jmeter_Performance\\data\Instruments-for-Tests-LowLoad.csv@1331560062
2021-02-12 14:11:51,400 INFO o.a.j.s.FileServer: Close: D:\Projects\Solactive_RealTime_RestController\Jmeter_Performance\\data\Instruments-for-Tests-LowLoad.csv@18932693
2021-02-12 14:11:51,401 INFO o.a.j.s.FileServer: Close: D:\Projects\Solactive_RealTime_RestController\Jmeter_Performance\\data\Instruments-for-Tests-LowLoad.csv@1818533025
2021-02-12 14:11:51,401 INFO o.a.j.s.FileServer: Close: D:\Projects\Solactive_RealTime_RestController\Jmeter_Performance\\data\Instruments-for-Tests-LowLoad.csv@909450421
2021-02-12 14:11:51,402 INFO o.a.j.s.FileServer: Close: D:\Projects\Solactive_RealTime_RestController\Jmeter_Performance\\data\Instruments-for-Tests-LowLoad.csv@67948231
2021-02-12 14:11:51,403 INFO o.a.j.s.FileServer: Close: D:\Projects\Solactive_RealTime_RestController\Jmeter_Performance\\data\Instruments-for-Tests-LowLoad.csv@636212080
2021-02-12 14:11:51,403 INFO o.a.j.s.FileServer: Close: D:\Projects\Solactive_RealTime_RestController\Jmeter_Performance\\data\Instruments-for-Tests-LowLoad.csv@1461847771
2021-02-12 14:11:51,403 INFO o.a.j.s.FileServer: Close: D:\Projects\Solactive_RealTime_RestController\Jmeter_Performance\\data\Instruments-for-Tests-LowLoad.csv@152833686
2021-02-12 14:11:51,403 INFO o.a.j.s.FileServer: Close: D:\Projects\Solactive_RealTime_RestController\Jmeter_Performance\\data\Instruments-for-Tests-LowLoad.csv@1117273445
2021-02-12 14:11:51,403 INFO o.a.j.s.FileServer: Close: D:\Projects\Solactive_RealTime_RestController\Jmeter_Performance\\data\Instruments-for-Tests-LowLoad.csv@1075017371
2021-02-12 14:11:51,403 INFO o.a.j.s.FileServer: Close: D:\Projects\Solactive_RealTime_RestController\Jmeter_Performance\\data\Instruments-for-Tests-LowLoad.csv@587797678
2021-02-12 14:11:51,403 INFO o.a.j.s.FileServer: Close: D:\Projects\Solactive_RealTime_RestController\Jmeter_Performance\\data\Instruments-for-Tests-LowLoad.csv@441355558
2021-02-12 14:11:51,404 INFO o.a.j.s.FileServer: Close: D:\Projects\Solactive_RealTime_RestController\Jmeter_Performance\\data\Instruments-for-Tests-LowLoad.csv@1047759083
2021-02-12 14:11:51,404 INFO o.a.j.s.FileServer: Close: D:\Projects\Solactive_RealTime_RestController\Jmeter_Performance\\data\Instruments-for-Tests-LowLoad.csv@2015553151
2021-02-12 14:11:51,404 INFO o.a.j.s.FileServer: Close: D:\Projects\Solactive_RealTime_RestController\Jmeter_Performance\\data\Instruments-for-Tests-LowLoad.csv@188181683
2021-02-12 14:11:51,404 INFO o.a.j.s.FileServer: Close: D:\Projects\Solactive_RealTime_RestController\Jmeter_Performance\\data\Instruments-for-Tests-LowLoad.csv@187311617
2021-02-12 14:11:51,404 INFO o.a.j.s.FileServer: Close: D:\Projects\Solactive_RealTime_RestController\Jmeter_Performance\\data\Instruments-for-Tests-LowLoad.csv@966813665
2021-02-12 14:11:51,404 INFO o.a.j.s.FileServer: Close: D:\Projects\Solactive_RealTime_RestController\Jmeter_Performance\\data\Instruments-for-Tests-LowLoad.csv@1997819629
2021-02-12 14:11:51,404 INFO o.a.j.s.FileServer: Close: D:\Projects\Solactive_RealTime_RestController\Jmeter_Performance\\data\Instruments-for-Tests-LowLoad.csv@660812802
2021-02-12 14:11:51,404 INFO o.a.j.s.FileServer: Close: D:\Projects\Solactive_RealTime_RestController\Jmeter_Performance\\data\Instruments-for-Tests-LowLoad.csv@1069100787
2021-02-12 14:11:51,404 INFO o.a.j.s.FileServer: Close: D:\Projects\Solactive_RealTime_RestController\Jmeter_Performance\\data\Instruments-for-Tests-LowLoad.csv@100749004
2021-02-12 14:11:51,404 INFO o.a.j.s.FileServer: Close: D:\Projects\Solactive_RealTime_RestController\Jmeter_Performance\\data\Instruments-for-Tests-LowLoad.csv@376074243
2021-02-12 14:11:51,404 INFO o.a.j.s.FileServer: Close: D:\Projects\Solactive_RealTime_RestController\Jmeter_Performance\\data\Instruments-for-Tests-LowLoad.csv@1276620313
2021-02-12 14:11:51,404 INFO o.a.j.s.FileServer: Close: D:\Projects\Solactive_RealTime_RestController\Jmeter_Performance\\data\Instruments-for-Tests-LowLoad.csv@1313129572
2021-02-12 14:11:51,404 INFO o.a.j.s.FileServer: Close: D:\Projects\Solactive_RealTime_RestController\Jmeter_Performance\\data\Instruments-for-Tests-LowLoad.csv@161954544
2021-02-12 14:11:51,404 INFO o.a.j.s.FileServer: Close: D:\Projects\Solactive_RealTime_RestController\Jmeter_Performance\\data\Instruments-for-Tests-LowLoad.csv@1345603088
2021-02-12 14:11:51,404 INFO o.a.j.s.FileServer: Close: D:\Projects\Solactive_RealTime_RestController\Jmeter_Performance\\data\Instruments-for-Tests-LowLoad.csv@1464742088
2021-02-12 14:11:51,404 INFO o.a.j.s.FileServer: Close: D:\Projects\Solactive_RealTime_RestController\Jmeter_Performance\\data\Instruments-for-Tests-LowLoad.csv@1459070123
2021-02-12 14:11:51,404 INFO o.a.j.s.FileServer: Close: D:\Projects\Solactive_RealTime_RestController\Jmeter_Performance\\data\Instruments-for-Tests-LowLoad.csv@161914809
2021-02-12 14:11:51,405 INFO o.a.j.s.FileServer: Close: D:\Projects\Solactive_RealTime_RestController\Jmeter_Performance\\data\Instruments-for-Tests-LowLoad.csv@1620616068
2021-02-12 14:11:51,405 INFO o.a.j.s.FileServer: Close: D:\Projects\Solactive_RealTime_RestController\Jmeter_Performance\\data\Instruments-for-Tests-LowLoad.csv@586482509
2021-02-12 14:11:51,405 INFO o.a.j.s.FileServer: Close: D:\Projects\Solactive_RealTime_RestController\Jmeter_Performance\\data\Instruments-for-Tests-LowLoad.csv@1252463296
2021-02-12 14:11:51,405 INFO o.a.j.s.FileServer: Close: D:\Projects\Solactive_RealTime_RestController\Jmeter_Performance\\data\Instruments-for-Tests-LowLoad.csv@470860668
2021-02-12 14:11:51,405 INFO o.a.j.s.FileServer: Close: D:\Projects\Solactive_RealTime_RestController\Jmeter_Performance\\data\Instruments-for-Tests-LowLoad.csv@1844554156
2021-02-12 14:11:51,405 INFO o.a.j.s.FileServer: Close: D:\Projects\Solactive_RealTime_RestController\Jmeter_Performance\\data\Instruments-for-Tests-LowLoad.csv@1182056481
2021-02-12 14:11:51,405 INFO o.a.j.s.FileServer: Close: D:\Projects\Solactive_RealTime_RestController\Jmeter_Performance\\data\Instruments-for-Tests-LowLoad.csv@1107880696
2021-02-12 14:11:51,406 INFO o.a.j.r.Summariser: summary +     23 in 00:00:21 =    1.1/s Avg:     7 Min:     2 Max:    26 Err:     0 (0.00%) Active: 0 Started: 75 Finished: 75
2021-02-12 14:11:51,407 INFO o.a.j.r.Summariser: summary =    372 in 00:05:00 =    1.2/s Avg:     5 Min:     2 Max:    95 Err:     0 (0.00%)
2021-02-12 14:11:51,407 INFO o.a.j.JMeter: Generating Dashboard
2021-02-12 14:11:51,407 INFO o.a.j.r.d.ReportGenerator: Flushing result collector before report Generation
2021-02-12 14:11:51,431 INFO o.a.j.r.p.NormalizerSampleConsumer: Using format, 'ms', to parse timeStamp field
2021-02-12 14:11:52,432 INFO o.a.j.r.p.AbstractSampleConsumer: class org.apache.jmeter.report.processor.AggregateConsumer#stopProducing(): beginDate produced 0 samples
2021-02-12 14:11:52,432 INFO o.a.j.r.p.AbstractSampleConsumer: class org.apache.jmeter.report.processor.AggregateConsumer#stopProducing(): endDate produced 0 samples
2021-02-12 14:11:52,435 INFO o.a.j.r.p.AbstractSampleConsumer: class org.apache.jmeter.report.processor.ApdexSummaryConsumer#stopProducing(): apdexSummary produced 0 samples
2021-02-12 14:11:52,436 INFO o.a.j.r.p.AbstractSampleConsumer: class org.apache.jmeter.report.processor.RequestsSummaryConsumer#stopProducing(): requestsSummary produced 0 samples
2021-02-12 14:11:52,443 INFO o.a.j.r.p.AbstractSampleConsumer: class org.apache.jmeter.report.processor.StatisticsSummaryConsumer#stopProducing(): statisticsSummary produced 0 samples
2021-02-12 14:11:52,445 INFO o.a.j.r.p.AbstractSampleConsumer: class org.apache.jmeter.report.processor.Top5ErrorsBySamplerConsumer#stopProducing(): top5ErrorsBySampler produced 0 samples
2021-02-12 14:11:52,445 INFO o.a.j.r.p.AbstractSampleConsumer: class org.apache.jmeter.report.processor.ErrorsSummaryConsumer#stopProducing(): errorsSummary produced 0 samples
2021-02-12 14:11:52,445 INFO o.a.j.r.p.AbstractSampleConsumer: class org.apache.jmeter.report.processor.graph.impl.HitsPerSecondGraphConsumer#stopProducing(): hitsPerSecond produced 0 samples
2021-02-12 14:11:52,491 INFO o.a.j.r.p.AbstractSampleConsumer: class org.apache.jmeter.report.processor.graph.impl.LatencyVSRequestGraphConsumer#stopProducing(): latencyVsRequest produced 0 samples
2021-02-12 14:11:52,491 INFO o.a.j.r.p.AbstractSampleConsumer: class org.apache.jmeter.report.processor.graph.impl.SyntheticResponseTimeDistributionGraphConsumer#stopProducing(): syntheticResponseTimeDistribution produced 0 samples
2021-02-12 14:11:52,492 INFO o.a.j.r.p.AbstractSampleConsumer: class org.apache.jmeter.report.processor.graph.impl.BytesThroughputGraphConsumer#stopProducing(): bytesThroughputOverTime produced 0 samples
2021-02-12 14:11:52,492 INFO o.a.j.r.p.AbstractSampleConsumer: class org.apache.jmeter.report.processor.graph.impl.CodesPerSecondGraphConsumer#stopProducing(): codesPerSecond produced 0 samples
2021-02-12 14:11:52,529 INFO o.a.j.r.p.AbstractSampleConsumer: class org.apache.jmeter.report.processor.graph.impl.ResponseTimeVSRequestGraphConsumer#stopProducing(): responseTimeVsRequest produced 0 samples
2021-02-12 14:11:52,529 INFO o.a.j.r.p.AbstractSampleConsumer: class org.apache.jmeter.report.processor.FilterConsumer#stopProducing(): startIntervalControlerFilter produced 2604 samples
2021-02-12 14:11:52,529 INFO o.a.j.r.p.AbstractSampleConsumer: class org.apache.jmeter.report.processor.graph.impl.TotalTPSGraphConsumer#stopProducing(): totalTPS produced 0 samples
2021-02-12 14:11:52,529 INFO o.a.j.r.p.AbstractSampleConsumer: class org.apache.jmeter.report.processor.graph.impl.ActiveThreadsGraphConsumer#stopProducing(): activeThreadsOverTime produced 0 samples
2021-02-12 14:11:52,530 INFO o.a.j.r.p.AbstractSampleConsumer: class org.apache.jmeter.report.processor.graph.impl.TimeVSThreadGraphConsumer#stopProducing(): timeVsThreads produced 0 samples
2021-02-12 14:11:52,531 INFO o.a.j.r.p.AbstractSampleConsumer: class org.apache.jmeter.report.processor.graph.impl.ResponseTimeDistributionGraphConsumer#stopProducing(): responseTimeDistribution produced 0 samples
2021-02-12 14:11:52,531 INFO o.a.j.r.p.AbstractSampleConsumer: class org.apache.jmeter.report.processor.graph.impl.TransactionsPerSecondGraphConsumer#stopProducing(): transactionsPerSecond produced 0 samples
2021-02-12 14:11:52,531 INFO o.a.j.r.p.AbstractSampleConsumer: class org.apache.jmeter.report.processor.graph.impl.ResponseTimePercentilesGraphConsumer#stopProducing(): responseTimePercentiles produced 0 samples
2021-02-12 14:11:52,532 INFO o.a.j.r.p.AbstractSampleConsumer: class org.apache.jmeter.report.processor.graph.impl.ResponseTimePercentilesOverTimeGraphConsumer#stopProducing(): responseTimePercentilesOverTime produced 0 samples
2021-02-12 14:11:52,533 INFO o.a.j.r.p.AbstractSampleConsumer: class org.apache.jmeter.report.processor.graph.impl.ResponseTimeOverTimeGraphConsumer#stopProducing(): responseTimesOverTime produced 0 samples
2021-02-12 14:11:52,533 INFO o.a.j.r.p.AbstractSampleConsumer: class org.apache.jmeter.report.processor.graph.impl.ConnectTimeOverTimeGraphConsumer#stopProducing(): connectTimeOverTime produced 0 samples
2021-02-12 14:11:52,534 INFO o.a.j.r.p.AbstractSampleConsumer: class org.apache.jmeter.report.processor.graph.impl.LatencyOverTimeGraphConsumer#stopProducing(): latenciesOverTime produced 0 samples
2021-02-12 14:11:52,534 INFO o.a.j.r.p.AbstractSampleConsumer: class org.apache.jmeter.report.processor.FilterConsumer#stopProducing(): nameFilter produced 5580 samples
2021-02-12 14:11:52,534 INFO o.a.j.r.p.AbstractSampleConsumer: class org.apache.jmeter.report.processor.FilterConsumer#stopProducing(): dateRangeFilter produced 1116 samples
2021-02-12 14:11:52,534 INFO o.a.j.r.p.AbstractSampleConsumer: class org.apache.jmeter.report.processor.NormalizerSampleConsumer#stopProducing(): normalizer produced 372 samples
2021-02-12 14:11:52,536 INFO o.a.j.r.p.CsvFileSampleSource: produce(): 372 samples produced in 1s 74 ms on channel 0
2021-02-12 14:11:52,536 INFO o.a.j.r.d.ReportGenerator: Exporting data using exporter:'json' of className:'org.apache.jmeter.report.dashboard.JsonExporter'
2021-02-12 14:11:52,539 INFO o.a.j.r.d.JsonExporter: Found data for consumer statisticsSummaryin context
2021-02-12 14:11:52,539 INFO o.a.j.r.d.JsonExporter: Creating statistics for overall
2021-02-12 14:11:52,540 INFO o.a.j.r.d.JsonExporter: Creating statistics for other transactions
2021-02-12 14:11:52,541 INFO o.a.j.r.d.JsonExporter: Checking output folder
2021-02-12 14:11:52,542 INFO o.a.j.r.d.JsonExporter: Writing statistics JSON to D:\Projects\Solactive_RealTime_RestController\Jmeter_Performance\executions\D1\DESKTOP-VPGUUNH\20210212_140648\Report\statistics.json
2021-02-12 14:11:52,762 INFO o.a.j.r.d.ReportGenerator: Exporting data using exporter:'html' of className:'org.apache.jmeter.report.dashboard.HtmlTemplateExporter'
2021-02-12 14:11:52,768 INFO o.a.j.r.d.HtmlTemplateExporter: Will generate dashboard in folder: D:\Projects\Solactive_RealTime_RestController\Jmeter_Performance\executions\D1\DESKTOP-VPGUUNH\20210212_140648\Report
2021-02-12 14:11:52,893 ERROR f.configuration: DefaultObjectWrapper.incompatibleImprovements was set to the object returned by Configuration.getVersion(). That defeats the purpose of incompatibleImprovements, and makes upgrading FreeMarker a potentially breaking change. Also, this probably won't be allowed starting from 2.4.0. Instead, set incompatibleImprovements to the highest concrete version that's known to be compatible with your application.
2021-02-12 14:11:52,894 ERROR f.configuration: Configuration.incompatibleImprovements was set to the object returned by Configuration.getVersion(). That defeats the purpose of incompatibleImprovements, and makes upgrading FreeMarker a potentially breaking change. Also, this probably won't be allowed starting from 2.4.0. Instead, set incompatibleImprovements to the highest concrete version that's known to be compatible with your application.
2021-02-12 14:11:52,914 INFO o.a.j.r.d.HtmlTemplateExporter: Report will be generated in: D:\Projects\Solactive_RealTime_RestController\Jmeter_Performance\executions\D1\DESKTOP-VPGUUNH\20210212_140648\Report, creating folder structure
2021-02-12 14:11:52,917 INFO o.a.j.r.d.TemplateVisitor: Copying folder from 'D:\Installed\apache-jmeter-5.3\bin\report-template' to 'D:\Projects\Solactive_RealTime_RestController\Jmeter_Performance\executions\D1\DESKTOP-VPGUUNH\20210212_140648\Report', got message: D:\Projects\Solactive_RealTime_RestController\Jmeter_Performance\executions\D1\DESKTOP-VPGUUNH\20210212_140648\Report, found non empty folder with following content [D:\Projects\Solactive_RealTime_RestController\Jmeter_Performance\executions\D1\DESKTOP-VPGUUNH\20210212_140648\Report\statistics.json], will be ignored
2021-02-12 14:11:53,494 INFO o.a.j.JMeter: Dashboard generated
