2021-03-31 10:06:15,642 INFO o.a.j.u.JMeterUtils: Setting Locale to en_EN
2021-03-31 10:06:15,709 INFO o.a.j.JMeter: Loading user properties from: D:\Installed\apache-jmeter-5.3\bin\user.properties
2021-03-31 10:06:15,711 INFO o.a.j.JMeter: Loading system properties from: D:\Installed\apache-jmeter-5.3\bin\system.properties
2021-03-31 10:06:15,717 INFO o.a.j.JMeter: Setting JMeter property: sample_variables=trxTimeStamp
2021-03-31 10:06:15,718 INFO o.a.j.JMeter: Setting JMeter property: loadGenNumber=1
2021-03-31 10:06:15,718 INFO o.a.j.JMeter: Setting JMeter property: duration=300
2021-03-31 10:06:15,719 INFO o.a.j.JMeter: Setting JMeter property: jmeter.reportgenerator.overall_granularity=60000
2021-03-31 10:06:15,719 INFO o.a.j.JMeter: Setting System property: nashorn.args=--no-deprecation-warning
2021-03-31 10:06:15,723 INFO o.a.j.JMeter: Copyright (c) 1998-2020 The Apache Software Foundation
2021-03-31 10:06:15,724 INFO o.a.j.JMeter: Version 5.3
2021-03-31 10:06:15,724 INFO o.a.j.JMeter: java.version=11.0.6
2021-03-31 10:06:15,724 INFO o.a.j.JMeter: java.vm.name=Java HotSpot(TM) 64-Bit Server VM
2021-03-31 10:06:15,725 INFO o.a.j.JMeter: os.name=Windows 10
2021-03-31 10:06:15,725 INFO o.a.j.JMeter: os.arch=amd64
2021-03-31 10:06:15,725 INFO o.a.j.JMeter: os.version=10.0
2021-03-31 10:06:15,725 INFO o.a.j.JMeter: file.encoding=Cp1252
2021-03-31 10:06:15,725 INFO o.a.j.JMeter: java.awt.headless=true
2021-03-31 10:06:15,726 INFO o.a.j.JMeter: Max memory     =1073741824
2021-03-31 10:06:15,726 INFO o.a.j.JMeter: Available Processors =8
2021-03-31 10:06:15,758 INFO o.a.j.JMeter: Default Locale=English (EN)
2021-03-31 10:06:15,759 INFO o.a.j.JMeter: JMeter  Locale=English (EN)
2021-03-31 10:06:15,759 INFO o.a.j.JMeter: JMeterHome=D:\Installed\apache-jmeter-5.3
2021-03-31 10:06:15,760 INFO o.a.j.JMeter: user.dir  =D:\Projects\Solactive_RealTime_RestController\Jmeter_Performance
2021-03-31 10:06:15,760 INFO o.a.j.JMeter: PWD       =D:\Projects\Solactive_RealTime_RestController\Jmeter_Performance
2021-03-31 10:06:24,957 INFO o.a.j.JMeter: IP: 169.254.151.137 Name: DESKTOP-VPGUUNH FullName: DESKTOP-VPGUUNH
2021-03-31 10:06:24,964 INFO o.a.j.JMeter: Setting property 'jmeter.reportgenerator.outputdir' to:'D:\Projects\Solactive_RealTime_RestController\Jmeter_Performance\executions\D1\DESKTOP-VPGUUNH\20210331_100612\Report'
2021-03-31 10:06:24,969 INFO o.a.j.s.FileServer: Default base='D:\Projects\Solactive_RealTime_RestController\Jmeter_Performance'
2021-03-31 10:06:24,972 INFO o.a.j.s.FileServer: Set new base='D:\Projects\Solactive_RealTime_RestController\Jmeter_Performance'
2021-03-31 10:06:25,223 INFO o.a.j.s.SaveService: Testplan (JMX) version: 2.2. Testlog (JTL) version: 2.2
2021-03-31 10:06:25,255 INFO o.a.j.s.SaveService: Using SaveService properties version 5.0
2021-03-31 10:06:25,261 INFO o.a.j.s.SaveService: Using SaveService properties file encoding UTF-8
2021-03-31 10:06:25,267 INFO o.a.j.s.SaveService: Loading file: D:\Projects\Solactive_RealTime_RestController\Jmeter_Performance\Solactive_Pattern_RestController.jmx
2021-03-31 10:06:25,353 INFO o.a.j.p.h.c.CookieManager: Settings: Delete null: true Check: true Allow variable: true Save: false Prefix: COOKIE_
2021-03-31 10:06:25,430 INFO o.a.j.p.h.s.HTTPSamplerBase: Parser for text/html is org.apache.jmeter.protocol.http.parser.LagartoBasedHtmlParser
2021-03-31 10:06:25,431 INFO o.a.j.p.h.s.HTTPSamplerBase: Parser for application/xhtml+xml is org.apache.jmeter.protocol.http.parser.LagartoBasedHtmlParser
2021-03-31 10:06:25,431 INFO o.a.j.p.h.s.HTTPSamplerBase: Parser for application/xml is org.apache.jmeter.protocol.http.parser.LagartoBasedHtmlParser
2021-03-31 10:06:25,431 INFO o.a.j.p.h.s.HTTPSamplerBase: Parser for text/xml is org.apache.jmeter.protocol.http.parser.LagartoBasedHtmlParser
2021-03-31 10:06:25,431 INFO o.a.j.p.h.s.HTTPSamplerBase: Parser for text/vnd.wap.wml is org.apache.jmeter.protocol.http.parser.RegexpHTMLParser
2021-03-31 10:06:25,431 INFO o.a.j.p.h.s.HTTPSamplerBase: Parser for text/css is org.apache.jmeter.protocol.http.parser.CssParser
2021-03-31 10:06:25,498 INFO o.a.j.JMeter: Creating summariser <summary>
2021-03-31 10:06:25,509 INFO o.a.j.r.d.ReportGenerator: ReportGenerator will use for Parsing the separator: ','
2021-03-31 10:06:25,510 INFO o.a.j.r.d.ReportGenerator: Will generate report at end of test from  results file: D:\Projects\Solactive_RealTime_RestController\Jmeter_Performance\executions\D1\DESKTOP-VPGUUNH\20210331_100612\log.jtl
2021-03-31 10:06:25,510 INFO o.a.j.r.d.ReportGenerator: Reading report generator properties from: D:\Installed\apache-jmeter-5.3\bin\reportgenerator.properties
2021-03-31 10:06:25,513 INFO o.a.j.r.d.ReportGenerator: Merging with JMeter properties
2021-03-31 10:06:25,530 INFO o.a.j.r.c.ReportGeneratorConfiguration: Property 'jmeter.reportgenerator.temp_dir' not found, using default value 'temp' instead.
2021-03-31 10:06:25,537 INFO o.a.j.r.c.ReportGeneratorConfiguration: Property 'jmeter.reportgenerator.apdex_per_transaction' not found, using default value 'null' instead.
2021-03-31 10:06:25,538 INFO o.a.j.r.c.ReportGeneratorConfiguration: apdex_per_transaction is empty, not APDEX per transaction customization
2021-03-31 10:06:25,539 INFO o.a.j.r.c.ReportGeneratorConfiguration: Property 'jmeter.reportgenerator.sample_filter' not found, using default value 'null' instead.
2021-03-31 10:06:25,539 INFO o.a.j.r.c.ReportGeneratorConfiguration: Property 'jmeter.reportgenerator.report_title' not found, using default value 'null' instead.
2021-03-31 10:06:25,539 INFO o.a.j.r.c.ReportGeneratorConfiguration: Property 'jmeter.reportgenerator.start_date' not found, using default value 'null' instead.
2021-03-31 10:06:25,540 INFO o.a.j.r.c.ReportGeneratorConfiguration: Property 'jmeter.reportgenerator.end_date' not found, using default value 'null' instead.
2021-03-31 10:06:25,541 INFO o.a.j.r.c.ReportGeneratorConfiguration: Property 'jmeter.reportgenerator.date_format' not found, using default value 'null' instead.
2021-03-31 10:06:25,542 INFO o.a.j.r.c.ReportGeneratorConfiguration: Will use date range start date: null, end date: null
2021-03-31 10:06:25,551 INFO o.a.j.r.c.ReportGeneratorConfiguration: Property 'jmeter.reportgenerator.graph.totalTPS.exclude_controllers' not found, using default value 'false' instead.
2021-03-31 10:06:25,551 INFO o.a.j.r.c.ReportGeneratorConfiguration: Property 'jmeter.reportgenerator.graph.activeThreadsOverTime.exclude_controllers' not found, using default value 'false' instead.
2021-03-31 10:06:25,552 INFO o.a.j.r.c.ReportGeneratorConfiguration: Property 'jmeter.reportgenerator.graph.timeVsThreads.exclude_controllers' not found, using default value 'false' instead.
2021-03-31 10:06:25,552 INFO o.a.j.r.c.ReportGeneratorConfiguration: Property 'jmeter.reportgenerator.graph.responseTimeDistribution.exclude_controllers' not found, using default value 'false' instead.
2021-03-31 10:06:25,552 INFO o.a.j.r.c.ReportGeneratorConfiguration: Property 'jmeter.reportgenerator.graph.transactionsPerSecond.exclude_controllers' not found, using default value 'false' instead.
2021-03-31 10:06:25,552 INFO o.a.j.r.c.ReportGeneratorConfiguration: Property 'jmeter.reportgenerator.graph.responseTimePercentiles.exclude_controllers' not found, using default value 'false' instead.
2021-03-31 10:06:25,553 INFO o.a.j.r.c.ReportGeneratorConfiguration: Property 'jmeter.reportgenerator.graph.responseTimePercentilesOverTime.exclude_controllers' not found, using default value 'false' instead.
2021-03-31 10:06:25,553 INFO o.a.j.r.c.ReportGeneratorConfiguration: Property 'jmeter.reportgenerator.graph.responseTimesOverTime.exclude_controllers' not found, using default value 'false' instead.
2021-03-31 10:06:25,554 INFO o.a.j.r.c.ReportGeneratorConfiguration: Property 'jmeter.reportgenerator.graph.connectTimeOverTime.exclude_controllers' not found, using default value 'false' instead.
2021-03-31 10:06:25,554 INFO o.a.j.r.c.ReportGeneratorConfiguration: Property 'jmeter.reportgenerator.graph.latenciesOverTime.exclude_controllers' not found, using default value 'false' instead.
2021-03-31 10:06:25,556 INFO o.a.j.r.c.ReportGeneratorConfiguration: Property 'jmeter.reportgenerator.exporter.json.filters_only_sample_series' not found, using default value 'true' instead.
2021-03-31 10:06:25,556 INFO o.a.j.r.c.ReportGeneratorConfiguration: Property 'jmeter.reportgenerator.exporter.json.series_filter' not found, using default value '' instead.
2021-03-31 10:06:25,557 INFO o.a.j.r.c.ReportGeneratorConfiguration: Property 'jmeter.reportgenerator.exporter.json.show_controllers_only' not found, using default value 'false' instead.
2021-03-31 10:06:25,558 INFO o.a.j.r.c.ReportGeneratorConfiguration: Property 'jmeter.reportgenerator.exporter.html.filters_only_sample_series' not found, using default value 'true' instead.
2021-03-31 10:06:25,558 INFO o.a.j.r.c.ReportGeneratorConfiguration: Property 'jmeter.reportgenerator.exporter.html.series_filter' not found, using default value '' instead.
2021-03-31 10:06:25,558 INFO o.a.j.r.c.ReportGeneratorConfiguration: Property 'jmeter.reportgenerator.exporter.html.show_controllers_only' not found, using default value 'false' instead.
2021-03-31 10:06:25,566 INFO o.a.j.e.StandardJMeterEngine: Running the test!
2021-03-31 10:06:25,568 INFO o.a.j.s.SampleEvent: List of sample_variables: [trxTimeStamp]
2021-03-31 10:06:25,568 INFO o.a.j.s.SampleEvent: List of sample_variables: [trxTimeStamp]
2021-03-31 10:06:25,587 INFO o.a.j.e.u.CompoundVariable: Note: Function class names must contain the string: '.functions.'
2021-03-31 10:06:25,587 INFO o.a.j.e.u.CompoundVariable: Note: Function class names must not contain the string: '.gui.'
2021-03-31 10:06:26,666 INFO o.a.j.r.ResultCollector: Folder at D:\Projects\Solactive_RealTime_RestController\Jmeter_Performance\log\D1\DESKTOP-VPGUUNH\20210331_100626 was created
2021-03-31 10:06:29,419 INFO o.a.j.JMeter: Running test (1617177989419)
2021-03-31 10:06:29,526 INFO o.a.j.e.StandardJMeterEngine: Starting ThreadGroup: 1 : Thread Group - Ticks
2021-03-31 10:06:29,527 INFO o.a.j.e.StandardJMeterEngine: Starting 25 threads for group Thread Group - Ticks.
2021-03-31 10:06:29,527 INFO o.a.j.e.StandardJMeterEngine: Thread will continue on error
2021-03-31 10:06:29,528 INFO o.a.j.t.ThreadGroup: Starting thread group... number=1 threads=25 ramp-up=30 delayedStart=false
2021-03-31 10:06:29,708 INFO o.a.j.t.ThreadGroup: Started thread group number 1
2021-03-31 10:06:29,708 INFO o.a.j.e.StandardJMeterEngine: Starting ThreadGroup: 2 : Thread Group - Statistics
2021-03-31 10:06:29,708 INFO o.a.j.e.StandardJMeterEngine: Starting 25 threads for group Thread Group - Statistics.
2021-03-31 10:06:29,708 INFO o.a.j.e.StandardJMeterEngine: Thread will continue on error
2021-03-31 10:06:29,709 INFO o.a.j.t.ThreadGroup: Starting thread group... number=2 threads=25 ramp-up=30 delayedStart=false
2021-03-31 10:06:29,757 INFO o.a.j.t.JMeterThread: Thread started: Thread Group - Statistics 2-1
2021-03-31 10:06:29,790 INFO o.a.j.t.JMeterThread: Thread started: Thread Group - Ticks 1-1
2021-03-31 10:06:29,797 INFO o.a.j.s.FileServer: Stored: D:\Projects\Solactive_RealTime_RestController\Jmeter_Performance\\data\Instruments-for-Tests-LowLoad.csv Alias: D:\Projects\Solactive_RealTime_RestController\Jmeter_Performance\\data\Instruments-for-Tests-LowLoad.csv@553681904
2021-03-31 10:06:29,829 INFO o.a.j.t.ThreadGroup: Started thread group number 2
2021-03-31 10:06:29,829 INFO o.a.j.e.StandardJMeterEngine: Starting ThreadGroup: 3 : Thread Group - Statistics Instruments
2021-03-31 10:06:29,829 INFO o.a.j.e.StandardJMeterEngine: Starting 25 threads for group Thread Group - Statistics Instruments.
2021-03-31 10:06:29,830 INFO o.a.j.e.StandardJMeterEngine: Thread will continue on error
2021-03-31 10:06:29,830 INFO o.a.j.t.ThreadGroup: Starting thread group... number=3 threads=25 ramp-up=30 delayedStart=false
2021-03-31 10:06:29,864 INFO o.a.j.p.h.s.HTTPHCAbstractImpl: Local host = DESKTOP-VPGUUNH
2021-03-31 10:06:29,881 INFO o.a.j.t.JMeterThread: Thread started: Thread Group - Statistics Instruments 3-1
2021-03-31 10:06:29,883 INFO o.a.j.s.FileServer: Stored: D:\Projects\Solactive_RealTime_RestController\Jmeter_Performance\\data\Instruments-for-Tests-LowLoad.csv Alias: D:\Projects\Solactive_RealTime_RestController\Jmeter_Performance\\data\Instruments-for-Tests-LowLoad.csv@2084722780
2021-03-31 10:06:29,890 INFO o.a.j.p.h.s.HTTPHC4Impl: HTTP request retry count = 0
2021-03-31 10:06:29,897 INFO o.a.j.s.SampleResult: Note: Sample TimeStamps are START times
2021-03-31 10:06:29,897 INFO o.a.j.s.SampleResult: sampleresult.default.encoding is set to ISO-8859-1
2021-03-31 10:06:29,898 INFO o.a.j.s.SampleResult: sampleresult.useNanoTime=true
2021-03-31 10:06:29,898 INFO o.a.j.s.SampleResult: sampleresult.nanoThreadSleep=5000
2021-03-31 10:06:29,913 INFO o.a.j.t.ThreadGroup: Started thread group number 3
2021-03-31 10:06:29,914 INFO o.a.j.e.StandardJMeterEngine: All thread groups have been started
2021-03-31 10:06:30,454 INFO o.a.j.r.Summariser: summary +      1 in 00:00:01 =    1.0/s Avg:   160 Min:   160 Max:   160 Err:     0 (0.00%) Active: 3 Started: 3 Finished: 0
2021-03-31 10:06:30,924 INFO o.a.j.t.JMeterThread: Thread started: Thread Group - Ticks 1-2
2021-03-31 10:06:30,926 INFO o.a.j.s.FileServer: Stored: D:\Projects\Solactive_RealTime_RestController\Jmeter_Performance\\data\Instruments-for-Tests-LowLoad.csv Alias: D:\Projects\Solactive_RealTime_RestController\Jmeter_Performance\\data\Instruments-for-Tests-LowLoad.csv@668560652
2021-03-31 10:06:30,944 INFO o.a.j.t.JMeterThread: Thread started: Thread Group - Statistics 2-2
2021-03-31 10:06:31,063 INFO o.a.j.t.JMeterThread: Thread started: Thread Group - Statistics Instruments 3-2
2021-03-31 10:06:31,064 INFO o.a.j.s.FileServer: Stored: D:\Projects\Solactive_RealTime_RestController\Jmeter_Performance\\data\Instruments-for-Tests-LowLoad.csv Alias: D:\Projects\Solactive_RealTime_RestController\Jmeter_Performance\\data\Instruments-for-Tests-LowLoad.csv@1969743002
2021-03-31 10:06:32,137 INFO o.a.j.t.JMeterThread: Thread started: Thread Group - Ticks 1-3
2021-03-31 10:06:32,141 INFO o.a.j.s.FileServer: Stored: D:\Projects\Solactive_RealTime_RestController\Jmeter_Performance\\data\Instruments-for-Tests-LowLoad.csv Alias: D:\Projects\Solactive_RealTime_RestController\Jmeter_Performance\\data\Instruments-for-Tests-LowLoad.csv@1657732123
2021-03-31 10:06:32,147 INFO o.a.j.t.JMeterThread: Thread started: Thread Group - Statistics 2-3
2021-03-31 10:06:32,237 INFO o.a.j.t.JMeterThread: Thread started: Thread Group - Statistics Instruments 3-3
2021-03-31 10:06:32,238 INFO o.a.j.s.FileServer: Stored: D:\Projects\Solactive_RealTime_RestController\Jmeter_Performance\\data\Instruments-for-Tests-LowLoad.csv Alias: D:\Projects\Solactive_RealTime_RestController\Jmeter_Performance\\data\Instruments-for-Tests-LowLoad.csv@1780235025
2021-03-31 10:06:33,302 INFO o.a.j.t.JMeterThread: Thread started: Thread Group - Ticks 1-4
2021-03-31 10:06:33,305 INFO o.a.j.s.FileServer: Stored: D:\Projects\Solactive_RealTime_RestController\Jmeter_Performance\\data\Instruments-for-Tests-LowLoad.csv Alias: D:\Projects\Solactive_RealTime_RestController\Jmeter_Performance\\data\Instruments-for-Tests-LowLoad.csv@1926699246
2021-03-31 10:06:33,356 INFO o.a.j.t.JMeterThread: Thread started: Thread Group - Statistics 2-4
2021-03-31 10:06:33,524 INFO o.a.j.t.JMeterThread: Thread started: Thread Group - Statistics Instruments 3-4
2021-03-31 10:06:33,525 INFO o.a.j.s.FileServer: Stored: D:\Projects\Solactive_RealTime_RestController\Jmeter_Performance\\data\Instruments-for-Tests-LowLoad.csv Alias: D:\Projects\Solactive_RealTime_RestController\Jmeter_Performance\\data\Instruments-for-Tests-LowLoad.csv@1478576679
2021-03-31 10:06:34,498 INFO o.a.j.t.JMeterThread: Thread started: Thread Group - Ticks 1-5
2021-03-31 10:06:34,502 INFO o.a.j.s.FileServer: Stored: D:\Projects\Solactive_RealTime_RestController\Jmeter_Performance\\data\Instruments-for-Tests-LowLoad.csv Alias: D:\Projects\Solactive_RealTime_RestController\Jmeter_Performance\\data\Instruments-for-Tests-LowLoad.csv@667168771
2021-03-31 10:06:34,579 INFO o.a.j.t.JMeterThread: Thread started: Thread Group - Statistics 2-5
2021-03-31 10:06:34,742 INFO o.a.j.t.JMeterThread: Thread started: Thread Group - Statistics Instruments 3-5
2021-03-31 10:06:34,743 INFO o.a.j.s.FileServer: Stored: D:\Projects\Solactive_RealTime_RestController\Jmeter_Performance\\data\Instruments-for-Tests-LowLoad.csv Alias: D:\Projects\Solactive_RealTime_RestController\Jmeter_Performance\\data\Instruments-for-Tests-LowLoad.csv@324737538
2021-03-31 10:06:35,690 INFO o.a.j.t.JMeterThread: Thread started: Thread Group - Ticks 1-6
2021-03-31 10:06:35,691 INFO o.a.j.s.FileServer: Stored: D:\Projects\Solactive_RealTime_RestController\Jmeter_Performance\\data\Instruments-for-Tests-LowLoad.csv Alias: D:\Projects\Solactive_RealTime_RestController\Jmeter_Performance\\data\Instruments-for-Tests-LowLoad.csv@472930668
2021-03-31 10:06:35,785 INFO o.a.j.t.JMeterThread: Thread started: Thread Group - Statistics 2-6
2021-03-31 10:06:35,834 INFO o.a.j.t.JMeterThread: Thread started: Thread Group - Statistics Instruments 3-6
2021-03-31 10:06:35,836 INFO o.a.j.s.FileServer: Stored: D:\Projects\Solactive_RealTime_RestController\Jmeter_Performance\\data\Instruments-for-Tests-LowLoad.csv Alias: D:\Projects\Solactive_RealTime_RestController\Jmeter_Performance\\data\Instruments-for-Tests-LowLoad.csv@333798107
2021-03-31 10:06:36,865 INFO o.a.j.t.JMeterThread: Thread started: Thread Group - Ticks 1-7
2021-03-31 10:06:36,866 INFO o.a.j.s.FileServer: Stored: D:\Projects\Solactive_RealTime_RestController\Jmeter_Performance\\data\Instruments-for-Tests-LowLoad.csv Alias: D:\Projects\Solactive_RealTime_RestController\Jmeter_Performance\\data\Instruments-for-Tests-LowLoad.csv@1169064281
2021-03-31 10:06:37,003 INFO o.a.j.t.JMeterThread: Thread started: Thread Group - Statistics 2-7
2021-03-31 10:06:37,043 INFO o.a.j.t.JMeterThread: Thread started: Thread Group - Statistics Instruments 3-7
2021-03-31 10:06:37,054 INFO o.a.j.s.FileServer: Stored: D:\Projects\Solactive_RealTime_RestController\Jmeter_Performance\\data\Instruments-for-Tests-LowLoad.csv Alias: D:\Projects\Solactive_RealTime_RestController\Jmeter_Performance\\data\Instruments-for-Tests-LowLoad.csv@1157691104
2021-03-31 10:06:38,056 INFO o.a.j.t.JMeterThread: Thread started: Thread Group - Ticks 1-8
2021-03-31 10:06:38,057 INFO o.a.j.s.FileServer: Stored: D:\Projects\Solactive_RealTime_RestController\Jmeter_Performance\\data\Instruments-for-Tests-LowLoad.csv Alias: D:\Projects\Solactive_RealTime_RestController\Jmeter_Performance\\data\Instruments-for-Tests-LowLoad.csv@1678522018
2021-03-31 10:06:38,181 INFO o.a.j.t.JMeterThread: Thread started: Thread Group - Statistics 2-8
2021-03-31 10:06:38,319 INFO o.a.j.t.JMeterThread: Thread started: Thread Group - Statistics Instruments 3-8
2021-03-31 10:06:38,320 INFO o.a.j.s.FileServer: Stored: D:\Projects\Solactive_RealTime_RestController\Jmeter_Performance\\data\Instruments-for-Tests-LowLoad.csv Alias: D:\Projects\Solactive_RealTime_RestController\Jmeter_Performance\\data\Instruments-for-Tests-LowLoad.csv@1909237285
2021-03-31 10:06:39,255 INFO o.a.j.t.JMeterThread: Thread started: Thread Group - Ticks 1-9
2021-03-31 10:06:39,257 INFO o.a.j.s.FileServer: Stored: D:\Projects\Solactive_RealTime_RestController\Jmeter_Performance\\data\Instruments-for-Tests-LowLoad.csv Alias: D:\Projects\Solactive_RealTime_RestController\Jmeter_Performance\\data\Instruments-for-Tests-LowLoad.csv@631997984
2021-03-31 10:06:39,379 INFO o.a.j.t.JMeterThread: Thread started: Thread Group - Statistics 2-9
2021-03-31 10:06:39,517 INFO o.a.j.t.JMeterThread: Thread started: Thread Group - Statistics Instruments 3-9
2021-03-31 10:06:39,527 INFO o.a.j.s.FileServer: Stored: D:\Projects\Solactive_RealTime_RestController\Jmeter_Performance\\data\Instruments-for-Tests-LowLoad.csv Alias: D:\Projects\Solactive_RealTime_RestController\Jmeter_Performance\\data\Instruments-for-Tests-LowLoad.csv@2147211196
2021-03-31 10:06:40,452 INFO o.a.j.t.JMeterThread: Thread started: Thread Group - Ticks 1-10
2021-03-31 10:06:40,456 INFO o.a.j.s.FileServer: Stored: D:\Projects\Solactive_RealTime_RestController\Jmeter_Performance\\data\Instruments-for-Tests-LowLoad.csv Alias: D:\Projects\Solactive_RealTime_RestController\Jmeter_Performance\\data\Instruments-for-Tests-LowLoad.csv@1137218186
2021-03-31 10:06:40,636 INFO o.a.j.t.JMeterThread: Thread started: Thread Group - Statistics Instruments 3-10
2021-03-31 10:06:40,638 INFO o.a.j.s.FileServer: Stored: D:\Projects\Solactive_RealTime_RestController\Jmeter_Performance\\data\Instruments-for-Tests-LowLoad.csv Alias: D:\Projects\Solactive_RealTime_RestController\Jmeter_Performance\\data\Instruments-for-Tests-LowLoad.csv@226771645
2021-03-31 10:06:40,650 INFO o.a.j.t.JMeterThread: Thread started: Thread Group - Statistics 2-10
2021-03-31 10:06:41,651 INFO o.a.j.t.JMeterThread: Thread started: Thread Group - Ticks 1-11
2021-03-31 10:06:41,652 INFO o.a.j.s.FileServer: Stored: D:\Projects\Solactive_RealTime_RestController\Jmeter_Performance\\data\Instruments-for-Tests-LowLoad.csv Alias: D:\Projects\Solactive_RealTime_RestController\Jmeter_Performance\\data\Instruments-for-Tests-LowLoad.csv@904056685
2021-03-31 10:06:41,817 INFO o.a.j.t.JMeterThread: Thread started: Thread Group - Statistics 2-11
2021-03-31 10:06:41,836 INFO o.a.j.t.JMeterThread: Thread started: Thread Group - Statistics Instruments 3-11
2021-03-31 10:06:41,838 INFO o.a.j.s.FileServer: Stored: D:\Projects\Solactive_RealTime_RestController\Jmeter_Performance\\data\Instruments-for-Tests-LowLoad.csv Alias: D:\Projects\Solactive_RealTime_RestController\Jmeter_Performance\\data\Instruments-for-Tests-LowLoad.csv@958760434
2021-03-31 10:06:42,835 INFO o.a.j.t.JMeterThread: Thread started: Thread Group - Ticks 1-12
2021-03-31 10:06:42,837 INFO o.a.j.s.FileServer: Stored: D:\Projects\Solactive_RealTime_RestController\Jmeter_Performance\\data\Instruments-for-Tests-LowLoad.csv Alias: D:\Projects\Solactive_RealTime_RestController\Jmeter_Performance\\data\Instruments-for-Tests-LowLoad.csv@793553054
2021-03-31 10:06:42,922 INFO o.a.j.t.JMeterThread: Thread started: Thread Group - Statistics 2-12
2021-03-31 10:06:43,130 INFO o.a.j.t.JMeterThread: Thread started: Thread Group - Statistics Instruments 3-12
2021-03-31 10:06:43,130 INFO o.a.j.s.FileServer: Stored: D:\Projects\Solactive_RealTime_RestController\Jmeter_Performance\\data\Instruments-for-Tests-LowLoad.csv Alias: D:\Projects\Solactive_RealTime_RestController\Jmeter_Performance\\data\Instruments-for-Tests-LowLoad.csv@1411511222
2021-03-31 10:06:44,054 INFO o.a.j.t.JMeterThread: Thread started: Thread Group - Ticks 1-13
2021-03-31 10:06:44,055 INFO o.a.j.s.FileServer: Stored: D:\Projects\Solactive_RealTime_RestController\Jmeter_Performance\\data\Instruments-for-Tests-LowLoad.csv Alias: D:\Projects\Solactive_RealTime_RestController\Jmeter_Performance\\data\Instruments-for-Tests-LowLoad.csv@634751022
2021-03-31 10:06:44,119 INFO o.a.j.t.JMeterThread: Thread started: Thread Group - Statistics 2-13
2021-03-31 10:06:44,326 INFO o.a.j.t.JMeterThread: Thread started: Thread Group - Statistics Instruments 3-13
2021-03-31 10:06:44,326 INFO o.a.j.s.FileServer: Stored: D:\Projects\Solactive_RealTime_RestController\Jmeter_Performance\\data\Instruments-for-Tests-LowLoad.csv Alias: D:\Projects\Solactive_RealTime_RestController\Jmeter_Performance\\data\Instruments-for-Tests-LowLoad.csv@37930308
2021-03-31 10:06:45,212 INFO o.a.j.t.JMeterThread: Thread started: Thread Group - Ticks 1-14
2021-03-31 10:06:45,212 INFO o.a.j.s.FileServer: Stored: D:\Projects\Solactive_RealTime_RestController\Jmeter_Performance\\data\Instruments-for-Tests-LowLoad.csv Alias: D:\Projects\Solactive_RealTime_RestController\Jmeter_Performance\\data\Instruments-for-Tests-LowLoad.csv@1578091445
2021-03-31 10:06:45,413 INFO o.a.j.t.JMeterThread: Thread started: Thread Group - Statistics 2-14
2021-03-31 10:06:45,433 INFO o.a.j.t.JMeterThread: Thread started: Thread Group - Statistics Instruments 3-14
2021-03-31 10:06:45,434 INFO o.a.j.s.FileServer: Stored: D:\Projects\Solactive_RealTime_RestController\Jmeter_Performance\\data\Instruments-for-Tests-LowLoad.csv Alias: D:\Projects\Solactive_RealTime_RestController\Jmeter_Performance\\data\Instruments-for-Tests-LowLoad.csv@1136270485
2021-03-31 10:06:46,414 INFO o.a.j.t.JMeterThread: Thread started: Thread Group - Ticks 1-15
2021-03-31 10:06:46,414 INFO o.a.j.s.FileServer: Stored: D:\Projects\Solactive_RealTime_RestController\Jmeter_Performance\\data\Instruments-for-Tests-LowLoad.csv Alias: D:\Projects\Solactive_RealTime_RestController\Jmeter_Performance\\data\Instruments-for-Tests-LowLoad.csv@1078036800
2021-03-31 10:06:46,610 INFO o.a.j.t.JMeterThread: Thread started: Thread Group - Statistics 2-15
2021-03-31 10:06:46,635 INFO o.a.j.t.JMeterThread: Thread started: Thread Group - Statistics Instruments 3-15
2021-03-31 10:06:46,636 INFO o.a.j.s.FileServer: Stored: D:\Projects\Solactive_RealTime_RestController\Jmeter_Performance\\data\Instruments-for-Tests-LowLoad.csv Alias: D:\Projects\Solactive_RealTime_RestController\Jmeter_Performance\\data\Instruments-for-Tests-LowLoad.csv@1913969638
2021-03-31 10:06:47,610 INFO o.a.j.t.JMeterThread: Thread started: Thread Group - Ticks 1-16
2021-03-31 10:06:47,610 INFO o.a.j.s.FileServer: Stored: D:\Projects\Solactive_RealTime_RestController\Jmeter_Performance\\data\Instruments-for-Tests-LowLoad.csv Alias: D:\Projects\Solactive_RealTime_RestController\Jmeter_Performance\\data\Instruments-for-Tests-LowLoad.csv@123923417
2021-03-31 10:06:47,714 INFO o.a.j.t.JMeterThread: Thread started: Thread Group - Statistics 2-16
2021-03-31 10:06:47,927 INFO o.a.j.t.JMeterThread: Thread started: Thread Group - Statistics Instruments 3-16
2021-03-31 10:06:47,927 INFO o.a.j.s.FileServer: Stored: D:\Projects\Solactive_RealTime_RestController\Jmeter_Performance\\data\Instruments-for-Tests-LowLoad.csv Alias: D:\Projects\Solactive_RealTime_RestController\Jmeter_Performance\\data\Instruments-for-Tests-LowLoad.csv@1565344499
2021-03-31 10:06:48,823 INFO o.a.j.t.JMeterThread: Thread started: Thread Group - Ticks 1-17
2021-03-31 10:06:48,823 INFO o.a.j.s.FileServer: Stored: D:\Projects\Solactive_RealTime_RestController\Jmeter_Performance\\data\Instruments-for-Tests-LowLoad.csv Alias: D:\Projects\Solactive_RealTime_RestController\Jmeter_Performance\\data\Instruments-for-Tests-LowLoad.csv@554861776
2021-03-31 10:06:48,914 INFO o.a.j.t.JMeterThread: Thread started: Thread Group - Statistics 2-17
2021-03-31 10:06:49,114 INFO o.a.j.t.JMeterThread: Thread started: Thread Group - Statistics Instruments 3-17
2021-03-31 10:06:49,115 INFO o.a.j.s.FileServer: Stored: D:\Projects\Solactive_RealTime_RestController\Jmeter_Performance\\data\Instruments-for-Tests-LowLoad.csv Alias: D:\Projects\Solactive_RealTime_RestController\Jmeter_Performance\\data\Instruments-for-Tests-LowLoad.csv@1535880075
2021-03-31 10:06:49,996 INFO o.a.j.t.JMeterThread: Thread started: Thread Group - Ticks 1-18
2021-03-31 10:06:49,996 INFO o.a.j.s.FileServer: Stored: D:\Projects\Solactive_RealTime_RestController\Jmeter_Performance\\data\Instruments-for-Tests-LowLoad.csv Alias: D:\Projects\Solactive_RealTime_RestController\Jmeter_Performance\\data\Instruments-for-Tests-LowLoad.csv@1717429387
2021-03-31 10:06:50,200 INFO o.a.j.t.JMeterThread: Thread started: Thread Group - Statistics 2-18
2021-03-31 10:06:50,301 INFO o.a.j.t.JMeterThread: Thread started: Thread Group - Statistics Instruments 3-18
2021-03-31 10:06:50,301 INFO o.a.j.s.FileServer: Stored: D:\Projects\Solactive_RealTime_RestController\Jmeter_Performance\\data\Instruments-for-Tests-LowLoad.csv Alias: D:\Projects\Solactive_RealTime_RestController\Jmeter_Performance\\data\Instruments-for-Tests-LowLoad.csv@731932203
2021-03-31 10:06:51,197 INFO o.a.j.t.JMeterThread: Thread started: Thread Group - Ticks 1-19
2021-03-31 10:06:51,197 INFO o.a.j.s.FileServer: Stored: D:\Projects\Solactive_RealTime_RestController\Jmeter_Performance\\data\Instruments-for-Tests-LowLoad.csv Alias: D:\Projects\Solactive_RealTime_RestController\Jmeter_Performance\\data\Instruments-for-Tests-LowLoad.csv@1798692884
2021-03-31 10:06:51,398 INFO o.a.j.t.JMeterThread: Thread started: Thread Group - Statistics 2-19
2021-03-31 10:06:51,497 INFO o.a.j.t.JMeterThread: Thread started: Thread Group - Statistics Instruments 3-19
2021-03-31 10:06:51,497 INFO o.a.j.s.FileServer: Stored: D:\Projects\Solactive_RealTime_RestController\Jmeter_Performance\\data\Instruments-for-Tests-LowLoad.csv Alias: D:\Projects\Solactive_RealTime_RestController\Jmeter_Performance\\data\Instruments-for-Tests-LowLoad.csv@374835115
2021-03-31 10:06:52,400 INFO o.a.j.t.JMeterThread: Thread started: Thread Group - Ticks 1-20
2021-03-31 10:06:52,400 INFO o.a.j.s.FileServer: Stored: D:\Projects\Solactive_RealTime_RestController\Jmeter_Performance\\data\Instruments-for-Tests-LowLoad.csv Alias: D:\Projects\Solactive_RealTime_RestController\Jmeter_Performance\\data\Instruments-for-Tests-LowLoad.csv@1727173744
2021-03-31 10:06:52,548 INFO o.a.j.t.JMeterThread: Thread started: Thread Group - Statistics 2-20
2021-03-31 10:06:52,686 INFO o.a.j.t.JMeterThread: Thread started: Thread Group - Statistics Instruments 3-20
2021-03-31 10:06:52,686 INFO o.a.j.s.FileServer: Stored: D:\Projects\Solactive_RealTime_RestController\Jmeter_Performance\\data\Instruments-for-Tests-LowLoad.csv Alias: D:\Projects\Solactive_RealTime_RestController\Jmeter_Performance\\data\Instruments-for-Tests-LowLoad.csv@2020137342
2021-03-31 10:06:53,591 INFO o.a.j.t.JMeterThread: Thread started: Thread Group - Ticks 1-21
2021-03-31 10:06:53,591 INFO o.a.j.s.FileServer: Stored: D:\Projects\Solactive_RealTime_RestController\Jmeter_Performance\\data\Instruments-for-Tests-LowLoad.csv Alias: D:\Projects\Solactive_RealTime_RestController\Jmeter_Performance\\data\Instruments-for-Tests-LowLoad.csv@396083402
2021-03-31 10:06:53,781 INFO o.a.j.t.JMeterThread: Thread started: Thread Group - Statistics 2-21
2021-03-31 10:06:53,878 INFO o.a.j.t.JMeterThread: Thread started: Thread Group - Statistics Instruments 3-21
2021-03-31 10:06:53,878 INFO o.a.j.s.FileServer: Stored: D:\Projects\Solactive_RealTime_RestController\Jmeter_Performance\\data\Instruments-for-Tests-LowLoad.csv Alias: D:\Projects\Solactive_RealTime_RestController\Jmeter_Performance\\data\Instruments-for-Tests-LowLoad.csv@1231986196
2021-03-31 10:06:54,813 INFO o.a.j.t.JMeterThread: Thread started: Thread Group - Ticks 1-22
2021-03-31 10:06:54,813 INFO o.a.j.s.FileServer: Stored: D:\Projects\Solactive_RealTime_RestController\Jmeter_Performance\\data\Instruments-for-Tests-LowLoad.csv Alias: D:\Projects\Solactive_RealTime_RestController\Jmeter_Performance\\data\Instruments-for-Tests-LowLoad.csv@748994840
2021-03-31 10:06:54,978 INFO o.a.j.t.JMeterThread: Thread started: Thread Group - Statistics 2-22
2021-03-31 10:06:55,089 INFO o.a.j.t.JMeterThread: Thread started: Thread Group - Statistics Instruments 3-22
2021-03-31 10:06:55,089 INFO o.a.j.s.FileServer: Stored: D:\Projects\Solactive_RealTime_RestController\Jmeter_Performance\\data\Instruments-for-Tests-LowLoad.csv Alias: D:\Projects\Solactive_RealTime_RestController\Jmeter_Performance\\data\Instruments-for-Tests-LowLoad.csv@391726724
2021-03-31 10:06:55,983 INFO o.a.j.t.JMeterThread: Thread started: Thread Group - Ticks 1-23
2021-03-31 10:06:55,983 INFO o.a.j.s.FileServer: Stored: D:\Projects\Solactive_RealTime_RestController\Jmeter_Performance\\data\Instruments-for-Tests-LowLoad.csv Alias: D:\Projects\Solactive_RealTime_RestController\Jmeter_Performance\\data\Instruments-for-Tests-LowLoad.csv@1091569843
2021-03-31 10:06:56,119 INFO o.a.j.t.JMeterThread: Thread started: Thread Group - Statistics 2-23
2021-03-31 10:06:56,276 INFO o.a.j.t.JMeterThread: Thread started: Thread Group - Statistics Instruments 3-23
2021-03-31 10:06:56,276 INFO o.a.j.s.FileServer: Stored: D:\Projects\Solactive_RealTime_RestController\Jmeter_Performance\\data\Instruments-for-Tests-LowLoad.csv Alias: D:\Projects\Solactive_RealTime_RestController\Jmeter_Performance\\data\Instruments-for-Tests-LowLoad.csv@668561946
2021-03-31 10:06:57,212 INFO o.a.j.t.JMeterThread: Thread started: Thread Group - Ticks 1-24
2021-03-31 10:06:57,213 INFO o.a.j.s.FileServer: Stored: D:\Projects\Solactive_RealTime_RestController\Jmeter_Performance\\data\Instruments-for-Tests-LowLoad.csv Alias: D:\Projects\Solactive_RealTime_RestController\Jmeter_Performance\\data\Instruments-for-Tests-LowLoad.csv@1634148170
2021-03-31 10:06:57,318 INFO o.a.j.t.JMeterThread: Thread started: Thread Group - Statistics 2-24
2021-03-31 10:06:57,464 INFO o.a.j.t.JMeterThread: Thread started: Thread Group - Statistics Instruments 3-24
2021-03-31 10:06:57,464 INFO o.a.j.s.FileServer: Stored: D:\Projects\Solactive_RealTime_RestController\Jmeter_Performance\\data\Instruments-for-Tests-LowLoad.csv Alias: D:\Projects\Solactive_RealTime_RestController\Jmeter_Performance\\data\Instruments-for-Tests-LowLoad.csv@1943975518
2021-03-31 10:06:58,371 INFO o.a.j.t.JMeterThread: Thread started: Thread Group - Ticks 1-25
2021-03-31 10:06:58,371 INFO o.a.j.s.FileServer: Stored: D:\Projects\Solactive_RealTime_RestController\Jmeter_Performance\\data\Instruments-for-Tests-LowLoad.csv Alias: D:\Projects\Solactive_RealTime_RestController\Jmeter_Performance\\data\Instruments-for-Tests-LowLoad.csv@1609963106
2021-03-31 10:06:58,570 INFO o.a.j.t.JMeterThread: Thread started: Thread Group - Statistics 2-25
2021-03-31 10:06:58,657 INFO o.a.j.t.JMeterThread: Thread started: Thread Group - Statistics Instruments 3-25
2021-03-31 10:06:58,657 INFO o.a.j.s.FileServer: Stored: D:\Projects\Solactive_RealTime_RestController\Jmeter_Performance\\data\Instruments-for-Tests-LowLoad.csv Alias: D:\Projects\Solactive_RealTime_RestController\Jmeter_Performance\\data\Instruments-for-Tests-LowLoad.csv@2009621373
2021-03-31 10:07:02,092 INFO o.a.j.r.Summariser: summary +    102 in 00:00:32 =    3.2/s Avg:     9 Min:     3 Max:   159 Err:     0 (0.00%) Active: 75 Started: 75 Finished: 0
2021-03-31 10:07:02,094 INFO o.a.j.r.Summariser: summary =    103 in 00:00:33 =    3.2/s Avg:    10 Min:     3 Max:   160 Err:     0 (0.00%)
2021-03-31 10:07:31,437 INFO o.a.j.r.Summariser: summary +     30 in 00:00:29 =    1.0/s Avg:     5 Min:     2 Max:    14 Err:     0 (0.00%) Active: 75 Started: 75 Finished: 0
2021-03-31 10:07:31,438 INFO o.a.j.r.Summariser: summary =    133 in 00:01:02 =    2.1/s Avg:     9 Min:     2 Max:   160 Err:     0 (0.00%)
2021-03-31 10:08:00,834 INFO o.a.j.r.Summariser: summary +     28 in 00:00:29 =    1.0/s Avg:     5 Min:     3 Max:     7 Err:     0 (0.00%) Active: 75 Started: 75 Finished: 0
2021-03-31 10:08:00,835 INFO o.a.j.r.Summariser: summary =    161 in 00:01:31 =    1.8/s Avg:     8 Min:     2 Max:   160 Err:     0 (0.00%)
2021-03-31 10:08:33,856 INFO o.a.j.r.Summariser: summary +     35 in 00:00:33 =    1.1/s Avg:     4 Min:     2 Max:     9 Err:     0 (0.00%) Active: 75 Started: 75 Finished: 0
2021-03-31 10:08:33,857 INFO o.a.j.r.Summariser: summary =    196 in 00:02:04 =    1.6/s Avg:     7 Min:     2 Max:   160 Err:     0 (0.00%)
2021-03-31 10:09:03,229 INFO o.a.j.r.Summariser: summary +     27 in 00:00:29 =    0.9/s Avg:     4 Min:     2 Max:    10 Err:     0 (0.00%) Active: 75 Started: 75 Finished: 0
2021-03-31 10:09:03,230 INFO o.a.j.r.Summariser: summary =    223 in 00:02:34 =    1.4/s Avg:     7 Min:     2 Max:   160 Err:     0 (0.00%)
2021-03-31 10:09:32,076 INFO o.a.j.r.Summariser: summary +     30 in 00:00:29 =    1.0/s Avg:     4 Min:     2 Max:     9 Err:     0 (0.00%) Active: 75 Started: 75 Finished: 0
2021-03-31 10:09:32,076 INFO o.a.j.r.Summariser: summary =    253 in 00:03:03 =    1.4/s Avg:     7 Min:     2 Max:   160 Err:     0 (0.00%)
2021-03-31 10:10:01,439 INFO o.a.j.r.Summariser: summary +     30 in 00:00:29 =    1.0/s Avg:     4 Min:     2 Max:    13 Err:     0 (0.00%) Active: 75 Started: 75 Finished: 0
2021-03-31 10:10:01,440 INFO o.a.j.r.Summariser: summary =    283 in 00:03:32 =    1.3/s Avg:     6 Min:     2 Max:   160 Err:     0 (0.00%)
2021-03-31 10:10:18,214 INFO o.a.j.t.JMeterThread: Thread finished: Thread Group - Ticks 1-19
2021-03-31 10:10:18,420 INFO o.a.j.t.JMeterThread: Thread finished: Thread Group - Statistics 2-19
2021-03-31 10:10:18,517 INFO o.a.j.t.JMeterThread: Thread finished: Thread Group - Statistics Instruments 3-19
2021-03-31 10:10:22,422 INFO o.a.j.t.JMeterThread: Thread finished: Thread Group - Ticks 1-20
2021-03-31 10:10:22,575 INFO o.a.j.t.JMeterThread: Thread finished: Thread Group - Statistics 2-20
2021-03-31 10:10:22,710 INFO o.a.j.t.JMeterThread: Thread finished: Thread Group - Statistics Instruments 3-20
2021-03-31 10:10:23,858 INFO o.a.j.t.JMeterThread: Thread finished: Thread Group - Statistics Instruments 3-6
2021-03-31 10:10:26,610 INFO o.a.j.t.JMeterThread: Thread finished: Thread Group - Ticks 1-21
2021-03-31 10:10:26,713 INFO o.a.j.t.JMeterThread: Thread finished: Thread Group - Ticks 1-6
2021-03-31 10:10:26,807 INFO o.a.j.t.JMeterThread: Thread finished: Thread Group - Statistics 2-21
2021-03-31 10:10:26,817 INFO o.a.j.t.JMeterThread: Thread finished: Thread Group - Statistics 2-6
2021-03-31 10:10:26,906 INFO o.a.j.t.JMeterThread: Thread finished: Thread Group - Statistics Instruments 3-21
2021-03-31 10:10:27,966 INFO o.a.j.t.JMeterThread: Thread finished: Thread Group - Statistics 2-2
2021-03-31 10:10:30,833 INFO o.a.j.r.Summariser: summary +     28 in 00:00:29 =    1.0/s Avg:     3 Min:     2 Max:     5 Err:     0 (0.00%) Active: 62 Started: 75 Finished: 13
2021-03-31 10:10:30,834 INFO o.a.j.r.Summariser: summary =    311 in 00:04:01 =    1.3/s Avg:     6 Min:     2 Max:   160 Err:     0 (0.00%)
2021-03-31 10:10:30,835 INFO o.a.j.t.JMeterThread: Thread finished: Thread Group - Ticks 1-22
2021-03-31 10:10:30,995 INFO o.a.j.t.JMeterThread: Thread finished: Thread Group - Statistics 2-22
2021-03-31 10:10:31,106 INFO o.a.j.t.JMeterThread: Thread finished: Thread Group - Statistics Instruments 3-22
2021-03-31 10:10:35,003 INFO o.a.j.t.JMeterThread: Thread finished: Thread Group - Ticks 1-23
2021-03-31 10:10:35,139 INFO o.a.j.t.JMeterThread: Thread finished: Thread Group - Statistics 2-23
2021-03-31 10:10:35,294 INFO o.a.j.t.JMeterThread: Thread finished: Thread Group - Statistics Instruments 3-23
2021-03-31 10:10:39,229 INFO o.a.j.t.JMeterThread: Thread finished: Thread Group - Ticks 1-24
2021-03-31 10:10:39,340 INFO o.a.j.t.JMeterThread: Thread finished: Thread Group - Statistics 2-24
2021-03-31 10:10:39,488 INFO o.a.j.t.JMeterThread: Thread finished: Thread Group - Statistics Instruments 3-24
2021-03-31 10:10:39,892 INFO o.a.j.t.JMeterThread: Thread finished: Thread Group - Ticks 1-7
2021-03-31 10:10:39,973 INFO o.a.j.t.JMeterThread: Thread finished: Thread Group - Ticks 1-2
2021-03-31 10:10:40,026 INFO o.a.j.t.JMeterThread: Thread finished: Thread Group - Statistics 2-7
2021-03-31 10:10:40,078 INFO o.a.j.t.JMeterThread: Thread finished: Thread Group - Statistics Instruments 3-7
2021-03-31 10:10:40,083 INFO o.a.j.t.JMeterThread: Thread finished: Thread Group - Statistics Instruments 3-2
2021-03-31 10:10:43,391 INFO o.a.j.t.JMeterThread: Thread finished: Thread Group - Ticks 1-25
2021-03-31 10:10:43,589 INFO o.a.j.t.JMeterThread: Thread finished: Thread Group - Statistics 2-25
2021-03-31 10:10:43,677 INFO o.a.j.t.JMeterThread: Thread finished: Thread Group - Statistics Instruments 3-25
2021-03-31 10:10:47,079 INFO o.a.j.t.JMeterThread: Thread finished: Thread Group - Ticks 1-8
2021-03-31 10:10:47,203 INFO o.a.j.t.JMeterThread: Thread finished: Thread Group - Statistics 2-8
2021-03-31 10:10:47,349 INFO o.a.j.t.JMeterThread: Thread finished: Thread Group - Statistics Instruments 3-8
2021-03-31 10:10:51,277 INFO o.a.j.t.JMeterThread: Thread finished: Thread Group - Ticks 1-9
2021-03-31 10:10:51,396 INFO o.a.j.t.JMeterThread: Thread finished: Thread Group - Statistics 2-9
2021-03-31 10:10:51,545 INFO o.a.j.t.JMeterThread: Thread finished: Thread Group - Statistics Instruments 3-9
2021-03-31 10:10:55,478 INFO o.a.j.t.JMeterThread: Thread finished: Thread Group - Ticks 1-10
2021-03-31 10:10:55,655 INFO o.a.j.t.JMeterThread: Thread finished: Thread Group - Statistics Instruments 3-10
2021-03-31 10:10:55,670 INFO o.a.j.t.JMeterThread: Thread finished: Thread Group - Statistics 2-10
2021-03-31 10:10:56,160 INFO o.a.j.t.JMeterThread: Thread finished: Thread Group - Ticks 1-3
2021-03-31 10:10:56,163 INFO o.a.j.t.JMeterThread: Thread finished: Thread Group - Statistics 2-3
2021-03-31 10:10:56,256 INFO o.a.j.t.JMeterThread: Thread finished: Thread Group - Statistics Instruments 3-3
2021-03-31 10:10:59,668 INFO o.a.j.t.JMeterThread: Thread finished: Thread Group - Ticks 1-11
2021-03-31 10:10:59,810 INFO o.a.j.t.JMeterThread: Thread finished: Thread Group - Statistics 2-1
2021-03-31 10:10:59,834 INFO o.a.j.t.JMeterThread: Thread finished: Thread Group - Statistics 2-11
2021-03-31 10:10:59,858 INFO o.a.j.t.JMeterThread: Thread finished: Thread Group - Statistics Instruments 3-11
2021-03-31 10:10:59,874 INFO o.a.j.t.JMeterThread: Thread finished: Thread Group - Ticks 1-1
2021-03-31 10:10:59,900 INFO o.a.j.t.JMeterThread: Thread finished: Thread Group - Statistics Instruments 3-1
2021-03-31 10:11:03,855 INFO o.a.j.r.Summariser: summary +     35 in 00:00:33 =    1.1/s Avg:     3 Min:     2 Max:    13 Err:     0 (0.00%) Active: 27 Started: 75 Finished: 48
2021-03-31 10:11:03,856 INFO o.a.j.r.Summariser: summary =    346 in 00:04:34 =    1.3/s Avg:     6 Min:     2 Max:   160 Err:     0 (0.00%)
2021-03-31 10:11:03,857 INFO o.a.j.t.JMeterThread: Thread finished: Thread Group - Ticks 1-12
2021-03-31 10:11:03,941 INFO o.a.j.t.JMeterThread: Thread finished: Thread Group - Statistics 2-12
2021-03-31 10:11:04,151 INFO o.a.j.t.JMeterThread: Thread finished: Thread Group - Statistics Instruments 3-12
2021-03-31 10:11:08,070 INFO o.a.j.t.JMeterThread: Thread finished: Thread Group - Ticks 1-13
2021-03-31 10:11:08,142 INFO o.a.j.t.JMeterThread: Thread finished: Thread Group - Statistics 2-13
2021-03-31 10:11:08,345 INFO o.a.j.t.JMeterThread: Thread finished: Thread Group - Statistics Instruments 3-13
2021-03-31 10:11:09,373 INFO o.a.j.t.JMeterThread: Thread finished: Thread Group - Statistics 2-4
2021-03-31 10:11:12,231 INFO o.a.j.t.JMeterThread: Thread finished: Thread Group - Ticks 1-14
2021-03-31 10:11:12,325 INFO o.a.j.t.JMeterThread: Thread finished: Thread Group - Ticks 1-4
2021-03-31 10:11:12,432 INFO o.a.j.t.JMeterThread: Thread finished: Thread Group - Statistics 2-14
2021-03-31 10:11:12,467 INFO o.a.j.t.JMeterThread: Thread finished: Thread Group - Statistics Instruments 3-14
2021-03-31 10:11:12,543 INFO o.a.j.t.JMeterThread: Thread finished: Thread Group - Statistics Instruments 3-4
2021-03-31 10:11:16,434 INFO o.a.j.t.JMeterThread: Thread finished: Thread Group - Ticks 1-15
2021-03-31 10:11:16,626 INFO o.a.j.t.JMeterThread: Thread finished: Thread Group - Statistics 2-15
2021-03-31 10:11:16,654 INFO o.a.j.t.JMeterThread: Thread finished: Thread Group - Statistics Instruments 3-15
2021-03-31 10:11:20,627 INFO o.a.j.t.JMeterThread: Thread finished: Thread Group - Ticks 1-16
2021-03-31 10:11:20,731 INFO o.a.j.t.JMeterThread: Thread finished: Thread Group - Statistics 2-16
2021-03-31 10:11:20,946 INFO o.a.j.t.JMeterThread: Thread finished: Thread Group - Statistics Instruments 3-16
2021-03-31 10:11:24,842 INFO o.a.j.t.JMeterThread: Thread finished: Thread Group - Ticks 1-17
2021-03-31 10:11:24,930 INFO o.a.j.t.JMeterThread: Thread finished: Thread Group - Statistics 2-17
2021-03-31 10:11:25,141 INFO o.a.j.t.JMeterThread: Thread finished: Thread Group - Statistics Instruments 3-17
2021-03-31 10:11:25,526 INFO o.a.j.t.JMeterThread: Thread finished: Thread Group - Ticks 1-5
2021-03-31 10:11:25,620 INFO o.a.j.t.JMeterThread: Thread finished: Thread Group - Statistics 2-5
2021-03-31 10:11:25,761 INFO o.a.j.t.JMeterThread: Thread finished: Thread Group - Statistics Instruments 3-5
2021-03-31 10:11:29,016 INFO o.a.j.t.JMeterThread: Thread finished: Thread Group - Ticks 1-18
2021-03-31 10:11:29,217 INFO o.a.j.t.JMeterThread: Thread finished: Thread Group - Statistics 2-18
2021-03-31 10:11:29,323 INFO o.a.j.t.JMeterThread: Thread finished: Thread Group - Statistics Instruments 3-18
2021-03-31 10:11:29,323 INFO o.a.j.e.StandardJMeterEngine: Notifying test listeners of end of test
2021-03-31 10:11:29,323 INFO o.a.j.s.FileServer: Close: D:\Projects\Solactive_RealTime_RestController\Jmeter_Performance\\data\Instruments-for-Tests-LowLoad.csv@668560652
2021-03-31 10:11:29,324 INFO o.a.j.s.FileServer: Close: D:\Projects\Solactive_RealTime_RestController\Jmeter_Performance\\data\Instruments-for-Tests-LowLoad.csv@324737538
2021-03-31 10:11:29,324 INFO o.a.j.s.FileServer: Close: D:\Projects\Solactive_RealTime_RestController\Jmeter_Performance\\data\Instruments-for-Tests-LowLoad.csv@668561946
2021-03-31 10:11:29,325 INFO o.a.j.s.FileServer: Close: D:\Projects\Solactive_RealTime_RestController\Jmeter_Performance\\data\Instruments-for-Tests-LowLoad.csv@1137218186
2021-03-31 10:11:29,325 INFO o.a.j.s.FileServer: Close: D:\Projects\Solactive_RealTime_RestController\Jmeter_Performance\\data\Instruments-for-Tests-LowLoad.csv@554861776
2021-03-31 10:11:29,326 INFO o.a.j.s.FileServer: Close: D:\Projects\Solactive_RealTime_RestController\Jmeter_Performance\\data\Instruments-for-Tests-LowLoad.csv@634751022
2021-03-31 10:11:29,326 INFO o.a.j.s.FileServer: Close: D:\Projects\Solactive_RealTime_RestController\Jmeter_Performance\\data\Instruments-for-Tests-LowLoad.csv@1798692884
2021-03-31 10:11:29,326 INFO o.a.j.s.FileServer: Close: D:\Projects\Solactive_RealTime_RestController\Jmeter_Performance\\data\Instruments-for-Tests-LowLoad.csv@1231986196
2021-03-31 10:11:29,327 INFO o.a.j.s.FileServer: Close: D:\Projects\Solactive_RealTime_RestController\Jmeter_Performance\\data\Instruments-for-Tests-LowLoad.csv@1969743002
2021-03-31 10:11:29,327 INFO o.a.j.s.FileServer: Close: D:\Projects\Solactive_RealTime_RestController\Jmeter_Performance\\data\Instruments-for-Tests-LowLoad.csv@1926699246
2021-03-31 10:11:29,328 INFO o.a.j.s.FileServer: Close: D:\Projects\Solactive_RealTime_RestController\Jmeter_Performance\\data\Instruments-for-Tests-LowLoad.csv@1565344499
2021-03-31 10:11:29,331 INFO o.a.j.s.FileServer: Close: D:\Projects\Solactive_RealTime_RestController\Jmeter_Performance\\data\Instruments-for-Tests-LowLoad.csv@391726724
2021-03-31 10:11:29,332 INFO o.a.j.s.FileServer: Close: D:\Projects\Solactive_RealTime_RestController\Jmeter_Performance\\data\Instruments-for-Tests-LowLoad.csv@2147211196
2021-03-31 10:11:29,332 INFO o.a.j.s.FileServer: Close: D:\Projects\Solactive_RealTime_RestController\Jmeter_Performance\\data\Instruments-for-Tests-LowLoad.csv@1678522018
2021-03-31 10:11:29,333 INFO o.a.j.s.FileServer: Close: D:\Projects\Solactive_RealTime_RestController\Jmeter_Performance\\data\Instruments-for-Tests-LowLoad.csv@374835115
2021-03-31 10:11:29,334 INFO o.a.j.s.FileServer: Close: D:\Projects\Solactive_RealTime_RestController\Jmeter_Performance\\data\Instruments-for-Tests-LowLoad.csv@1717429387
2021-03-31 10:11:29,335 INFO o.a.j.s.FileServer: Close: D:\Projects\Solactive_RealTime_RestController\Jmeter_Performance\\data\Instruments-for-Tests-LowLoad.csv@1478576679
2021-03-31 10:11:29,336 INFO o.a.j.s.FileServer: Close: D:\Projects\Solactive_RealTime_RestController\Jmeter_Performance\\data\Instruments-for-Tests-LowLoad.csv@1909237285
2021-03-31 10:11:29,337 INFO o.a.j.s.FileServer: Close: D:\Projects\Solactive_RealTime_RestController\Jmeter_Performance\\data\Instruments-for-Tests-LowLoad.csv@1535880075
2021-03-31 10:11:29,338 INFO o.a.j.s.FileServer: Close: D:\Projects\Solactive_RealTime_RestController\Jmeter_Performance\\data\Instruments-for-Tests-LowLoad.csv@1411511222
2021-03-31 10:11:29,338 INFO o.a.j.s.FileServer: Close: D:\Projects\Solactive_RealTime_RestController\Jmeter_Performance\\data\Instruments-for-Tests-LowLoad.csv@793553054
2021-03-31 10:11:29,338 INFO o.a.j.s.FileServer: Close: D:\Projects\Solactive_RealTime_RestController\Jmeter_Performance\\data\Instruments-for-Tests-LowLoad.csv@2009621373
2021-03-31 10:11:29,338 INFO o.a.j.s.FileServer: Close: D:\Projects\Solactive_RealTime_RestController\Jmeter_Performance\\data\Instruments-for-Tests-LowLoad.csv@631997984
2021-03-31 10:11:29,338 INFO o.a.j.s.FileServer: Close: D:\Projects\Solactive_RealTime_RestController\Jmeter_Performance\\data\Instruments-for-Tests-LowLoad.csv@2020137342
2021-03-31 10:11:29,338 INFO o.a.j.s.FileServer: Close: D:\Projects\Solactive_RealTime_RestController\Jmeter_Performance\\data\Instruments-for-Tests-LowLoad.csv@1091569843
2021-03-31 10:11:29,339 INFO o.a.j.s.FileServer: Close: D:\Projects\Solactive_RealTime_RestController\Jmeter_Performance\\data\Instruments-for-Tests-LowLoad.csv@1780235025
2021-03-31 10:11:29,339 INFO o.a.j.s.FileServer: Close: D:\Projects\Solactive_RealTime_RestController\Jmeter_Performance\\data\Instruments-for-Tests-LowLoad.csv@958760434
2021-03-31 10:11:29,339 INFO o.a.j.s.FileServer: Close: D:\Projects\Solactive_RealTime_RestController\Jmeter_Performance\\data\Instruments-for-Tests-LowLoad.csv@1578091445
2021-03-31 10:11:29,339 INFO o.a.j.s.FileServer: Close: D:\Projects\Solactive_RealTime_RestController\Jmeter_Performance\\data\Instruments-for-Tests-LowLoad.csv@1157691104
2021-03-31 10:11:29,339 INFO o.a.j.s.FileServer: Close: D:\Projects\Solactive_RealTime_RestController\Jmeter_Performance\\data\Instruments-for-Tests-LowLoad.csv@37930308
2021-03-31 10:11:29,339 INFO o.a.j.s.FileServer: Close: D:\Projects\Solactive_RealTime_RestController\Jmeter_Performance\\data\Instruments-for-Tests-LowLoad.csv@2084722780
2021-03-31 10:11:29,339 INFO o.a.j.s.FileServer: Close: D:\Projects\Solactive_RealTime_RestController\Jmeter_Performance\\data\Instruments-for-Tests-LowLoad.csv@333798107
2021-03-31 10:11:29,339 INFO o.a.j.s.FileServer: Close: D:\Projects\Solactive_RealTime_RestController\Jmeter_Performance\\data\Instruments-for-Tests-LowLoad.csv@1657732123
2021-03-31 10:11:29,339 INFO o.a.j.s.FileServer: Close: D:\Projects\Solactive_RealTime_RestController\Jmeter_Performance\\data\Instruments-for-Tests-LowLoad.csv@1913969638
2021-03-31 10:11:29,339 INFO o.a.j.s.FileServer: Close: D:\Projects\Solactive_RealTime_RestController\Jmeter_Performance\\data\Instruments-for-Tests-LowLoad.csv@731932203
2021-03-31 10:11:29,340 INFO o.a.j.s.FileServer: Close: D:\Projects\Solactive_RealTime_RestController\Jmeter_Performance\\data\Instruments-for-Tests-LowLoad.csv@1078036800
2021-03-31 10:11:29,340 INFO o.a.j.s.FileServer: Close: D:\Projects\Solactive_RealTime_RestController\Jmeter_Performance\\data\Instruments-for-Tests-LowLoad.csv@553681904
2021-03-31 10:11:29,340 INFO o.a.j.s.FileServer: Close: D:\Projects\Solactive_RealTime_RestController\Jmeter_Performance\\data\Instruments-for-Tests-LowLoad.csv@1609963106
2021-03-31 10:11:29,340 INFO o.a.j.s.FileServer: Close: D:\Projects\Solactive_RealTime_RestController\Jmeter_Performance\\data\Instruments-for-Tests-LowLoad.csv@1169064281
2021-03-31 10:11:29,340 INFO o.a.j.s.FileServer: Close: D:\Projects\Solactive_RealTime_RestController\Jmeter_Performance\\data\Instruments-for-Tests-LowLoad.csv@226771645
2021-03-31 10:11:29,340 INFO o.a.j.s.FileServer: Close: D:\Projects\Solactive_RealTime_RestController\Jmeter_Performance\\data\Instruments-for-Tests-LowLoad.csv@1136270485
2021-03-31 10:11:29,340 INFO o.a.j.s.FileServer: Close: D:\Projects\Solactive_RealTime_RestController\Jmeter_Performance\\data\Instruments-for-Tests-LowLoad.csv@1727173744
2021-03-31 10:11:29,340 INFO o.a.j.s.FileServer: Close: D:\Projects\Solactive_RealTime_RestController\Jmeter_Performance\\data\Instruments-for-Tests-LowLoad.csv@748994840
2021-03-31 10:11:29,340 INFO o.a.j.s.FileServer: Close: D:\Projects\Solactive_RealTime_RestController\Jmeter_Performance\\data\Instruments-for-Tests-LowLoad.csv@1634148170
2021-03-31 10:11:29,340 INFO o.a.j.s.FileServer: Close: D:\Projects\Solactive_RealTime_RestController\Jmeter_Performance\\data\Instruments-for-Tests-LowLoad.csv@396083402
2021-03-31 10:11:29,341 INFO o.a.j.s.FileServer: Close: D:\Projects\Solactive_RealTime_RestController\Jmeter_Performance\\data\Instruments-for-Tests-LowLoad.csv@904056685
2021-03-31 10:11:29,341 INFO o.a.j.s.FileServer: Close: D:\Projects\Solactive_RealTime_RestController\Jmeter_Performance\\data\Instruments-for-Tests-LowLoad.csv@123923417
2021-03-31 10:11:29,341 INFO o.a.j.s.FileServer: Close: D:\Projects\Solactive_RealTime_RestController\Jmeter_Performance\\data\Instruments-for-Tests-LowLoad.csv@667168771
2021-03-31 10:11:29,341 INFO o.a.j.s.FileServer: Close: D:\Projects\Solactive_RealTime_RestController\Jmeter_Performance\\data\Instruments-for-Tests-LowLoad.csv@1943975518
2021-03-31 10:11:29,341 INFO o.a.j.s.FileServer: Close: D:\Projects\Solactive_RealTime_RestController\Jmeter_Performance\\data\Instruments-for-Tests-LowLoad.csv@472930668
2021-03-31 10:11:29,343 INFO o.a.j.r.Summariser: summary +     26 in 00:00:25 =    1.0/s Avg:     3 Min:     2 Max:     5 Err:     0 (0.00%) Active: 0 Started: 75 Finished: 75
2021-03-31 10:11:29,345 INFO o.a.j.r.Summariser: summary =    372 in 00:05:00 =    1.2/s Avg:     6 Min:     2 Max:   160 Err:     0 (0.00%)
2021-03-31 10:11:29,346 INFO o.a.j.JMeter: Generating Dashboard
2021-03-31 10:11:29,346 INFO o.a.j.r.d.ReportGenerator: Flushing result collector before report Generation
2021-03-31 10:11:29,393 INFO o.a.j.r.p.NormalizerSampleConsumer: Using format, 'ms', to parse timeStamp field
2021-03-31 10:11:30,916 INFO o.a.j.r.p.AbstractSampleConsumer: class org.apache.jmeter.report.processor.AggregateConsumer#stopProducing(): beginDate produced 0 samples
2021-03-31 10:11:30,917 INFO o.a.j.r.p.AbstractSampleConsumer: class org.apache.jmeter.report.processor.AggregateConsumer#stopProducing(): endDate produced 0 samples
2021-03-31 10:11:30,920 INFO o.a.j.r.p.AbstractSampleConsumer: class org.apache.jmeter.report.processor.ApdexSummaryConsumer#stopProducing(): apdexSummary produced 0 samples
2021-03-31 10:11:30,920 INFO o.a.j.r.p.AbstractSampleConsumer: class org.apache.jmeter.report.processor.RequestsSummaryConsumer#stopProducing(): requestsSummary produced 0 samples
2021-03-31 10:11:30,929 INFO o.a.j.r.p.AbstractSampleConsumer: class org.apache.jmeter.report.processor.StatisticsSummaryConsumer#stopProducing(): statisticsSummary produced 0 samples
2021-03-31 10:11:30,932 INFO o.a.j.r.p.AbstractSampleConsumer: class org.apache.jmeter.report.processor.Top5ErrorsBySamplerConsumer#stopProducing(): top5ErrorsBySampler produced 0 samples
2021-03-31 10:11:30,932 INFO o.a.j.r.p.AbstractSampleConsumer: class org.apache.jmeter.report.processor.ErrorsSummaryConsumer#stopProducing(): errorsSummary produced 0 samples
2021-03-31 10:11:30,932 INFO o.a.j.r.p.AbstractSampleConsumer: class org.apache.jmeter.report.processor.graph.impl.HitsPerSecondGraphConsumer#stopProducing(): hitsPerSecond produced 0 samples
2021-03-31 10:11:30,994 INFO o.a.j.r.p.AbstractSampleConsumer: class org.apache.jmeter.report.processor.graph.impl.LatencyVSRequestGraphConsumer#stopProducing(): latencyVsRequest produced 0 samples
2021-03-31 10:11:30,994 INFO o.a.j.r.p.AbstractSampleConsumer: class org.apache.jmeter.report.processor.graph.impl.SyntheticResponseTimeDistributionGraphConsumer#stopProducing(): syntheticResponseTimeDistribution produced 0 samples
2021-03-31 10:11:30,995 INFO o.a.j.r.p.AbstractSampleConsumer: class org.apache.jmeter.report.processor.graph.impl.BytesThroughputGraphConsumer#stopProducing(): bytesThroughputOverTime produced 0 samples
2021-03-31 10:11:30,995 INFO o.a.j.r.p.AbstractSampleConsumer: class org.apache.jmeter.report.processor.graph.impl.CodesPerSecondGraphConsumer#stopProducing(): codesPerSecond produced 0 samples
2021-03-31 10:11:31,047 INFO o.a.j.r.p.AbstractSampleConsumer: class org.apache.jmeter.report.processor.graph.impl.ResponseTimeVSRequestGraphConsumer#stopProducing(): responseTimeVsRequest produced 0 samples
2021-03-31 10:11:31,048 INFO o.a.j.r.p.AbstractSampleConsumer: class org.apache.jmeter.report.processor.FilterConsumer#stopProducing(): startIntervalControlerFilter produced 2604 samples
2021-03-31 10:11:31,048 INFO o.a.j.r.p.AbstractSampleConsumer: class org.apache.jmeter.report.processor.graph.impl.TotalTPSGraphConsumer#stopProducing(): totalTPS produced 0 samples
2021-03-31 10:11:31,048 INFO o.a.j.r.p.AbstractSampleConsumer: class org.apache.jmeter.report.processor.graph.impl.ActiveThreadsGraphConsumer#stopProducing(): activeThreadsOverTime produced 0 samples
2021-03-31 10:11:31,048 INFO o.a.j.r.p.AbstractSampleConsumer: class org.apache.jmeter.report.processor.graph.impl.TimeVSThreadGraphConsumer#stopProducing(): timeVsThreads produced 0 samples
2021-03-31 10:11:31,049 INFO o.a.j.r.p.AbstractSampleConsumer: class org.apache.jmeter.report.processor.graph.impl.ResponseTimeDistributionGraphConsumer#stopProducing(): responseTimeDistribution produced 0 samples
2021-03-31 10:11:31,050 INFO o.a.j.r.p.AbstractSampleConsumer: class org.apache.jmeter.report.processor.graph.impl.TransactionsPerSecondGraphConsumer#stopProducing(): transactionsPerSecond produced 0 samples
2021-03-31 10:11:31,050 INFO o.a.j.r.p.AbstractSampleConsumer: class org.apache.jmeter.report.processor.graph.impl.ResponseTimePercentilesGraphConsumer#stopProducing(): responseTimePercentiles produced 0 samples
2021-03-31 10:11:31,052 INFO o.a.j.r.p.AbstractSampleConsumer: class org.apache.jmeter.report.processor.graph.impl.ResponseTimePercentilesOverTimeGraphConsumer#stopProducing(): responseTimePercentilesOverTime produced 0 samples
2021-03-31 10:11:31,053 INFO o.a.j.r.p.AbstractSampleConsumer: class org.apache.jmeter.report.processor.graph.impl.ResponseTimeOverTimeGraphConsumer#stopProducing(): responseTimesOverTime produced 0 samples
2021-03-31 10:11:31,053 INFO o.a.j.r.p.AbstractSampleConsumer: class org.apache.jmeter.report.processor.graph.impl.ConnectTimeOverTimeGraphConsumer#stopProducing(): connectTimeOverTime produced 0 samples
2021-03-31 10:11:31,053 INFO o.a.j.r.p.AbstractSampleConsumer: class org.apache.jmeter.report.processor.graph.impl.LatencyOverTimeGraphConsumer#stopProducing(): latenciesOverTime produced 0 samples
2021-03-31 10:11:31,054 INFO o.a.j.r.p.AbstractSampleConsumer: class org.apache.jmeter.report.processor.FilterConsumer#stopProducing(): nameFilter produced 5580 samples
2021-03-31 10:11:31,054 INFO o.a.j.r.p.AbstractSampleConsumer: class org.apache.jmeter.report.processor.FilterConsumer#stopProducing(): dateRangeFilter produced 1116 samples
2021-03-31 10:11:31,054 INFO o.a.j.r.p.AbstractSampleConsumer: class org.apache.jmeter.report.processor.NormalizerSampleConsumer#stopProducing(): normalizer produced 372 samples
2021-03-31 10:11:31,055 INFO o.a.j.r.p.CsvFileSampleSource: produce(): 372 samples produced in 1s 572 ms on channel 0
2021-03-31 10:11:31,055 INFO o.a.j.r.d.ReportGenerator: Exporting data using exporter:'json' of className:'org.apache.jmeter.report.dashboard.JsonExporter'
2021-03-31 10:11:31,059 INFO o.a.j.r.d.JsonExporter: Found data for consumer statisticsSummaryin context
2021-03-31 10:11:31,059 INFO o.a.j.r.d.JsonExporter: Creating statistics for overall
2021-03-31 10:11:31,061 INFO o.a.j.r.d.JsonExporter: Creating statistics for other transactions
2021-03-31 10:11:31,063 INFO o.a.j.r.d.JsonExporter: Checking output folder
2021-03-31 10:11:31,064 INFO o.a.j.r.d.JsonExporter: Writing statistics JSON to D:\Projects\Solactive_RealTime_RestController\Jmeter_Performance\executions\D1\DESKTOP-VPGUUNH\20210331_100612\Report\statistics.json
2021-03-31 10:11:31,382 INFO o.a.j.r.d.ReportGenerator: Exporting data using exporter:'html' of className:'org.apache.jmeter.report.dashboard.HtmlTemplateExporter'
2021-03-31 10:11:31,390 INFO o.a.j.r.d.HtmlTemplateExporter: Will generate dashboard in folder: D:\Projects\Solactive_RealTime_RestController\Jmeter_Performance\executions\D1\DESKTOP-VPGUUNH\20210331_100612\Report
2021-03-31 10:11:31,558 ERROR f.configuration: DefaultObjectWrapper.incompatibleImprovements was set to the object returned by Configuration.getVersion(). That defeats the purpose of incompatibleImprovements, and makes upgrading FreeMarker a potentially breaking change. Also, this probably won't be allowed starting from 2.4.0. Instead, set incompatibleImprovements to the highest concrete version that's known to be compatible with your application.
2021-03-31 10:11:31,561 ERROR f.configuration: Configuration.incompatibleImprovements was set to the object returned by Configuration.getVersion(). That defeats the purpose of incompatibleImprovements, and makes upgrading FreeMarker a potentially breaking change. Also, this probably won't be allowed starting from 2.4.0. Instead, set incompatibleImprovements to the highest concrete version that's known to be compatible with your application.
2021-03-31 10:11:31,576 INFO o.a.j.r.d.HtmlTemplateExporter: Report will be generated in: D:\Projects\Solactive_RealTime_RestController\Jmeter_Performance\executions\D1\DESKTOP-VPGUUNH\20210331_100612\Report, creating folder structure
2021-03-31 10:11:31,580 INFO o.a.j.r.d.TemplateVisitor: Copying folder from 'D:\Installed\apache-jmeter-5.3\bin\report-template' to 'D:\Projects\Solactive_RealTime_RestController\Jmeter_Performance\executions\D1\DESKTOP-VPGUUNH\20210331_100612\Report', got message: D:\Projects\Solactive_RealTime_RestController\Jmeter_Performance\executions\D1\DESKTOP-VPGUUNH\20210331_100612\Report, found non empty folder with following content [D:\Projects\Solactive_RealTime_RestController\Jmeter_Performance\executions\D1\DESKTOP-VPGUUNH\20210331_100612\Report\statistics.json], will be ignored
2021-03-31 10:11:32,435 INFO o.a.j.JMeter: Dashboard generated
