2021-03-31 09:54:38,787 INFO o.a.j.u.JMeterUtils: Setting Locale to en_EN
2021-03-31 09:54:38,828 INFO o.a.j.JMeter: Loading user properties from: D:\Installed\apache-jmeter-5.3\bin\user.properties
2021-03-31 09:54:38,828 INFO o.a.j.JMeter: Loading system properties from: D:\Installed\apache-jmeter-5.3\bin\system.properties
2021-03-31 09:54:38,829 INFO o.a.j.JMeter: Setting JMeter property: sample_variables=trxTimeStamp
2021-03-31 09:54:38,829 INFO o.a.j.JMeter: Setting JMeter property: loadGenNumber=1
2021-03-31 09:54:38,830 INFO o.a.j.JMeter: Setting JMeter property: duration=300
2021-03-31 09:54:38,830 INFO o.a.j.JMeter: Setting JMeter property: jmeter.reportgenerator.overall_granularity=60000
2021-03-31 09:54:38,830 INFO o.a.j.JMeter: Setting System property: nashorn.args=--no-deprecation-warning
2021-03-31 09:54:38,832 INFO o.a.j.JMeter: Copyright (c) 1998-2020 The Apache Software Foundation
2021-03-31 09:54:38,833 INFO o.a.j.JMeter: Version 5.3
2021-03-31 09:54:38,833 INFO o.a.j.JMeter: java.version=11.0.6
2021-03-31 09:54:38,833 INFO o.a.j.JMeter: java.vm.name=Java HotSpot(TM) 64-Bit Server VM
2021-03-31 09:54:38,833 INFO o.a.j.JMeter: os.name=Windows 10
2021-03-31 09:54:38,833 INFO o.a.j.JMeter: os.arch=amd64
2021-03-31 09:54:38,834 INFO o.a.j.JMeter: os.version=10.0
2021-03-31 09:54:38,834 INFO o.a.j.JMeter: file.encoding=Cp1252
2021-03-31 09:54:38,834 INFO o.a.j.JMeter: java.awt.headless=true
2021-03-31 09:54:38,835 INFO o.a.j.JMeter: Max memory     =1073741824
2021-03-31 09:54:38,835 INFO o.a.j.JMeter: Available Processors =8
2021-03-31 09:54:38,860 INFO o.a.j.JMeter: Default Locale=English (EN)
2021-03-31 09:54:38,860 INFO o.a.j.JMeter: JMeter  Locale=English (EN)
2021-03-31 09:54:38,861 INFO o.a.j.JMeter: JMeterHome=D:\Installed\apache-jmeter-5.3
2021-03-31 09:54:38,861 INFO o.a.j.JMeter: user.dir  =D:\Projects\Solactive_RealTime_RestController\Jmeter_Performance
2021-03-31 09:54:38,861 INFO o.a.j.JMeter: PWD       =D:\Projects\Solactive_RealTime_RestController\Jmeter_Performance
2021-03-31 09:54:48,008 INFO o.a.j.JMeter: IP: 169.254.151.137 Name: DESKTOP-VPGUUNH FullName: DESKTOP-VPGUUNH
2021-03-31 09:54:48,012 INFO o.a.j.JMeter: Setting property 'jmeter.reportgenerator.outputdir' to:'D:\Projects\Solactive_RealTime_RestController\Jmeter_Performance\executions\D1\DESKTOP-VPGUUNH\20210331_095436\Report'
2021-03-31 09:54:48,016 INFO o.a.j.s.FileServer: Default base='D:\Projects\Solactive_RealTime_RestController\Jmeter_Performance'
2021-03-31 09:54:48,017 INFO o.a.j.s.FileServer: Set new base='D:\Projects\Solactive_RealTime_RestController\Jmeter_Performance'
2021-03-31 09:54:48,201 INFO o.a.j.s.SaveService: Testplan (JMX) version: 2.2. Testlog (JTL) version: 2.2
2021-03-31 09:54:48,240 INFO o.a.j.s.SaveService: Using SaveService properties version 5.0
2021-03-31 09:54:48,247 INFO o.a.j.s.SaveService: Using SaveService properties file encoding UTF-8
2021-03-31 09:54:48,252 INFO o.a.j.s.SaveService: Loading file: D:\Projects\Solactive_RealTime_RestController\Jmeter_Performance\Solactive_Pattern_RestController.jmx
2021-03-31 09:54:48,343 INFO o.a.j.p.h.c.CookieManager: Settings: Delete null: true Check: true Allow variable: true Save: false Prefix: COOKIE_
2021-03-31 09:54:48,414 INFO o.a.j.p.h.s.HTTPSamplerBase: Parser for text/html is org.apache.jmeter.protocol.http.parser.LagartoBasedHtmlParser
2021-03-31 09:54:48,414 INFO o.a.j.p.h.s.HTTPSamplerBase: Parser for application/xhtml+xml is org.apache.jmeter.protocol.http.parser.LagartoBasedHtmlParser
2021-03-31 09:54:48,414 INFO o.a.j.p.h.s.HTTPSamplerBase: Parser for application/xml is org.apache.jmeter.protocol.http.parser.LagartoBasedHtmlParser
2021-03-31 09:54:48,414 INFO o.a.j.p.h.s.HTTPSamplerBase: Parser for text/xml is org.apache.jmeter.protocol.http.parser.LagartoBasedHtmlParser
2021-03-31 09:54:48,415 INFO o.a.j.p.h.s.HTTPSamplerBase: Parser for text/vnd.wap.wml is org.apache.jmeter.protocol.http.parser.RegexpHTMLParser
2021-03-31 09:54:48,415 INFO o.a.j.p.h.s.HTTPSamplerBase: Parser for text/css is org.apache.jmeter.protocol.http.parser.CssParser
2021-03-31 09:54:48,481 INFO o.a.j.JMeter: Creating summariser <summary>
2021-03-31 09:54:48,488 INFO o.a.j.r.d.ReportGenerator: ReportGenerator will use for Parsing the separator: ','
2021-03-31 09:54:48,488 INFO o.a.j.r.d.ReportGenerator: Will generate report at end of test from  results file: D:\Projects\Solactive_RealTime_RestController\Jmeter_Performance\executions\D1\DESKTOP-VPGUUNH\20210331_095436\log.jtl
2021-03-31 09:54:48,488 INFO o.a.j.r.d.ReportGenerator: Reading report generator properties from: D:\Installed\apache-jmeter-5.3\bin\reportgenerator.properties
2021-03-31 09:54:48,489 INFO o.a.j.r.d.ReportGenerator: Merging with JMeter properties
2021-03-31 09:54:48,496 INFO o.a.j.r.c.ReportGeneratorConfiguration: Property 'jmeter.reportgenerator.temp_dir' not found, using default value 'temp' instead.
2021-03-31 09:54:48,501 INFO o.a.j.r.c.ReportGeneratorConfiguration: Property 'jmeter.reportgenerator.apdex_per_transaction' not found, using default value 'null' instead.
2021-03-31 09:54:48,501 INFO o.a.j.r.c.ReportGeneratorConfiguration: apdex_per_transaction is empty, not APDEX per transaction customization
2021-03-31 09:54:48,502 INFO o.a.j.r.c.ReportGeneratorConfiguration: Property 'jmeter.reportgenerator.sample_filter' not found, using default value 'null' instead.
2021-03-31 09:54:48,502 INFO o.a.j.r.c.ReportGeneratorConfiguration: Property 'jmeter.reportgenerator.report_title' not found, using default value 'null' instead.
2021-03-31 09:54:48,502 INFO o.a.j.r.c.ReportGeneratorConfiguration: Property 'jmeter.reportgenerator.start_date' not found, using default value 'null' instead.
2021-03-31 09:54:48,503 INFO o.a.j.r.c.ReportGeneratorConfiguration: Property 'jmeter.reportgenerator.end_date' not found, using default value 'null' instead.
2021-03-31 09:54:48,503 INFO o.a.j.r.c.ReportGeneratorConfiguration: Property 'jmeter.reportgenerator.date_format' not found, using default value 'null' instead.
2021-03-31 09:54:48,504 INFO o.a.j.r.c.ReportGeneratorConfiguration: Will use date range start date: null, end date: null
2021-03-31 09:54:48,514 INFO o.a.j.r.c.ReportGeneratorConfiguration: Property 'jmeter.reportgenerator.graph.totalTPS.exclude_controllers' not found, using default value 'false' instead.
2021-03-31 09:54:48,514 INFO o.a.j.r.c.ReportGeneratorConfiguration: Property 'jmeter.reportgenerator.graph.activeThreadsOverTime.exclude_controllers' not found, using default value 'false' instead.
2021-03-31 09:54:48,515 INFO o.a.j.r.c.ReportGeneratorConfiguration: Property 'jmeter.reportgenerator.graph.timeVsThreads.exclude_controllers' not found, using default value 'false' instead.
2021-03-31 09:54:48,515 INFO o.a.j.r.c.ReportGeneratorConfiguration: Property 'jmeter.reportgenerator.graph.responseTimeDistribution.exclude_controllers' not found, using default value 'false' instead.
2021-03-31 09:54:48,515 INFO o.a.j.r.c.ReportGeneratorConfiguration: Property 'jmeter.reportgenerator.graph.transactionsPerSecond.exclude_controllers' not found, using default value 'false' instead.
2021-03-31 09:54:48,516 INFO o.a.j.r.c.ReportGeneratorConfiguration: Property 'jmeter.reportgenerator.graph.responseTimePercentiles.exclude_controllers' not found, using default value 'false' instead.
2021-03-31 09:54:48,517 INFO o.a.j.r.c.ReportGeneratorConfiguration: Property 'jmeter.reportgenerator.graph.responseTimePercentilesOverTime.exclude_controllers' not found, using default value 'false' instead.
2021-03-31 09:54:48,518 INFO o.a.j.r.c.ReportGeneratorConfiguration: Property 'jmeter.reportgenerator.graph.responseTimesOverTime.exclude_controllers' not found, using default value 'false' instead.
2021-03-31 09:54:48,518 INFO o.a.j.r.c.ReportGeneratorConfiguration: Property 'jmeter.reportgenerator.graph.connectTimeOverTime.exclude_controllers' not found, using default value 'false' instead.
2021-03-31 09:54:48,519 INFO o.a.j.r.c.ReportGeneratorConfiguration: Property 'jmeter.reportgenerator.graph.latenciesOverTime.exclude_controllers' not found, using default value 'false' instead.
2021-03-31 09:54:48,522 INFO o.a.j.r.c.ReportGeneratorConfiguration: Property 'jmeter.reportgenerator.exporter.json.filters_only_sample_series' not found, using default value 'true' instead.
2021-03-31 09:54:48,522 INFO o.a.j.r.c.ReportGeneratorConfiguration: Property 'jmeter.reportgenerator.exporter.json.series_filter' not found, using default value '' instead.
2021-03-31 09:54:48,522 INFO o.a.j.r.c.ReportGeneratorConfiguration: Property 'jmeter.reportgenerator.exporter.json.show_controllers_only' not found, using default value 'false' instead.
2021-03-31 09:54:48,523 INFO o.a.j.r.c.ReportGeneratorConfiguration: Property 'jmeter.reportgenerator.exporter.html.filters_only_sample_series' not found, using default value 'true' instead.
2021-03-31 09:54:48,523 INFO o.a.j.r.c.ReportGeneratorConfiguration: Property 'jmeter.reportgenerator.exporter.html.series_filter' not found, using default value '' instead.
2021-03-31 09:54:48,523 INFO o.a.j.r.c.ReportGeneratorConfiguration: Property 'jmeter.reportgenerator.exporter.html.show_controllers_only' not found, using default value 'false' instead.
2021-03-31 09:54:48,531 INFO o.a.j.e.StandardJMeterEngine: Running the test!
2021-03-31 09:54:48,532 INFO o.a.j.s.SampleEvent: List of sample_variables: [trxTimeStamp]
2021-03-31 09:54:48,533 INFO o.a.j.s.SampleEvent: List of sample_variables: [trxTimeStamp]
2021-03-31 09:54:48,548 INFO o.a.j.e.u.CompoundVariable: Note: Function class names must contain the string: '.functions.'
2021-03-31 09:54:48,548 INFO o.a.j.e.u.CompoundVariable: Note: Function class names must not contain the string: '.gui.'
2021-03-31 09:54:49,567 INFO o.a.j.r.ResultCollector: Folder at D:\Projects\Solactive_RealTime_RestController\Jmeter_Performance\log\D1\DESKTOP-VPGUUNH\20210331_095449 was created
2021-03-31 09:54:51,454 INFO o.a.j.JMeter: Running test (1617177291454)
2021-03-31 09:54:51,498 INFO o.a.j.e.StandardJMeterEngine: Starting ThreadGroup: 1 : Thread Group - Ticks
2021-03-31 09:54:51,499 INFO o.a.j.e.StandardJMeterEngine: Starting 25 threads for group Thread Group - Ticks.
2021-03-31 09:54:51,499 INFO o.a.j.e.StandardJMeterEngine: Thread will continue on error
2021-03-31 09:54:51,500 INFO o.a.j.t.ThreadGroup: Starting thread group... number=1 threads=25 ramp-up=30 delayedStart=false
2021-03-31 09:54:51,570 INFO o.a.j.t.ThreadGroup: Started thread group number 1
2021-03-31 09:54:51,571 INFO o.a.j.e.StandardJMeterEngine: Starting ThreadGroup: 2 : Thread Group - Statistics
2021-03-31 09:54:51,571 INFO o.a.j.e.StandardJMeterEngine: Starting 25 threads for group Thread Group - Statistics.
2021-03-31 09:54:51,571 INFO o.a.j.e.StandardJMeterEngine: Thread will continue on error
2021-03-31 09:54:51,571 INFO o.a.j.t.ThreadGroup: Starting thread group... number=2 threads=25 ramp-up=30 delayedStart=false
2021-03-31 09:54:51,571 INFO o.a.j.t.JMeterThread: Thread started: Thread Group - Ticks 1-1
2021-03-31 09:54:51,578 INFO o.a.j.s.FileServer: Stored: D:\Projects\Solactive_RealTime_RestController\Jmeter_Performance\\data\Instruments-for-Tests-LowLoad.csv Alias: D:\Projects\Solactive_RealTime_RestController\Jmeter_Performance\\data\Instruments-for-Tests-LowLoad.csv@1552885040
2021-03-31 09:54:51,582 INFO o.a.j.t.JMeterThread: Thread started: Thread Group - Statistics 2-1
2021-03-31 09:54:51,611 INFO o.a.j.t.ThreadGroup: Started thread group number 2
2021-03-31 09:54:51,611 INFO o.a.j.e.StandardJMeterEngine: Starting ThreadGroup: 3 : Thread Group - Statistics Instruments
2021-03-31 09:54:51,612 INFO o.a.j.e.StandardJMeterEngine: Starting 25 threads for group Thread Group - Statistics Instruments.
2021-03-31 09:54:51,612 INFO o.a.j.e.StandardJMeterEngine: Thread will continue on error
2021-03-31 09:54:51,612 INFO o.a.j.t.ThreadGroup: Starting thread group... number=3 threads=25 ramp-up=30 delayedStart=false
2021-03-31 09:54:51,644 INFO o.a.j.t.ThreadGroup: Started thread group number 3
2021-03-31 09:54:51,644 INFO o.a.j.e.StandardJMeterEngine: All thread groups have been started
2021-03-31 09:54:51,644 INFO o.a.j.t.JMeterThread: Thread started: Thread Group - Statistics Instruments 3-1
2021-03-31 09:54:51,649 INFO o.a.j.s.FileServer: Stored: D:\Projects\Solactive_RealTime_RestController\Jmeter_Performance\\data\Instruments-for-Tests-LowLoad.csv Alias: D:\Projects\Solactive_RealTime_RestController\Jmeter_Performance\\data\Instruments-for-Tests-LowLoad.csv@2007929342
2021-03-31 09:54:51,658 INFO o.a.j.p.h.s.HTTPHCAbstractImpl: Local host = DESKTOP-VPGUUNH
2021-03-31 09:54:51,672 INFO o.a.j.p.h.s.HTTPHC4Impl: HTTP request retry count = 0
2021-03-31 09:54:51,675 INFO o.a.j.s.SampleResult: Note: Sample TimeStamps are START times
2021-03-31 09:54:51,675 INFO o.a.j.s.SampleResult: sampleresult.default.encoding is set to ISO-8859-1
2021-03-31 09:54:51,675 INFO o.a.j.s.SampleResult: sampleresult.useNanoTime=true
2021-03-31 09:54:51,675 INFO o.a.j.s.SampleResult: sampleresult.nanoThreadSleep=5000
2021-03-31 09:54:52,761 INFO o.a.j.t.JMeterThread: Thread started: Thread Group - Ticks 1-2
2021-03-31 09:54:52,762 INFO o.a.j.s.FileServer: Stored: D:\Projects\Solactive_RealTime_RestController\Jmeter_Performance\\data\Instruments-for-Tests-LowLoad.csv Alias: D:\Projects\Solactive_RealTime_RestController\Jmeter_Performance\\data\Instruments-for-Tests-LowLoad.csv@40018303
2021-03-31 09:54:52,782 INFO o.a.j.t.JMeterThread: Thread started: Thread Group - Statistics 2-2
2021-03-31 09:54:52,821 INFO o.a.j.t.JMeterThread: Thread started: Thread Group - Statistics Instruments 3-2
2021-03-31 09:54:52,825 INFO o.a.j.s.FileServer: Stored: D:\Projects\Solactive_RealTime_RestController\Jmeter_Performance\\data\Instruments-for-Tests-LowLoad.csv Alias: D:\Projects\Solactive_RealTime_RestController\Jmeter_Performance\\data\Instruments-for-Tests-LowLoad.csv@1178320304
2021-03-31 09:54:53,960 INFO o.a.j.t.JMeterThread: Thread started: Thread Group - Ticks 1-3
2021-03-31 09:54:53,961 INFO o.a.j.s.FileServer: Stored: D:\Projects\Solactive_RealTime_RestController\Jmeter_Performance\\data\Instruments-for-Tests-LowLoad.csv Alias: D:\Projects\Solactive_RealTime_RestController\Jmeter_Performance\\data\Instruments-for-Tests-LowLoad.csv@1012013484
2021-03-31 09:54:53,977 INFO o.a.j.t.JMeterThread: Thread started: Thread Group - Statistics 2-3
2021-03-31 09:54:54,019 INFO o.a.j.t.JMeterThread: Thread started: Thread Group - Statistics Instruments 3-3
2021-03-31 09:54:54,021 INFO o.a.j.s.FileServer: Stored: D:\Projects\Solactive_RealTime_RestController\Jmeter_Performance\\data\Instruments-for-Tests-LowLoad.csv Alias: D:\Projects\Solactive_RealTime_RestController\Jmeter_Performance\\data\Instruments-for-Tests-LowLoad.csv@489576073
2021-03-31 09:54:55,158 INFO o.a.j.t.JMeterThread: Thread started: Thread Group - Ticks 1-4
2021-03-31 09:54:55,160 INFO o.a.j.s.FileServer: Stored: D:\Projects\Solactive_RealTime_RestController\Jmeter_Performance\\data\Instruments-for-Tests-LowLoad.csv Alias: D:\Projects\Solactive_RealTime_RestController\Jmeter_Performance\\data\Instruments-for-Tests-LowLoad.csv@1580274031
2021-03-31 09:54:55,191 INFO o.a.j.t.JMeterThread: Thread started: Thread Group - Statistics 2-4
2021-03-31 09:54:55,243 INFO o.a.j.t.JMeterThread: Thread started: Thread Group - Statistics Instruments 3-4
2021-03-31 09:54:55,244 INFO o.a.j.s.FileServer: Stored: D:\Projects\Solactive_RealTime_RestController\Jmeter_Performance\\data\Instruments-for-Tests-LowLoad.csv Alias: D:\Projects\Solactive_RealTime_RestController\Jmeter_Performance\\data\Instruments-for-Tests-LowLoad.csv@385719319
2021-03-31 09:54:56,351 INFO o.a.j.t.JMeterThread: Thread started: Thread Group - Ticks 1-5
2021-03-31 09:54:56,351 INFO o.a.j.s.FileServer: Stored: D:\Projects\Solactive_RealTime_RestController\Jmeter_Performance\\data\Instruments-for-Tests-LowLoad.csv Alias: D:\Projects\Solactive_RealTime_RestController\Jmeter_Performance\\data\Instruments-for-Tests-LowLoad.csv@1550557343
2021-03-31 09:54:56,381 INFO o.a.j.t.JMeterThread: Thread started: Thread Group - Statistics 2-5
2021-03-31 09:54:56,443 INFO o.a.j.t.JMeterThread: Thread started: Thread Group - Statistics Instruments 3-5
2021-03-31 09:54:56,444 INFO o.a.j.s.FileServer: Stored: D:\Projects\Solactive_RealTime_RestController\Jmeter_Performance\\data\Instruments-for-Tests-LowLoad.csv Alias: D:\Projects\Solactive_RealTime_RestController\Jmeter_Performance\\data\Instruments-for-Tests-LowLoad.csv@504391269
2021-03-31 09:54:57,553 INFO o.a.j.t.JMeterThread: Thread started: Thread Group - Ticks 1-6
2021-03-31 09:54:57,561 INFO o.a.j.s.FileServer: Stored: D:\Projects\Solactive_RealTime_RestController\Jmeter_Performance\\data\Instruments-for-Tests-LowLoad.csv Alias: D:\Projects\Solactive_RealTime_RestController\Jmeter_Performance\\data\Instruments-for-Tests-LowLoad.csv@901089847
2021-03-31 09:54:57,622 INFO o.a.j.t.JMeterThread: Thread started: Thread Group - Statistics 2-6
2021-03-31 09:54:57,625 INFO o.a.j.t.JMeterThread: Thread started: Thread Group - Statistics Instruments 3-6
2021-03-31 09:54:57,627 INFO o.a.j.s.FileServer: Stored: D:\Projects\Solactive_RealTime_RestController\Jmeter_Performance\\data\Instruments-for-Tests-LowLoad.csv Alias: D:\Projects\Solactive_RealTime_RestController\Jmeter_Performance\\data\Instruments-for-Tests-LowLoad.csv@928433737
2021-03-31 09:54:58,748 INFO o.a.j.t.JMeterThread: Thread started: Thread Group - Ticks 1-7
2021-03-31 09:54:58,749 INFO o.a.j.s.FileServer: Stored: D:\Projects\Solactive_RealTime_RestController\Jmeter_Performance\\data\Instruments-for-Tests-LowLoad.csv Alias: D:\Projects\Solactive_RealTime_RestController\Jmeter_Performance\\data\Instruments-for-Tests-LowLoad.csv@19215982
2021-03-31 09:54:58,783 INFO o.a.j.t.JMeterThread: Thread started: Thread Group - Statistics 2-7
2021-03-31 09:54:58,832 INFO o.a.j.t.JMeterThread: Thread started: Thread Group - Statistics Instruments 3-7
2021-03-31 09:54:58,833 INFO o.a.j.s.FileServer: Stored: D:\Projects\Solactive_RealTime_RestController\Jmeter_Performance\\data\Instruments-for-Tests-LowLoad.csv Alias: D:\Projects\Solactive_RealTime_RestController\Jmeter_Performance\\data\Instruments-for-Tests-LowLoad.csv@1836166364
2021-03-31 09:54:59,943 INFO o.a.j.t.JMeterThread: Thread started: Thread Group - Ticks 1-8
2021-03-31 09:54:59,945 INFO o.a.j.s.FileServer: Stored: D:\Projects\Solactive_RealTime_RestController\Jmeter_Performance\\data\Instruments-for-Tests-LowLoad.csv Alias: D:\Projects\Solactive_RealTime_RestController\Jmeter_Performance\\data\Instruments-for-Tests-LowLoad.csv@1075118938
2021-03-31 09:54:59,981 INFO o.a.j.t.JMeterThread: Thread started: Thread Group - Statistics 2-8
2021-03-31 09:55:00,025 INFO o.a.j.r.Summariser: summary +     28 in 00:00:09 =    3.3/s Avg:    23 Min:     4 Max:   147 Err:     0 (0.00%) Active: 23 Started: 23 Finished: 0
2021-03-31 09:55:00,045 INFO o.a.j.t.JMeterThread: Thread started: Thread Group - Statistics Instruments 3-8
2021-03-31 09:55:00,048 INFO o.a.j.s.FileServer: Stored: D:\Projects\Solactive_RealTime_RestController\Jmeter_Performance\\data\Instruments-for-Tests-LowLoad.csv Alias: D:\Projects\Solactive_RealTime_RestController\Jmeter_Performance\\data\Instruments-for-Tests-LowLoad.csv@1408021663
2021-03-31 09:55:01,140 INFO o.a.j.t.JMeterThread: Thread started: Thread Group - Ticks 1-9
2021-03-31 09:55:01,140 INFO o.a.j.s.FileServer: Stored: D:\Projects\Solactive_RealTime_RestController\Jmeter_Performance\\data\Instruments-for-Tests-LowLoad.csv Alias: D:\Projects\Solactive_RealTime_RestController\Jmeter_Performance\\data\Instruments-for-Tests-LowLoad.csv@1196223916
2021-03-31 09:55:01,183 INFO o.a.j.t.JMeterThread: Thread started: Thread Group - Statistics 2-9
2021-03-31 09:55:01,243 INFO o.a.j.t.JMeterThread: Thread started: Thread Group - Statistics Instruments 3-9
2021-03-31 09:55:01,244 INFO o.a.j.s.FileServer: Stored: D:\Projects\Solactive_RealTime_RestController\Jmeter_Performance\\data\Instruments-for-Tests-LowLoad.csv Alias: D:\Projects\Solactive_RealTime_RestController\Jmeter_Performance\\data\Instruments-for-Tests-LowLoad.csv@129730584
2021-03-31 09:55:02,345 INFO o.a.j.t.JMeterThread: Thread started: Thread Group - Ticks 1-10
2021-03-31 09:55:02,349 INFO o.a.j.s.FileServer: Stored: D:\Projects\Solactive_RealTime_RestController\Jmeter_Performance\\data\Instruments-for-Tests-LowLoad.csv Alias: D:\Projects\Solactive_RealTime_RestController\Jmeter_Performance\\data\Instruments-for-Tests-LowLoad.csv@2081253396
2021-03-31 09:55:02,380 INFO o.a.j.t.JMeterThread: Thread started: Thread Group - Statistics 2-10
2021-03-31 09:55:02,418 INFO o.a.j.t.JMeterThread: Thread started: Thread Group - Statistics Instruments 3-10
2021-03-31 09:55:02,420 INFO o.a.j.s.FileServer: Stored: D:\Projects\Solactive_RealTime_RestController\Jmeter_Performance\\data\Instruments-for-Tests-LowLoad.csv Alias: D:\Projects\Solactive_RealTime_RestController\Jmeter_Performance\\data\Instruments-for-Tests-LowLoad.csv@1011378364
2021-03-31 09:55:03,535 INFO o.a.j.t.JMeterThread: Thread started: Thread Group - Ticks 1-11
2021-03-31 09:55:03,536 INFO o.a.j.s.FileServer: Stored: D:\Projects\Solactive_RealTime_RestController\Jmeter_Performance\\data\Instruments-for-Tests-LowLoad.csv Alias: D:\Projects\Solactive_RealTime_RestController\Jmeter_Performance\\data\Instruments-for-Tests-LowLoad.csv@1642838236
2021-03-31 09:55:03,578 INFO o.a.j.t.JMeterThread: Thread started: Thread Group - Statistics 2-11
2021-03-31 09:55:03,771 INFO o.a.j.t.JMeterThread: Thread started: Thread Group - Statistics Instruments 3-11
2021-03-31 09:55:03,772 INFO o.a.j.s.FileServer: Stored: D:\Projects\Solactive_RealTime_RestController\Jmeter_Performance\\data\Instruments-for-Tests-LowLoad.csv Alias: D:\Projects\Solactive_RealTime_RestController\Jmeter_Performance\\data\Instruments-for-Tests-LowLoad.csv@1065190186
2021-03-31 09:55:04,729 INFO o.a.j.t.JMeterThread: Thread started: Thread Group - Ticks 1-12
2021-03-31 09:55:04,735 INFO o.a.j.s.FileServer: Stored: D:\Projects\Solactive_RealTime_RestController\Jmeter_Performance\\data\Instruments-for-Tests-LowLoad.csv Alias: D:\Projects\Solactive_RealTime_RestController\Jmeter_Performance\\data\Instruments-for-Tests-LowLoad.csv@790430940
2021-03-31 09:55:04,777 INFO o.a.j.t.JMeterThread: Thread started: Thread Group - Statistics 2-12
2021-03-31 09:55:04,845 INFO o.a.j.t.JMeterThread: Thread started: Thread Group - Statistics Instruments 3-12
2021-03-31 09:55:04,845 INFO o.a.j.s.FileServer: Stored: D:\Projects\Solactive_RealTime_RestController\Jmeter_Performance\\data\Instruments-for-Tests-LowLoad.csv Alias: D:\Projects\Solactive_RealTime_RestController\Jmeter_Performance\\data\Instruments-for-Tests-LowLoad.csv@11994782
2021-03-31 09:55:05,928 INFO o.a.j.t.JMeterThread: Thread started: Thread Group - Ticks 1-13
2021-03-31 09:55:05,929 INFO o.a.j.s.FileServer: Stored: D:\Projects\Solactive_RealTime_RestController\Jmeter_Performance\\data\Instruments-for-Tests-LowLoad.csv Alias: D:\Projects\Solactive_RealTime_RestController\Jmeter_Performance\\data\Instruments-for-Tests-LowLoad.csv@906043864
2021-03-31 09:55:05,977 INFO o.a.j.t.JMeterThread: Thread started: Thread Group - Statistics 2-13
2021-03-31 09:55:06,041 INFO o.a.j.t.JMeterThread: Thread started: Thread Group - Statistics Instruments 3-13
2021-03-31 09:55:06,041 INFO o.a.j.s.FileServer: Stored: D:\Projects\Solactive_RealTime_RestController\Jmeter_Performance\\data\Instruments-for-Tests-LowLoad.csv Alias: D:\Projects\Solactive_RealTime_RestController\Jmeter_Performance\\data\Instruments-for-Tests-LowLoad.csv@1693911730
2021-03-31 09:55:07,124 INFO o.a.j.t.JMeterThread: Thread started: Thread Group - Ticks 1-14
2021-03-31 09:55:07,124 INFO o.a.j.s.FileServer: Stored: D:\Projects\Solactive_RealTime_RestController\Jmeter_Performance\\data\Instruments-for-Tests-LowLoad.csv Alias: D:\Projects\Solactive_RealTime_RestController\Jmeter_Performance\\data\Instruments-for-Tests-LowLoad.csv@257854873
2021-03-31 09:55:07,188 INFO o.a.j.t.JMeterThread: Thread started: Thread Group - Statistics 2-14
2021-03-31 09:55:07,227 INFO o.a.j.t.JMeterThread: Thread started: Thread Group - Statistics Instruments 3-14
2021-03-31 09:55:07,228 INFO o.a.j.s.FileServer: Stored: D:\Projects\Solactive_RealTime_RestController\Jmeter_Performance\\data\Instruments-for-Tests-LowLoad.csv Alias: D:\Projects\Solactive_RealTime_RestController\Jmeter_Performance\\data\Instruments-for-Tests-LowLoad.csv@698335665
2021-03-31 09:55:08,332 INFO o.a.j.t.JMeterThread: Thread started: Thread Group - Ticks 1-15
2021-03-31 09:55:08,335 INFO o.a.j.s.FileServer: Stored: D:\Projects\Solactive_RealTime_RestController\Jmeter_Performance\\data\Instruments-for-Tests-LowLoad.csv Alias: D:\Projects\Solactive_RealTime_RestController\Jmeter_Performance\\data\Instruments-for-Tests-LowLoad.csv@1767640272
2021-03-31 09:55:08,384 INFO o.a.j.t.JMeterThread: Thread started: Thread Group - Statistics 2-15
2021-03-31 09:55:08,425 INFO o.a.j.t.JMeterThread: Thread started: Thread Group - Statistics Instruments 3-15
2021-03-31 09:55:08,425 INFO o.a.j.s.FileServer: Stored: D:\Projects\Solactive_RealTime_RestController\Jmeter_Performance\\data\Instruments-for-Tests-LowLoad.csv Alias: D:\Projects\Solactive_RealTime_RestController\Jmeter_Performance\\data\Instruments-for-Tests-LowLoad.csv@1636396606
2021-03-31 09:55:09,521 INFO o.a.j.t.JMeterThread: Thread started: Thread Group - Ticks 1-16
2021-03-31 09:55:09,522 INFO o.a.j.s.FileServer: Stored: D:\Projects\Solactive_RealTime_RestController\Jmeter_Performance\\data\Instruments-for-Tests-LowLoad.csv Alias: D:\Projects\Solactive_RealTime_RestController\Jmeter_Performance\\data\Instruments-for-Tests-LowLoad.csv@393145392
2021-03-31 09:55:09,582 INFO o.a.j.t.JMeterThread: Thread started: Thread Group - Statistics 2-16
2021-03-31 09:55:09,642 INFO o.a.j.t.JMeterThread: Thread started: Thread Group - Statistics Instruments 3-16
2021-03-31 09:55:09,643 INFO o.a.j.s.FileServer: Stored: D:\Projects\Solactive_RealTime_RestController\Jmeter_Performance\\data\Instruments-for-Tests-LowLoad.csv Alias: D:\Projects\Solactive_RealTime_RestController\Jmeter_Performance\\data\Instruments-for-Tests-LowLoad.csv@1100414732
2021-03-31 09:55:10,718 INFO o.a.j.t.JMeterThread: Thread started: Thread Group - Ticks 1-17
2021-03-31 09:55:10,718 INFO o.a.j.s.FileServer: Stored: D:\Projects\Solactive_RealTime_RestController\Jmeter_Performance\\data\Instruments-for-Tests-LowLoad.csv Alias: D:\Projects\Solactive_RealTime_RestController\Jmeter_Performance\\data\Instruments-for-Tests-LowLoad.csv@787261432
2021-03-31 09:55:10,780 INFO o.a.j.t.JMeterThread: Thread started: Thread Group - Statistics 2-17
2021-03-31 09:55:10,842 INFO o.a.j.t.JMeterThread: Thread started: Thread Group - Statistics Instruments 3-17
2021-03-31 09:55:10,843 INFO o.a.j.s.FileServer: Stored: D:\Projects\Solactive_RealTime_RestController\Jmeter_Performance\\data\Instruments-for-Tests-LowLoad.csv Alias: D:\Projects\Solactive_RealTime_RestController\Jmeter_Performance\\data\Instruments-for-Tests-LowLoad.csv@627187718
2021-03-31 09:55:11,916 INFO o.a.j.t.JMeterThread: Thread started: Thread Group - Ticks 1-18
2021-03-31 09:55:11,917 INFO o.a.j.s.FileServer: Stored: D:\Projects\Solactive_RealTime_RestController\Jmeter_Performance\\data\Instruments-for-Tests-LowLoad.csv Alias: D:\Projects\Solactive_RealTime_RestController\Jmeter_Performance\\data\Instruments-for-Tests-LowLoad.csv@982895838
2021-03-31 09:55:11,976 INFO o.a.j.t.JMeterThread: Thread started: Thread Group - Statistics 2-18
2021-03-31 09:55:12,037 INFO o.a.j.t.JMeterThread: Thread started: Thread Group - Statistics Instruments 3-18
2021-03-31 09:55:12,037 INFO o.a.j.s.FileServer: Stored: D:\Projects\Solactive_RealTime_RestController\Jmeter_Performance\\data\Instruments-for-Tests-LowLoad.csv Alias: D:\Projects\Solactive_RealTime_RestController\Jmeter_Performance\\data\Instruments-for-Tests-LowLoad.csv@1622282672
2021-03-31 09:55:13,115 INFO o.a.j.t.JMeterThread: Thread started: Thread Group - Ticks 1-19
2021-03-31 09:55:13,115 INFO o.a.j.s.FileServer: Stored: D:\Projects\Solactive_RealTime_RestController\Jmeter_Performance\\data\Instruments-for-Tests-LowLoad.csv Alias: D:\Projects\Solactive_RealTime_RestController\Jmeter_Performance\\data\Instruments-for-Tests-LowLoad.csv@249034594
2021-03-31 09:55:13,181 INFO o.a.j.t.JMeterThread: Thread started: Thread Group - Statistics 2-19
2021-03-31 09:55:13,235 INFO o.a.j.t.JMeterThread: Thread started: Thread Group - Statistics Instruments 3-19
2021-03-31 09:55:13,235 INFO o.a.j.s.FileServer: Stored: D:\Projects\Solactive_RealTime_RestController\Jmeter_Performance\\data\Instruments-for-Tests-LowLoad.csv Alias: D:\Projects\Solactive_RealTime_RestController\Jmeter_Performance\\data\Instruments-for-Tests-LowLoad.csv@1947022755
2021-03-31 09:55:14,315 INFO o.a.j.t.JMeterThread: Thread started: Thread Group - Ticks 1-20
2021-03-31 09:55:14,315 INFO o.a.j.s.FileServer: Stored: D:\Projects\Solactive_RealTime_RestController\Jmeter_Performance\\data\Instruments-for-Tests-LowLoad.csv Alias: D:\Projects\Solactive_RealTime_RestController\Jmeter_Performance\\data\Instruments-for-Tests-LowLoad.csv@116487045
2021-03-31 09:55:14,379 INFO o.a.j.t.JMeterThread: Thread started: Thread Group - Statistics 2-20
2021-03-31 09:55:14,441 INFO o.a.j.t.JMeterThread: Thread started: Thread Group - Statistics Instruments 3-20
2021-03-31 09:55:14,441 INFO o.a.j.s.FileServer: Stored: D:\Projects\Solactive_RealTime_RestController\Jmeter_Performance\\data\Instruments-for-Tests-LowLoad.csv Alias: D:\Projects\Solactive_RealTime_RestController\Jmeter_Performance\\data\Instruments-for-Tests-LowLoad.csv@956708172
2021-03-31 09:55:15,511 INFO o.a.j.t.JMeterThread: Thread started: Thread Group - Ticks 1-21
2021-03-31 09:55:15,511 INFO o.a.j.s.FileServer: Stored: D:\Projects\Solactive_RealTime_RestController\Jmeter_Performance\\data\Instruments-for-Tests-LowLoad.csv Alias: D:\Projects\Solactive_RealTime_RestController\Jmeter_Performance\\data\Instruments-for-Tests-LowLoad.csv@197636679
2021-03-31 09:55:15,599 INFO o.a.j.t.JMeterThread: Thread started: Thread Group - Statistics 2-21
2021-03-31 09:55:15,639 INFO o.a.j.t.JMeterThread: Thread started: Thread Group - Statistics Instruments 3-21
2021-03-31 09:55:15,642 INFO o.a.j.s.FileServer: Stored: D:\Projects\Solactive_RealTime_RestController\Jmeter_Performance\\data\Instruments-for-Tests-LowLoad.csv Alias: D:\Projects\Solactive_RealTime_RestController\Jmeter_Performance\\data\Instruments-for-Tests-LowLoad.csv@677038861
2021-03-31 09:55:16,707 INFO o.a.j.t.JMeterThread: Thread started: Thread Group - Ticks 1-22
2021-03-31 09:55:16,707 INFO o.a.j.s.FileServer: Stored: D:\Projects\Solactive_RealTime_RestController\Jmeter_Performance\\data\Instruments-for-Tests-LowLoad.csv Alias: D:\Projects\Solactive_RealTime_RestController\Jmeter_Performance\\data\Instruments-for-Tests-LowLoad.csv@1429061129
2021-03-31 09:55:16,801 INFO o.a.j.t.JMeterThread: Thread started: Thread Group - Statistics 2-22
2021-03-31 09:55:16,836 INFO o.a.j.t.JMeterThread: Thread started: Thread Group - Statistics Instruments 3-22
2021-03-31 09:55:16,836 INFO o.a.j.s.FileServer: Stored: D:\Projects\Solactive_RealTime_RestController\Jmeter_Performance\\data\Instruments-for-Tests-LowLoad.csv Alias: D:\Projects\Solactive_RealTime_RestController\Jmeter_Performance\\data\Instruments-for-Tests-LowLoad.csv@1791265508
2021-03-31 09:55:17,904 INFO o.a.j.t.JMeterThread: Thread started: Thread Group - Ticks 1-23
2021-03-31 09:55:17,904 INFO o.a.j.s.FileServer: Stored: D:\Projects\Solactive_RealTime_RestController\Jmeter_Performance\\data\Instruments-for-Tests-LowLoad.csv Alias: D:\Projects\Solactive_RealTime_RestController\Jmeter_Performance\\data\Instruments-for-Tests-LowLoad.csv@1198829046
2021-03-31 09:55:17,980 INFO o.a.j.t.JMeterThread: Thread started: Thread Group - Statistics 2-23
2021-03-31 09:55:18,035 INFO o.a.j.t.JMeterThread: Thread started: Thread Group - Statistics Instruments 3-23
2021-03-31 09:55:18,035 INFO o.a.j.s.FileServer: Stored: D:\Projects\Solactive_RealTime_RestController\Jmeter_Performance\\data\Instruments-for-Tests-LowLoad.csv Alias: D:\Projects\Solactive_RealTime_RestController\Jmeter_Performance\\data\Instruments-for-Tests-LowLoad.csv@1904924157
2021-03-31 09:55:19,105 INFO o.a.j.t.JMeterThread: Thread started: Thread Group - Ticks 1-24
2021-03-31 09:55:19,105 INFO o.a.j.s.FileServer: Stored: D:\Projects\Solactive_RealTime_RestController\Jmeter_Performance\\data\Instruments-for-Tests-LowLoad.csv Alias: D:\Projects\Solactive_RealTime_RestController\Jmeter_Performance\\data\Instruments-for-Tests-LowLoad.csv@1811768486
2021-03-31 09:55:19,186 INFO o.a.j.t.JMeterThread: Thread started: Thread Group - Statistics 2-24
2021-03-31 09:55:19,231 INFO o.a.j.t.JMeterThread: Thread started: Thread Group - Statistics Instruments 3-24
2021-03-31 09:55:19,231 INFO o.a.j.s.FileServer: Stored: D:\Projects\Solactive_RealTime_RestController\Jmeter_Performance\\data\Instruments-for-Tests-LowLoad.csv Alias: D:\Projects\Solactive_RealTime_RestController\Jmeter_Performance\\data\Instruments-for-Tests-LowLoad.csv@1574479850
2021-03-31 09:55:20,309 INFO o.a.j.t.JMeterThread: Thread started: Thread Group - Ticks 1-25
2021-03-31 09:55:20,309 INFO o.a.j.s.FileServer: Stored: D:\Projects\Solactive_RealTime_RestController\Jmeter_Performance\\data\Instruments-for-Tests-LowLoad.csv Alias: D:\Projects\Solactive_RealTime_RestController\Jmeter_Performance\\data\Instruments-for-Tests-LowLoad.csv@711695788
2021-03-31 09:55:20,401 INFO o.a.j.t.JMeterThread: Thread started: Thread Group - Statistics 2-25
2021-03-31 09:55:20,429 INFO o.a.j.t.JMeterThread: Thread started: Thread Group - Statistics Instruments 3-25
2021-03-31 09:55:20,429 INFO o.a.j.s.FileServer: Stored: D:\Projects\Solactive_RealTime_RestController\Jmeter_Performance\\data\Instruments-for-Tests-LowLoad.csv Alias: D:\Projects\Solactive_RealTime_RestController\Jmeter_Performance\\data\Instruments-for-Tests-LowLoad.csv@864095062
2021-03-31 09:55:32,368 INFO o.a.j.r.Summariser: summary +     81 in 00:00:32 =    2.5/s Avg:     6 Min:     2 Max:   129 Err:     0 (0.00%) Active: 75 Started: 75 Finished: 0
2021-03-31 09:55:32,369 INFO o.a.j.r.Summariser: summary =    109 in 00:00:41 =    2.7/s Avg:    11 Min:     2 Max:   147 Err:     0 (0.00%)
2021-03-31 09:56:01,738 INFO o.a.j.r.Summariser: summary +     30 in 00:00:29 =    1.0/s Avg:     4 Min:     2 Max:    19 Err:     0 (0.00%) Active: 75 Started: 75 Finished: 0
2021-03-31 09:56:01,739 INFO o.a.j.r.Summariser: summary =    139 in 00:01:10 =    2.0/s Avg:     9 Min:     2 Max:   147 Err:     0 (0.00%)
2021-03-31 09:56:31,125 INFO o.a.j.r.Summariser: summary +     27 in 00:00:29 =    0.9/s Avg:     3 Min:     2 Max:     6 Err:     0 (0.00%) Active: 75 Started: 75 Finished: 0
2021-03-31 09:56:31,126 INFO o.a.j.r.Summariser: summary =    166 in 00:01:40 =    1.7/s Avg:     8 Min:     2 Max:   147 Err:     0 (0.00%)
2021-03-31 09:57:00,011 INFO o.a.j.r.Summariser: summary +     34 in 00:00:29 =    1.2/s Avg:     3 Min:     2 Max:    11 Err:     0 (0.00%) Active: 75 Started: 75 Finished: 0
2021-03-31 09:57:00,014 INFO o.a.j.r.Summariser: summary =    200 in 00:02:09 =    1.6/s Avg:     7 Min:     2 Max:   147 Err:     0 (0.00%)
2021-03-31 09:57:33,532 INFO o.a.j.r.Summariser: summary +     29 in 00:00:34 =    0.9/s Avg:     4 Min:     2 Max:     9 Err:     0 (0.00%) Active: 75 Started: 75 Finished: 0
2021-03-31 09:57:33,533 INFO o.a.j.r.Summariser: summary =    229 in 00:02:42 =    1.4/s Avg:     7 Min:     2 Max:   147 Err:     0 (0.00%)
2021-03-31 09:58:02,376 INFO o.a.j.r.Summariser: summary +     30 in 00:00:29 =    1.0/s Avg:     4 Min:     3 Max:     6 Err:     0 (0.00%) Active: 75 Started: 75 Finished: 0
2021-03-31 09:58:02,377 INFO o.a.j.r.Summariser: summary =    259 in 00:03:11 =    1.4/s Avg:     6 Min:     2 Max:   147 Err:     0 (0.00%)
2021-03-31 09:58:31,733 INFO o.a.j.r.Summariser: summary +     30 in 00:00:29 =    1.0/s Avg:     4 Min:     2 Max:    14 Err:     0 (0.00%) Active: 75 Started: 75 Finished: 0
2021-03-31 09:58:31,734 INFO o.a.j.r.Summariser: summary =    289 in 00:03:40 =    1.3/s Avg:     6 Min:     2 Max:   147 Err:     0 (0.00%)
2021-03-31 09:58:40,130 INFO o.a.j.t.JMeterThread: Thread finished: Thread Group - Ticks 1-19
2021-03-31 09:58:40,196 INFO o.a.j.t.JMeterThread: Thread finished: Thread Group - Statistics 2-19
2021-03-31 09:58:40,251 INFO o.a.j.t.JMeterThread: Thread finished: Thread Group - Statistics Instruments 3-19
2021-03-31 09:58:44,326 INFO o.a.j.t.JMeterThread: Thread finished: Thread Group - Ticks 1-20
2021-03-31 09:58:44,390 INFO o.a.j.t.JMeterThread: Thread finished: Thread Group - Statistics 2-20
2021-03-31 09:58:44,453 INFO o.a.j.t.JMeterThread: Thread finished: Thread Group - Statistics Instruments 3-20
2021-03-31 09:58:48,561 INFO o.a.j.t.JMeterThread: Thread finished: Thread Group - Ticks 1-21
2021-03-31 09:58:48,584 INFO o.a.j.t.JMeterThread: Thread finished: Thread Group - Ticks 1-6
2021-03-31 09:58:48,620 INFO o.a.j.t.JMeterThread: Thread finished: Thread Group - Statistics 2-21
2021-03-31 09:58:48,647 INFO o.a.j.t.JMeterThread: Thread finished: Thread Group - Statistics Instruments 3-6
2021-03-31 09:58:48,655 INFO o.a.j.t.JMeterThread: Thread finished: Thread Group - Statistics 2-6
2021-03-31 09:58:48,667 INFO o.a.j.t.JMeterThread: Thread finished: Thread Group - Statistics Instruments 3-21
2021-03-31 09:58:52,722 INFO o.a.j.t.JMeterThread: Thread finished: Thread Group - Ticks 1-22
2021-03-31 09:58:52,816 INFO o.a.j.t.JMeterThread: Thread finished: Thread Group - Statistics 2-22
2021-03-31 09:58:52,855 INFO o.a.j.t.JMeterThread: Thread finished: Thread Group - Statistics Instruments 3-22
2021-03-31 09:58:56,930 INFO o.a.j.t.JMeterThread: Thread finished: Thread Group - Ticks 1-23
2021-03-31 09:58:56,999 INFO o.a.j.t.JMeterThread: Thread finished: Thread Group - Statistics 2-23
2021-03-31 09:58:57,058 INFO o.a.j.t.JMeterThread: Thread finished: Thread Group - Statistics Instruments 3-23
2021-03-31 09:59:01,118 INFO o.a.j.r.Summariser: summary +     27 in 00:00:29 =    0.9/s Avg:     2 Min:     2 Max:     5 Err:     0 (0.00%) Active: 57 Started: 75 Finished: 18
2021-03-31 09:59:01,118 INFO o.a.j.r.Summariser: summary =    316 in 00:04:10 =    1.3/s Avg:     6 Min:     2 Max:   147 Err:     0 (0.00%)
2021-03-31 09:59:01,120 INFO o.a.j.t.JMeterThread: Thread finished: Thread Group - Ticks 1-24
2021-03-31 09:59:01,200 INFO o.a.j.t.JMeterThread: Thread finished: Thread Group - Statistics 2-24
2021-03-31 09:59:01,243 INFO o.a.j.t.JMeterThread: Thread finished: Thread Group - Statistics Instruments 3-24
2021-03-31 09:59:01,761 INFO o.a.j.t.JMeterThread: Thread finished: Thread Group - Ticks 1-7
2021-03-31 09:59:01,777 INFO o.a.j.t.JMeterThread: Thread finished: Thread Group - Ticks 1-2
2021-03-31 09:59:01,797 INFO o.a.j.t.JMeterThread: Thread finished: Thread Group - Statistics 2-7
2021-03-31 09:59:01,797 INFO o.a.j.t.JMeterThread: Thread finished: Thread Group - Statistics 2-2
2021-03-31 09:59:01,842 INFO o.a.j.t.JMeterThread: Thread finished: Thread Group - Statistics Instruments 3-2
2021-03-31 09:59:01,847 INFO o.a.j.t.JMeterThread: Thread finished: Thread Group - Statistics Instruments 3-7
2021-03-31 09:59:05,323 INFO o.a.j.t.JMeterThread: Thread finished: Thread Group - Ticks 1-25
2021-03-31 09:59:05,413 INFO o.a.j.t.JMeterThread: Thread finished: Thread Group - Statistics 2-25
2021-03-31 09:59:05,441 INFO o.a.j.t.JMeterThread: Thread finished: Thread Group - Statistics Instruments 3-25
2021-03-31 09:59:08,968 INFO o.a.j.t.JMeterThread: Thread finished: Thread Group - Ticks 1-8
2021-03-31 09:59:08,997 INFO o.a.j.t.JMeterThread: Thread finished: Thread Group - Statistics 2-8
2021-03-31 09:59:09,081 INFO o.a.j.t.JMeterThread: Thread finished: Thread Group - Statistics Instruments 3-8
2021-03-31 09:59:13,158 INFO o.a.j.t.JMeterThread: Thread finished: Thread Group - Ticks 1-9
2021-03-31 09:59:13,201 INFO o.a.j.t.JMeterThread: Thread finished: Thread Group - Statistics 2-9
2021-03-31 09:59:13,273 INFO o.a.j.t.JMeterThread: Thread finished: Thread Group - Statistics Instruments 3-9
2021-03-31 09:59:17,365 INFO o.a.j.t.JMeterThread: Thread finished: Thread Group - Ticks 1-10
2021-03-31 09:59:17,400 INFO o.a.j.t.JMeterThread: Thread finished: Thread Group - Statistics 2-10
2021-03-31 09:59:17,434 INFO o.a.j.t.JMeterThread: Thread finished: Thread Group - Statistics Instruments 3-10
2021-03-31 09:59:17,977 INFO o.a.j.t.JMeterThread: Thread finished: Thread Group - Ticks 1-3
2021-03-31 09:59:17,991 INFO o.a.j.t.JMeterThread: Thread finished: Thread Group - Statistics 2-3
2021-03-31 09:59:18,044 INFO o.a.j.t.JMeterThread: Thread finished: Thread Group - Statistics Instruments 3-3
2021-03-31 09:59:18,673 INFO o.a.j.t.JMeterThread: Thread finished: Thread Group - Statistics Instruments 3-1
2021-03-31 09:59:21,557 INFO o.a.j.t.JMeterThread: Thread finished: Thread Group - Ticks 1-11
2021-03-31 09:59:21,607 INFO o.a.j.t.JMeterThread: Thread finished: Thread Group - Statistics 2-11
2021-03-31 09:59:21,613 INFO o.a.j.t.JMeterThread: Thread finished: Thread Group - Statistics 2-1
2021-03-31 09:59:21,614 INFO o.a.j.t.JMeterThread: Thread finished: Thread Group - Ticks 1-1
2021-03-31 09:59:21,789 INFO o.a.j.t.JMeterThread: Thread finished: Thread Group - Statistics Instruments 3-11
2021-03-31 09:59:25,754 INFO o.a.j.t.JMeterThread: Thread finished: Thread Group - Ticks 1-12
2021-03-31 09:59:25,799 INFO o.a.j.t.JMeterThread: Thread finished: Thread Group - Statistics 2-12
2021-03-31 09:59:25,865 INFO o.a.j.t.JMeterThread: Thread finished: Thread Group - Statistics Instruments 3-12
2021-03-31 09:59:29,951 INFO o.a.j.t.JMeterThread: Thread finished: Thread Group - Ticks 1-13
2021-03-31 09:59:30,000 INFO o.a.j.r.Summariser: summary +     34 in 00:00:29 =    1.2/s Avg:     3 Min:     2 Max:    12 Err:     0 (0.00%) Active: 23 Started: 75 Finished: 52
2021-03-31 09:59:30,004 INFO o.a.j.r.Summariser: summary =    350 in 00:04:39 =    1.3/s Avg:     6 Min:     2 Max:   147 Err:     0 (0.00%)
2021-03-31 09:59:30,009 INFO o.a.j.t.JMeterThread: Thread finished: Thread Group - Statistics 2-13
2021-03-31 09:59:30,068 INFO o.a.j.t.JMeterThread: Thread finished: Thread Group - Statistics Instruments 3-13
2021-03-31 09:59:34,152 INFO o.a.j.t.JMeterThread: Thread finished: Thread Group - Ticks 1-14
2021-03-31 09:59:34,191 INFO o.a.j.t.JMeterThread: Thread finished: Thread Group - Ticks 1-4
2021-03-31 09:59:34,216 INFO o.a.j.t.JMeterThread: Thread finished: Thread Group - Statistics 2-14
2021-03-31 09:59:34,218 INFO o.a.j.t.JMeterThread: Thread finished: Thread Group - Statistics 2-4
2021-03-31 09:59:34,252 INFO o.a.j.t.JMeterThread: Thread finished: Thread Group - Statistics Instruments 3-14
2021-03-31 09:59:34,273 INFO o.a.j.t.JMeterThread: Thread finished: Thread Group - Statistics Instruments 3-4
2021-03-31 09:59:38,355 INFO o.a.j.t.JMeterThread: Thread finished: Thread Group - Ticks 1-15
2021-03-31 09:59:38,404 INFO o.a.j.t.JMeterThread: Thread finished: Thread Group - Statistics 2-15
2021-03-31 09:59:38,448 INFO o.a.j.t.JMeterThread: Thread finished: Thread Group - Statistics Instruments 3-15
2021-03-31 09:59:42,540 INFO o.a.j.t.JMeterThread: Thread finished: Thread Group - Ticks 1-16
2021-03-31 09:59:42,600 INFO o.a.j.t.JMeterThread: Thread finished: Thread Group - Statistics 2-16
2021-03-31 09:59:42,665 INFO o.a.j.t.JMeterThread: Thread finished: Thread Group - Statistics Instruments 3-16
2021-03-31 09:59:46,736 INFO o.a.j.t.JMeterThread: Thread finished: Thread Group - Ticks 1-17
2021-03-31 09:59:46,795 INFO o.a.j.t.JMeterThread: Thread finished: Thread Group - Statistics 2-17
2021-03-31 09:59:46,860 INFO o.a.j.t.JMeterThread: Thread finished: Thread Group - Statistics Instruments 3-17
2021-03-31 09:59:47,367 INFO o.a.j.t.JMeterThread: Thread finished: Thread Group - Ticks 1-5
2021-03-31 09:59:47,400 INFO o.a.j.t.JMeterThread: Thread finished: Thread Group - Statistics 2-5
2021-03-31 09:59:47,459 INFO o.a.j.t.JMeterThread: Thread finished: Thread Group - Statistics Instruments 3-5
2021-03-31 09:59:50,932 INFO o.a.j.t.JMeterThread: Thread finished: Thread Group - Ticks 1-18
2021-03-31 09:59:50,993 INFO o.a.j.t.JMeterThread: Thread finished: Thread Group - Statistics 2-18
2021-03-31 09:59:51,058 INFO o.a.j.t.JMeterThread: Thread finished: Thread Group - Statistics Instruments 3-18
2021-03-31 09:59:51,058 INFO o.a.j.e.StandardJMeterEngine: Notifying test listeners of end of test
2021-03-31 09:59:51,058 INFO o.a.j.s.FileServer: Close: D:\Projects\Solactive_RealTime_RestController\Jmeter_Performance\\data\Instruments-for-Tests-LowLoad.csv@40018303
2021-03-31 09:59:51,059 INFO o.a.j.s.FileServer: Close: D:\Projects\Solactive_RealTime_RestController\Jmeter_Performance\\data\Instruments-for-Tests-LowLoad.csv@1622282672
2021-03-31 09:59:51,059 INFO o.a.j.s.FileServer: Close: D:\Projects\Solactive_RealTime_RestController\Jmeter_Performance\\data\Instruments-for-Tests-LowLoad.csv@197636679
2021-03-31 09:59:51,059 INFO o.a.j.s.FileServer: Close: D:\Projects\Solactive_RealTime_RestController\Jmeter_Performance\\data\Instruments-for-Tests-LowLoad.csv@393145392
2021-03-31 09:59:51,060 INFO o.a.j.s.FileServer: Close: D:\Projects\Solactive_RealTime_RestController\Jmeter_Performance\\data\Instruments-for-Tests-LowLoad.csv@1947022755
2021-03-31 09:59:51,060 INFO o.a.j.s.FileServer: Close: D:\Projects\Solactive_RealTime_RestController\Jmeter_Performance\\data\Instruments-for-Tests-LowLoad.csv@2081253396
2021-03-31 09:59:51,061 INFO o.a.j.s.FileServer: Close: D:\Projects\Solactive_RealTime_RestController\Jmeter_Performance\\data\Instruments-for-Tests-LowLoad.csv@1429061129
2021-03-31 09:59:51,061 INFO o.a.j.s.FileServer: Close: D:\Projects\Solactive_RealTime_RestController\Jmeter_Performance\\data\Instruments-for-Tests-LowLoad.csv@19215982
2021-03-31 09:59:51,061 INFO o.a.j.s.FileServer: Close: D:\Projects\Solactive_RealTime_RestController\Jmeter_Performance\\data\Instruments-for-Tests-LowLoad.csv@1791265508
2021-03-31 09:59:51,062 INFO o.a.j.s.FileServer: Close: D:\Projects\Solactive_RealTime_RestController\Jmeter_Performance\\data\Instruments-for-Tests-LowLoad.csv@711695788
2021-03-31 09:59:51,062 INFO o.a.j.s.FileServer: Close: D:\Projects\Solactive_RealTime_RestController\Jmeter_Performance\\data\Instruments-for-Tests-LowLoad.csv@1198829046
2021-03-31 09:59:51,062 INFO o.a.j.s.FileServer: Close: D:\Projects\Solactive_RealTime_RestController\Jmeter_Performance\\data\Instruments-for-Tests-LowLoad.csv@1012013484
2021-03-31 09:59:51,063 INFO o.a.j.s.FileServer: Close: D:\Projects\Solactive_RealTime_RestController\Jmeter_Performance\\data\Instruments-for-Tests-LowLoad.csv@1550557343
2021-03-31 09:59:51,063 INFO o.a.j.s.FileServer: Close: D:\Projects\Solactive_RealTime_RestController\Jmeter_Performance\\data\Instruments-for-Tests-LowLoad.csv@1196223916
2021-03-31 09:59:51,064 INFO o.a.j.s.FileServer: Close: D:\Projects\Solactive_RealTime_RestController\Jmeter_Performance\\data\Instruments-for-Tests-LowLoad.csv@385719319
2021-03-31 09:59:51,064 INFO o.a.j.s.FileServer: Close: D:\Projects\Solactive_RealTime_RestController\Jmeter_Performance\\data\Instruments-for-Tests-LowLoad.csv@1836166364
2021-03-31 09:59:51,064 INFO o.a.j.s.FileServer: Close: D:\Projects\Solactive_RealTime_RestController\Jmeter_Performance\\data\Instruments-for-Tests-LowLoad.csv@116487045
2021-03-31 09:59:51,065 INFO o.a.j.s.FileServer: Close: D:\Projects\Solactive_RealTime_RestController\Jmeter_Performance\\data\Instruments-for-Tests-LowLoad.csv@1552885040
2021-03-31 09:59:51,065 INFO o.a.j.s.FileServer: Close: D:\Projects\Solactive_RealTime_RestController\Jmeter_Performance\\data\Instruments-for-Tests-LowLoad.csv@1100414732
2021-03-31 09:59:51,066 INFO o.a.j.s.FileServer: Close: D:\Projects\Solactive_RealTime_RestController\Jmeter_Performance\\data\Instruments-for-Tests-LowLoad.csv@1693911730
2021-03-31 09:59:51,066 INFO o.a.j.s.FileServer: Close: D:\Projects\Solactive_RealTime_RestController\Jmeter_Performance\\data\Instruments-for-Tests-LowLoad.csv@1011378364
2021-03-31 09:59:51,066 INFO o.a.j.s.FileServer: Close: D:\Projects\Solactive_RealTime_RestController\Jmeter_Performance\\data\Instruments-for-Tests-LowLoad.csv@489576073
2021-03-31 09:59:51,066 INFO o.a.j.s.FileServer: Close: D:\Projects\Solactive_RealTime_RestController\Jmeter_Performance\\data\Instruments-for-Tests-LowLoad.csv@787261432
2021-03-31 09:59:51,067 INFO o.a.j.s.FileServer: Close: D:\Projects\Solactive_RealTime_RestController\Jmeter_Performance\\data\Instruments-for-Tests-LowLoad.csv@1178320304
2021-03-31 09:59:51,067 INFO o.a.j.s.FileServer: Close: D:\Projects\Solactive_RealTime_RestController\Jmeter_Performance\\data\Instruments-for-Tests-LowLoad.csv@1580274031
2021-03-31 09:59:51,067 INFO o.a.j.s.FileServer: Close: D:\Projects\Solactive_RealTime_RestController\Jmeter_Performance\\data\Instruments-for-Tests-LowLoad.csv@982895838
2021-03-31 09:59:51,067 INFO o.a.j.s.FileServer: Close: D:\Projects\Solactive_RealTime_RestController\Jmeter_Performance\\data\Instruments-for-Tests-LowLoad.csv@11994782
2021-03-31 09:59:51,067 INFO o.a.j.s.FileServer: Close: D:\Projects\Solactive_RealTime_RestController\Jmeter_Performance\\data\Instruments-for-Tests-LowLoad.csv@1065190186
2021-03-31 09:59:51,067 INFO o.a.j.s.FileServer: Close: D:\Projects\Solactive_RealTime_RestController\Jmeter_Performance\\data\Instruments-for-Tests-LowLoad.csv@249034594
2021-03-31 09:59:51,067 INFO o.a.j.s.FileServer: Close: D:\Projects\Solactive_RealTime_RestController\Jmeter_Performance\\data\Instruments-for-Tests-LowLoad.csv@129730584
2021-03-31 09:59:51,067 INFO o.a.j.s.FileServer: Close: D:\Projects\Solactive_RealTime_RestController\Jmeter_Performance\\data\Instruments-for-Tests-LowLoad.csv@677038861
2021-03-31 09:59:51,067 INFO o.a.j.s.FileServer: Close: D:\Projects\Solactive_RealTime_RestController\Jmeter_Performance\\data\Instruments-for-Tests-LowLoad.csv@1574479850
2021-03-31 09:59:51,067 INFO o.a.j.s.FileServer: Close: D:\Projects\Solactive_RealTime_RestController\Jmeter_Performance\\data\Instruments-for-Tests-LowLoad.csv@1811768486
2021-03-31 09:59:51,067 INFO o.a.j.s.FileServer: Close: D:\Projects\Solactive_RealTime_RestController\Jmeter_Performance\\data\Instruments-for-Tests-LowLoad.csv@864095062
2021-03-31 09:59:51,068 INFO o.a.j.s.FileServer: Close: D:\Projects\Solactive_RealTime_RestController\Jmeter_Performance\\data\Instruments-for-Tests-LowLoad.csv@698335665
2021-03-31 09:59:51,068 INFO o.a.j.s.FileServer: Close: D:\Projects\Solactive_RealTime_RestController\Jmeter_Performance\\data\Instruments-for-Tests-LowLoad.csv@257854873
2021-03-31 09:59:51,068 INFO o.a.j.s.FileServer: Close: D:\Projects\Solactive_RealTime_RestController\Jmeter_Performance\\data\Instruments-for-Tests-LowLoad.csv@790430940
2021-03-31 09:59:51,068 INFO o.a.j.s.FileServer: Close: D:\Projects\Solactive_RealTime_RestController\Jmeter_Performance\\data\Instruments-for-Tests-LowLoad.csv@2007929342
2021-03-31 09:59:51,068 INFO o.a.j.s.FileServer: Close: D:\Projects\Solactive_RealTime_RestController\Jmeter_Performance\\data\Instruments-for-Tests-LowLoad.csv@928433737
2021-03-31 09:59:51,068 INFO o.a.j.s.FileServer: Close: D:\Projects\Solactive_RealTime_RestController\Jmeter_Performance\\data\Instruments-for-Tests-LowLoad.csv@504391269
2021-03-31 09:59:51,068 INFO o.a.j.s.FileServer: Close: D:\Projects\Solactive_RealTime_RestController\Jmeter_Performance\\data\Instruments-for-Tests-LowLoad.csv@1904924157
2021-03-31 09:59:51,068 INFO o.a.j.s.FileServer: Close: D:\Projects\Solactive_RealTime_RestController\Jmeter_Performance\\data\Instruments-for-Tests-LowLoad.csv@901089847
2021-03-31 09:59:51,068 INFO o.a.j.s.FileServer: Close: D:\Projects\Solactive_RealTime_RestController\Jmeter_Performance\\data\Instruments-for-Tests-LowLoad.csv@956708172
2021-03-31 09:59:51,068 INFO o.a.j.s.FileServer: Close: D:\Projects\Solactive_RealTime_RestController\Jmeter_Performance\\data\Instruments-for-Tests-LowLoad.csv@906043864
2021-03-31 09:59:51,068 INFO o.a.j.s.FileServer: Close: D:\Projects\Solactive_RealTime_RestController\Jmeter_Performance\\data\Instruments-for-Tests-LowLoad.csv@1642838236
2021-03-31 09:59:51,068 INFO o.a.j.s.FileServer: Close: D:\Projects\Solactive_RealTime_RestController\Jmeter_Performance\\data\Instruments-for-Tests-LowLoad.csv@1636396606
2021-03-31 09:59:51,069 INFO o.a.j.s.FileServer: Close: D:\Projects\Solactive_RealTime_RestController\Jmeter_Performance\\data\Instruments-for-Tests-LowLoad.csv@1767640272
2021-03-31 09:59:51,069 INFO o.a.j.s.FileServer: Close: D:\Projects\Solactive_RealTime_RestController\Jmeter_Performance\\data\Instruments-for-Tests-LowLoad.csv@1408021663
2021-03-31 09:59:51,069 INFO o.a.j.s.FileServer: Close: D:\Projects\Solactive_RealTime_RestController\Jmeter_Performance\\data\Instruments-for-Tests-LowLoad.csv@627187718
2021-03-31 09:59:51,069 INFO o.a.j.s.FileServer: Close: D:\Projects\Solactive_RealTime_RestController\Jmeter_Performance\\data\Instruments-for-Tests-LowLoad.csv@1075118938
2021-03-31 09:59:51,070 INFO o.a.j.r.Summariser: summary +     22 in 00:00:21 =    1.0/s Avg:     3 Min:     2 Max:     5 Err:     0 (0.00%) Active: 0 Started: 75 Finished: 75
2021-03-31 09:59:51,073 INFO o.a.j.r.Summariser: summary =    372 in 00:05:00 =    1.2/s Avg:     5 Min:     2 Max:   147 Err:     0 (0.00%)
2021-03-31 09:59:51,073 INFO o.a.j.JMeter: Generating Dashboard
2021-03-31 09:59:51,073 INFO o.a.j.r.d.ReportGenerator: Flushing result collector before report Generation
2021-03-31 09:59:51,108 INFO o.a.j.r.p.NormalizerSampleConsumer: Using format, 'ms', to parse timeStamp field
2021-03-31 09:59:52,115 INFO o.a.j.r.p.AbstractSampleConsumer: class org.apache.jmeter.report.processor.AggregateConsumer#stopProducing(): beginDate produced 0 samples
2021-03-31 09:59:52,115 INFO o.a.j.r.p.AbstractSampleConsumer: class org.apache.jmeter.report.processor.AggregateConsumer#stopProducing(): endDate produced 0 samples
2021-03-31 09:59:52,119 INFO o.a.j.r.p.AbstractSampleConsumer: class org.apache.jmeter.report.processor.ApdexSummaryConsumer#stopProducing(): apdexSummary produced 0 samples
2021-03-31 09:59:52,119 INFO o.a.j.r.p.AbstractSampleConsumer: class org.apache.jmeter.report.processor.RequestsSummaryConsumer#stopProducing(): requestsSummary produced 0 samples
2021-03-31 09:59:52,127 INFO o.a.j.r.p.AbstractSampleConsumer: class org.apache.jmeter.report.processor.StatisticsSummaryConsumer#stopProducing(): statisticsSummary produced 0 samples
2021-03-31 09:59:52,130 INFO o.a.j.r.p.AbstractSampleConsumer: class org.apache.jmeter.report.processor.Top5ErrorsBySamplerConsumer#stopProducing(): top5ErrorsBySampler produced 0 samples
2021-03-31 09:59:52,131 INFO o.a.j.r.p.AbstractSampleConsumer: class org.apache.jmeter.report.processor.ErrorsSummaryConsumer#stopProducing(): errorsSummary produced 0 samples
2021-03-31 09:59:52,131 INFO o.a.j.r.p.AbstractSampleConsumer: class org.apache.jmeter.report.processor.graph.impl.HitsPerSecondGraphConsumer#stopProducing(): hitsPerSecond produced 0 samples
2021-03-31 09:59:52,172 INFO o.a.j.r.p.AbstractSampleConsumer: class org.apache.jmeter.report.processor.graph.impl.LatencyVSRequestGraphConsumer#stopProducing(): latencyVsRequest produced 0 samples
2021-03-31 09:59:52,172 INFO o.a.j.r.p.AbstractSampleConsumer: class org.apache.jmeter.report.processor.graph.impl.SyntheticResponseTimeDistributionGraphConsumer#stopProducing(): syntheticResponseTimeDistribution produced 0 samples
2021-03-31 09:59:52,173 INFO o.a.j.r.p.AbstractSampleConsumer: class org.apache.jmeter.report.processor.graph.impl.BytesThroughputGraphConsumer#stopProducing(): bytesThroughputOverTime produced 0 samples
2021-03-31 09:59:52,173 INFO o.a.j.r.p.AbstractSampleConsumer: class org.apache.jmeter.report.processor.graph.impl.CodesPerSecondGraphConsumer#stopProducing(): codesPerSecond produced 0 samples
2021-03-31 09:59:52,203 INFO o.a.j.r.p.AbstractSampleConsumer: class org.apache.jmeter.report.processor.graph.impl.ResponseTimeVSRequestGraphConsumer#stopProducing(): responseTimeVsRequest produced 0 samples
2021-03-31 09:59:52,204 INFO o.a.j.r.p.AbstractSampleConsumer: class org.apache.jmeter.report.processor.FilterConsumer#stopProducing(): startIntervalControlerFilter produced 2604 samples
2021-03-31 09:59:52,204 INFO o.a.j.r.p.AbstractSampleConsumer: class org.apache.jmeter.report.processor.graph.impl.TotalTPSGraphConsumer#stopProducing(): totalTPS produced 0 samples
2021-03-31 09:59:52,204 INFO o.a.j.r.p.AbstractSampleConsumer: class org.apache.jmeter.report.processor.graph.impl.ActiveThreadsGraphConsumer#stopProducing(): activeThreadsOverTime produced 0 samples
2021-03-31 09:59:52,205 INFO o.a.j.r.p.AbstractSampleConsumer: class org.apache.jmeter.report.processor.graph.impl.TimeVSThreadGraphConsumer#stopProducing(): timeVsThreads produced 0 samples
2021-03-31 09:59:52,206 INFO o.a.j.r.p.AbstractSampleConsumer: class org.apache.jmeter.report.processor.graph.impl.ResponseTimeDistributionGraphConsumer#stopProducing(): responseTimeDistribution produced 0 samples
2021-03-31 09:59:52,206 INFO o.a.j.r.p.AbstractSampleConsumer: class org.apache.jmeter.report.processor.graph.impl.TransactionsPerSecondGraphConsumer#stopProducing(): transactionsPerSecond produced 0 samples
2021-03-31 09:59:52,206 INFO o.a.j.r.p.AbstractSampleConsumer: class org.apache.jmeter.report.processor.graph.impl.ResponseTimePercentilesGraphConsumer#stopProducing(): responseTimePercentiles produced 0 samples
2021-03-31 09:59:52,209 INFO o.a.j.r.p.AbstractSampleConsumer: class org.apache.jmeter.report.processor.graph.impl.ResponseTimePercentilesOverTimeGraphConsumer#stopProducing(): responseTimePercentilesOverTime produced 0 samples
2021-03-31 09:59:52,210 INFO o.a.j.r.p.AbstractSampleConsumer: class org.apache.jmeter.report.processor.graph.impl.ResponseTimeOverTimeGraphConsumer#stopProducing(): responseTimesOverTime produced 0 samples
2021-03-31 09:59:52,211 INFO o.a.j.r.p.AbstractSampleConsumer: class org.apache.jmeter.report.processor.graph.impl.ConnectTimeOverTimeGraphConsumer#stopProducing(): connectTimeOverTime produced 0 samples
2021-03-31 09:59:52,211 INFO o.a.j.r.p.AbstractSampleConsumer: class org.apache.jmeter.report.processor.graph.impl.LatencyOverTimeGraphConsumer#stopProducing(): latenciesOverTime produced 0 samples
2021-03-31 09:59:52,211 INFO o.a.j.r.p.AbstractSampleConsumer: class org.apache.jmeter.report.processor.FilterConsumer#stopProducing(): nameFilter produced 5580 samples
2021-03-31 09:59:52,211 INFO o.a.j.r.p.AbstractSampleConsumer: class org.apache.jmeter.report.processor.FilterConsumer#stopProducing(): dateRangeFilter produced 1116 samples
2021-03-31 09:59:52,211 INFO o.a.j.r.p.AbstractSampleConsumer: class org.apache.jmeter.report.processor.NormalizerSampleConsumer#stopProducing(): normalizer produced 372 samples
2021-03-31 09:59:52,212 INFO o.a.j.r.p.CsvFileSampleSource: produce(): 372 samples produced in 1s 48 ms on channel 0
2021-03-31 09:59:52,213 INFO o.a.j.r.d.ReportGenerator: Exporting data using exporter:'json' of className:'org.apache.jmeter.report.dashboard.JsonExporter'
2021-03-31 09:59:52,216 INFO o.a.j.r.d.JsonExporter: Found data for consumer statisticsSummaryin context
2021-03-31 09:59:52,216 INFO o.a.j.r.d.JsonExporter: Creating statistics for overall
2021-03-31 09:59:52,217 INFO o.a.j.r.d.JsonExporter: Creating statistics for other transactions
2021-03-31 09:59:52,218 INFO o.a.j.r.d.JsonExporter: Checking output folder
2021-03-31 09:59:52,219 INFO o.a.j.r.d.JsonExporter: Writing statistics JSON to D:\Projects\Solactive_RealTime_RestController\Jmeter_Performance\executions\D1\DESKTOP-VPGUUNH\20210331_095436\Report\statistics.json
2021-03-31 09:59:52,464 INFO o.a.j.r.d.ReportGenerator: Exporting data using exporter:'html' of className:'org.apache.jmeter.report.dashboard.HtmlTemplateExporter'
2021-03-31 09:59:52,469 INFO o.a.j.r.d.HtmlTemplateExporter: Will generate dashboard in folder: D:\Projects\Solactive_RealTime_RestController\Jmeter_Performance\executions\D1\DESKTOP-VPGUUNH\20210331_095436\Report
2021-03-31 09:59:52,609 ERROR f.configuration: DefaultObjectWrapper.incompatibleImprovements was set to the object returned by Configuration.getVersion(). That defeats the purpose of incompatibleImprovements, and makes upgrading FreeMarker a potentially breaking change. Also, this probably won't be allowed starting from 2.4.0. Instead, set incompatibleImprovements to the highest concrete version that's known to be compatible with your application.
2021-03-31 09:59:52,612 ERROR f.configuration: Configuration.incompatibleImprovements was set to the object returned by Configuration.getVersion(). That defeats the purpose of incompatibleImprovements, and makes upgrading FreeMarker a potentially breaking change. Also, this probably won't be allowed starting from 2.4.0. Instead, set incompatibleImprovements to the highest concrete version that's known to be compatible with your application.
2021-03-31 09:59:52,630 INFO o.a.j.r.d.HtmlTemplateExporter: Report will be generated in: D:\Projects\Solactive_RealTime_RestController\Jmeter_Performance\executions\D1\DESKTOP-VPGUUNH\20210331_095436\Report, creating folder structure
2021-03-31 09:59:52,634 INFO o.a.j.r.d.TemplateVisitor: Copying folder from 'D:\Installed\apache-jmeter-5.3\bin\report-template' to 'D:\Projects\Solactive_RealTime_RestController\Jmeter_Performance\executions\D1\DESKTOP-VPGUUNH\20210331_095436\Report', got message: D:\Projects\Solactive_RealTime_RestController\Jmeter_Performance\executions\D1\DESKTOP-VPGUUNH\20210331_095436\Report, found non empty folder with following content [D:\Projects\Solactive_RealTime_RestController\Jmeter_Performance\executions\D1\DESKTOP-VPGUUNH\20210331_095436\Report\statistics.json], will be ignored
2021-03-31 09:59:53,183 INFO o.a.j.JMeter: Dashboard generated
